SF:Compatibility/IgnoresAccessChecksToAttribute.cs
FN:11,System.String System.Runtime.CompilerServices.IgnoresAccessChecksToAttribute::get_AssemblyName()
FNDA:0,System.String System.Runtime.CompilerServices.IgnoresAccessChecksToAttribute::get_AssemblyName()
DA:12,0
FN:12,System.Void System.Runtime.CompilerServices.IgnoresAccessChecksToAttribute::.ctor(System.String)
FNDA:0,System.Void System.Runtime.CompilerServices.IgnoresAccessChecksToAttribute::.ctor(System.String)
DA:13,0
DA:14,0
LF:3
LH:0
BRF:0
BRH:0
FNF:2
FNH:0
end_of_record
SF:BigSpan.cs
FN:38,StirlingLabs.Utilities.BigSpan`1<T> StirlingLabs.Utilities.BigSpan::Create(T&,System.UIntPtr)
FNDA:0,StirlingLabs.Utilities.BigSpan`1<T> StirlingLabs.Utilities.BigSpan::Create(T&,System.UIntPtr)
DA:39,0
DA:40,0
DA:42,0
BRDA:39,5,0,0
BRDA:39,5,1,0
FN:50,System.Void StirlingLabs.Utilities.BigSpan::AsPinnedEnumerables(StirlingLabs.Utilities.ReadOnlyBigSpan`1<T>,System.Action`1<System.Collections.Generic.IEnumerable`1<T>>)
FNDA:0,System.Void StirlingLabs.Utilities.BigSpan::AsPinnedEnumerables(StirlingLabs.Utilities.ReadOnlyBigSpan`1<T>,System.Action`1<System.Collections.Generic.IEnumerable`1<T>>)
DA:51,0
DA:53,0
DA:56,0
DA:57,0
DA:58,0
BRDA:51,1,0,0
BRDA:51,1,1,0
FN:67,System.Void StirlingLabs.Utilities.BigSpan::AsPinnedEnumerables(StirlingLabs.Utilities.ReadOnlyBigSpan`1<T1>,StirlingLabs.Utilities.ReadOnlyBigSpan`1<T2>,System.Action`2<System.Collections.Generic.IEnumerable`1<T1>,System.Collections.Generic.IEnumerable`1<T2>>)
FNDA:0,System.Void StirlingLabs.Utilities.BigSpan::AsPinnedEnumerables(StirlingLabs.Utilities.ReadOnlyBigSpan`1<T1>,StirlingLabs.Utilities.ReadOnlyBigSpan`1<T2>,System.Action`2<System.Collections.Generic.IEnumerable`1<T1>,System.Collections.Generic.IEnumerable`1<T2>>)
DA:68,0
DA:70,0
DA:72,0
DA:75,0
DA:76,0
DA:77,0
DA:78,0
BRDA:68,1,0,0
BRDA:68,1,1,0
FN:89,System.Void StirlingLabs.Utilities.BigSpan::AsPinnedEnumerables(StirlingLabs.Utilities.ReadOnlyBigSpan`1<T1>,StirlingLabs.Utilities.ReadOnlyBigSpan`1<T2>,StirlingLabs.Utilities.ReadOnlyBigSpan`1<T3>,System.Action`3<System.Collections.Generic.IEnumerable`1<T1>,System.Collections.Generic.IEnumerable`1<T2>,System.Collections.Generic.IEnumerable`1<T3>>)
FNDA:0,System.Void StirlingLabs.Utilities.BigSpan::AsPinnedEnumerables(StirlingLabs.Utilities.ReadOnlyBigSpan`1<T1>,StirlingLabs.Utilities.ReadOnlyBigSpan`1<T2>,StirlingLabs.Utilities.ReadOnlyBigSpan`1<T3>,System.Action`3<System.Collections.Generic.IEnumerable`1<T1>,System.Collections.Generic.IEnumerable`1<T2>,System.Collections.Generic.IEnumerable`1<T3>>)
DA:90,0
DA:92,0
DA:94,0
DA:96,0
DA:99,0
DA:100,0
DA:101,0
DA:102,0
DA:103,0
BRDA:90,1,0,0
BRDA:90,1,1,0
FN:115,System.Void StirlingLabs.Utilities.BigSpan::AsPinnedEnumerables(StirlingLabs.Utilities.ReadOnlyBigSpan`1<T1>,StirlingLabs.Utilities.ReadOnlyBigSpan`1<T2>,StirlingLabs.Utilities.ReadOnlyBigSpan`1<T3>,StirlingLabs.Utilities.ReadOnlyBigSpan`1<T4>,System.Action`4<System.Collections.Generic.IEnumerable`1<T1>,System.Collections.Generic.IEnumerable`1<T2>,System.Collections.Generic.IEnumerable`1<T3>,System.Collections.Generic.IEnumerable`1<T4>>)
FNDA:0,System.Void StirlingLabs.Utilities.BigSpan::AsPinnedEnumerables(StirlingLabs.Utilities.ReadOnlyBigSpan`1<T1>,StirlingLabs.Utilities.ReadOnlyBigSpan`1<T2>,StirlingLabs.Utilities.ReadOnlyBigSpan`1<T3>,StirlingLabs.Utilities.ReadOnlyBigSpan`1<T4>,System.Action`4<System.Collections.Generic.IEnumerable`1<T1>,System.Collections.Generic.IEnumerable`1<T2>,System.Collections.Generic.IEnumerable`1<T3>,System.Collections.Generic.IEnumerable`1<T4>>)
DA:116,0
DA:118,0
DA:120,0
DA:122,0
DA:124,0
DA:127,0
DA:128,0
DA:129,0
DA:130,0
DA:131,0
DA:132,0
BRDA:116,2,0,0
BRDA:116,2,1,0
FN:150,System.UIntPtr& StirlingLabs.Utilities.BigSpan`1::get__length()
FNDA:52208,System.UIntPtr& StirlingLabs.Utilities.BigSpan`1::get__length()
DA:151,52208
FN:301,T& StirlingLabs.Utilities.BigSpan`1::get_Item(System.UIntPtr)
FNDA:721,T& StirlingLabs.Utilities.BigSpan`1::get_Item(System.UIntPtr)
DA:302,721
DA:303,1
DA:305,720
BRDA:302,8,0,1
BRDA:302,8,1,720
FN:320,T& StirlingLabs.Utilities.BigSpan`1::get_Item(System.Index)
FNDA:5,T& StirlingLabs.Utilities.BigSpan`1::get_Item(System.Index)
DA:321,5
DA:322,10
DA:323,5
BRDA:322,16,0,5
BRDA:322,16,1,5
FN:329,StirlingLabs.Utilities.BigSpan`1<T> StirlingLabs.Utilities.BigSpan`1::get_Item(System.Range)
FNDA:1,StirlingLabs.Utilities.BigSpan`1<T> StirlingLabs.Utilities.BigSpan`1::get_Item(System.Range)
DA:330,1
DA:331,1
DA:332,1
DA:333,1
DA:334,1
DA:335,1
BRDA:331,32,0,0
BRDA:331,32,1,1
BRDA:333,76,0,0
BRDA:333,76,1,1
FN:346,System.UIntPtr StirlingLabs.Utilities.BigSpan`1::get_Length()
FNDA:34,System.UIntPtr StirlingLabs.Utilities.BigSpan`1::get_Length()
DA:347,34
FN:356,System.UInt64 StirlingLabs.Utilities.BigSpan`1::get_LongLength()
FNDA:0,System.UInt64 StirlingLabs.Utilities.BigSpan`1::get_LongLength()
DA:357,0
FN:366,System.Boolean StirlingLabs.Utilities.BigSpan`1::get_IsEmpty()
FNDA:0,System.Boolean StirlingLabs.Utilities.BigSpan`1::get_IsEmpty()
DA:367,0
FN:374,System.Boolean StirlingLabs.Utilities.BigSpan`1::op_Inequality(StirlingLabs.Utilities.BigSpan`1<T>,StirlingLabs.Utilities.BigSpan`1<T>)
FNDA:0,System.Boolean StirlingLabs.Utilities.BigSpan`1::op_Inequality(StirlingLabs.Utilities.BigSpan`1<T>,StirlingLabs.Utilities.BigSpan`1<T>)
DA:375,0
FN:386,System.Boolean StirlingLabs.Utilities.BigSpan`1::Equals(System.Object)
FNDA:0,System.Boolean StirlingLabs.Utilities.BigSpan`1::Equals(System.Object)
DA:387,0
FN:398,System.Int32 StirlingLabs.Utilities.BigSpan`1::GetHashCode()
FNDA:0,System.Int32 StirlingLabs.Utilities.BigSpan`1::GetHashCode()
DA:399,0
FN:404,StirlingLabs.Utilities.BigSpan`1<T> StirlingLabs.Utilities.BigSpan`1::op_Explicit(T[])
FNDA:25,StirlingLabs.Utilities.BigSpan`1<T> StirlingLabs.Utilities.BigSpan`1::op_Explicit(T[])
DA:405,25
FN:410,StirlingLabs.Utilities.ReadOnlyBigSpan`1<T> StirlingLabs.Utilities.BigSpan`1::From(T[])
FNDA:0,StirlingLabs.Utilities.ReadOnlyBigSpan`1<T> StirlingLabs.Utilities.BigSpan`1::From(T[])
DA:411,0
FN:418,StirlingLabs.Utilities.BigSpan`1<T> StirlingLabs.Utilities.BigSpan`1::op_Explicit(System.ArraySegment`1<T>)
FNDA:1,StirlingLabs.Utilities.BigSpan`1<T> StirlingLabs.Utilities.BigSpan`1::op_Explicit(System.ArraySegment`1<T>)
DA:419,1
FN:424,StirlingLabs.Utilities.ReadOnlyBigSpan`1<T> StirlingLabs.Utilities.BigSpan`1::From(System.ArraySegment`1<T>)
FNDA:0,StirlingLabs.Utilities.ReadOnlyBigSpan`1<T> StirlingLabs.Utilities.BigSpan`1::From(System.ArraySegment`1<T>)
DA:425,0
FN:429,StirlingLabs.Utilities.BigSpan`1<T> StirlingLabs.Utilities.BigSpan`1::get_Empty()
FNDA:2,StirlingLabs.Utilities.BigSpan`1<T> StirlingLabs.Utilities.BigSpan`1::get_Empty()
DA:430,2
FN:433,StirlingLabs.Utilities.BigSpanEnumerator`1<T> StirlingLabs.Utilities.BigSpan`1::GetEnumerator()
FNDA:0,StirlingLabs.Utilities.BigSpanEnumerator`1<T> StirlingLabs.Utilities.BigSpan`1::GetEnumerator()
DA:434,0
FN:444,T& StirlingLabs.Utilities.BigSpan`1::GetPinnableReference()
FNDA:12347,T& StirlingLabs.Utilities.BigSpan`1::GetPinnableReference()
DA:445,12347
DA:446,24685
DA:447,12347
BRDA:446,13,0,12338
BRDA:446,13,1,12347
FN:451,System.Void* StirlingLabs.Utilities.BigSpan`1::GetUnsafePointer()
FNDA:8204,System.Void* StirlingLabs.Utilities.BigSpan`1::GetUnsafePointer()
DA:452,8204
FN:459,System.Void StirlingLabs.Utilities.BigSpan`1::Clear()
FNDA:2049,System.Void StirlingLabs.Utilities.BigSpan`1::Clear()
DA:460,2049
DA:461,0
DA:462,0
DA:464,2049
DA:465,2049
DA:466,2049
BRDA:460,5,0,0
BRDA:460,5,1,2049
FN:473,System.Void StirlingLabs.Utilities.BigSpan`1::Fill(T)
FNDA:0,System.Void StirlingLabs.Utilities.BigSpan`1::Fill(T)
DA:474,0
DA:478,0
DA:483,0
DA:484,0
DA:488,0
DA:489,0
BRDA:474,6,0,0
BRDA:478,15,0,0
BRDA:474,6,1,0
BRDA:478,15,1,0
FN:506,System.Void StirlingLabs.Utilities.BigSpan`1::CopyTo(StirlingLabs.Utilities.BigSpan`1<T>)
FNDA:2067,System.Void StirlingLabs.Utilities.BigSpan`1::CopyTo(StirlingLabs.Utilities.BigSpan`1<T>)
DA:507,2067
DA:508,2067
DA:509,2067
DA:510,2067
DA:511,2
DA:513,2065
DA:514,2068
DA:523,2062
DA:525,2062
DA:531,2062
DA:532,2062
DA:533,2062
DA:534,0
DA:535,2062
DA:536,2062
BRDA:510,30,0,2
BRDA:510,30,1,2065
BRDA:513,50,0,15
BRDA:513,50,1,2050
BRDA:514,58,0,3
BRDA:514,58,1,2062
BRDA:531,90,0,0
BRDA:531,90,1,2062
BRDA:532,107,0,0
BRDA:532,107,1,2062
BRDA:533,118,0,0
BRDA:533,118,1,2062
FN:547,System.Boolean StirlingLabs.Utilities.BigSpan`1::TryCopyTo(StirlingLabs.Utilities.BigSpan`1<T>)
FNDA:6,System.Boolean StirlingLabs.Utilities.BigSpan`1::TryCopyTo(StirlingLabs.Utilities.BigSpan`1<T>)
DA:548,6
DA:549,6
DA:550,6
DA:551,6
DA:552,1
DA:554,5
DA:555,6
DA:564,4
DA:566,4
DA:572,4
DA:573,4
DA:574,4
DA:575,0
DA:576,4
DA:577,4
BRDA:551,30,0,1
BRDA:551,30,1,5
BRDA:554,36,0,3
BRDA:554,36,1,2
BRDA:555,44,0,1
BRDA:555,44,1,4
BRDA:572,77,0,0
BRDA:572,77,1,4
BRDA:573,94,0,0
BRDA:573,94,1,4
BRDA:574,105,0,0
BRDA:574,105,1,4
FN:585,System.Boolean StirlingLabs.Utilities.BigSpan`1::op_Equality(StirlingLabs.Utilities.BigSpan`1<T>,StirlingLabs.Utilities.BigSpan`1<T>)
FNDA:0,System.Boolean StirlingLabs.Utilities.BigSpan`1::op_Equality(StirlingLabs.Utilities.BigSpan`1<T>,StirlingLabs.Utilities.BigSpan`1<T>)
DA:586,0
DA:587,0
BRDA:586,16,0,0
BRDA:586,16,1,0
FN:594,StirlingLabs.Utilities.BigSpan`1<T> StirlingLabs.Utilities.BigSpan`1::op_Implicit(System.Span`1<T>)
FNDA:2,StirlingLabs.Utilities.BigSpan`1<T> StirlingLabs.Utilities.BigSpan`1::op_Implicit(System.Span`1<T>)
DA:595,2
FN:609,System.ReadOnlySpan`1<T> StirlingLabs.Utilities.BigSpan`1::op_Explicit(StirlingLabs.Utilities.BigSpan`1<T>)
FNDA:0,System.ReadOnlySpan`1<T> StirlingLabs.Utilities.BigSpan`1::op_Explicit(StirlingLabs.Utilities.BigSpan`1<T>)
DA:610,0
DA:611,0
DA:612,0
DA:613,0
BRDA:610,14,0,0
BRDA:610,14,1,0
FN:628,System.Span`1<T> StirlingLabs.Utilities.BigSpan`1::op_Explicit(StirlingLabs.Utilities.BigSpan`1<T>)
FNDA:0,System.Span`1<T> StirlingLabs.Utilities.BigSpan`1::op_Explicit(StirlingLabs.Utilities.BigSpan`1<T>)
DA:629,0
DA:630,0
DA:631,0
DA:632,0
BRDA:629,14,0,0
BRDA:629,14,1,0
FN:638,System.Span`1<T> StirlingLabs.Utilities.BigSpan`1::ToSpan()
FNDA:0,System.Span`1<T> StirlingLabs.Utilities.BigSpan`1::ToSpan()
DA:639,0
FN:644,System.ReadOnlySpan`1<T> StirlingLabs.Utilities.BigSpan`1::ToReadOnlySpan()
FNDA:0,System.ReadOnlySpan`1<T> StirlingLabs.Utilities.BigSpan`1::ToReadOnlySpan()
DA:645,0
FN:660,System.String StirlingLabs.Utilities.BigSpan`1::ToString()
FNDA:0,System.String StirlingLabs.Utilities.BigSpan`1::ToString()
DA:661,0
DA:662,0
DA:663,0
BRDA:661,5,0,0
BRDA:661,20,0,0
BRDA:661,5,1,0
BRDA:661,20,1,0
FN:676,StirlingLabs.Utilities.BigSpan`1<T> StirlingLabs.Utilities.BigSpan`1::Slice(System.UIntPtr)
FNDA:4101,StirlingLabs.Utilities.BigSpan`1<T> StirlingLabs.Utilities.BigSpan`1::Slice(System.UIntPtr)
DA:677,4101
DA:678,1
DA:680,4100
BRDA:677,10,0,1
BRDA:677,10,1,4100
FN:699,StirlingLabs.Utilities.BigSpan`1<T> StirlingLabs.Utilities.BigSpan`1::Slice(System.UIntPtr,System.UIntPtr)
FNDA:6150,StirlingLabs.Utilities.BigSpan`1<T> StirlingLabs.Utilities.BigSpan`1::Slice(System.UIntPtr,System.UIntPtr)
DA:700,6150
DA:701,0
DA:703,6150
BRDA:700,10,0,0
BRDA:700,10,1,6150
FN:728,System.Span`1<T> StirlingLabs.Utilities.BigSpan`1::Slice(System.UIntPtr,System.Int32)
FNDA:6,System.Span`1<T> StirlingLabs.Utilities.BigSpan`1::Slice(System.UIntPtr,System.Int32)
DA:729,6
DA:730,0
DA:731,6
DA:732,0
DA:734,6
BRDA:729,2,0,0
BRDA:729,2,1,6
BRDA:731,42,0,0
BRDA:731,42,1,6
FN:762,System.Span`1<T> StirlingLabs.Utilities.BigSpan`1::Slice(System.Int32,System.Int32)
FNDA:6,System.Span`1<T> StirlingLabs.Utilities.BigSpan`1::Slice(System.Int32,System.Int32)
DA:763,6
DA:764,1
DA:765,5
DA:766,1
DA:767,4
DA:768,4
DA:769,0
BRDA:763,2,0,1
BRDA:763,2,1,5
BRDA:765,17,0,1
BRDA:765,17,1,4
BRDA:767,42,0,4
BRDA:767,42,1,0
FN:780,T[] StirlingLabs.Utilities.BigSpan`1::ToArray()
FNDA:5,T[] StirlingLabs.Utilities.BigSpan`1::ToArray()
DA:781,5
DA:782,1
DA:784,4
DA:785,4
DA:786,4
DA:787,4
DA:788,4
DA:789,4
DA:790,4
DA:791,4
DA:792,4
DA:793,0
DA:794,0
DA:795,4
DA:796,4
DA:797,0
DA:798,0
DA:799,0
DA:800,0
DA:801,4
DA:802,4
DA:803,4
BRDA:781,7,0,1
BRDA:781,7,1,4
BRDA:784,20,0,4
BRDA:784,32,0,4
BRDA:784,32,1,0
BRDA:784,20,1,0
BRDA:784,91,0,0
BRDA:784,91,1,0
BRDA:784,96,1,0
BRDA:784,96,0,0
BRDA:797,142,0,0
BRDA:797,142,1,0
FN:808,StirlingLabs.Utilities.BigSpan`1<System.Byte> StirlingLabs.Utilities.BigSpan`1::AsBytes()
FNDA:0,StirlingLabs.Utilities.BigSpan`1<System.Byte> StirlingLabs.Utilities.BigSpan`1::AsBytes()
DA:809,0
FN:812,StirlingLabs.Utilities.BigSpan`1<T2> StirlingLabs.Utilities.BigSpan`1::CastAs()
FNDA:0,StirlingLabs.Utilities.BigSpan`1<T2> StirlingLabs.Utilities.BigSpan`1::CastAs()
DA:813,0
FN:816,System.Int32 StirlingLabs.Utilities.BigSpan`1::CompareMemoryInternal(StirlingLabs.Utilities.BigSpan`1<T>,System.UIntPtr)
FNDA:4102,System.Int32 StirlingLabs.Utilities.BigSpan`1::CompareMemoryInternal(StirlingLabs.Utilities.BigSpan`1<T>,System.UIntPtr)
DA:817,4102
FN:820,System.Int32 StirlingLabs.Utilities.BigSpan`1::CompareMemoryInternal(StirlingLabs.Utilities.ReadOnlyBigSpan`1<T>,System.UIntPtr)
FNDA:0,System.Int32 StirlingLabs.Utilities.BigSpan`1::CompareMemoryInternal(StirlingLabs.Utilities.ReadOnlyBigSpan`1<T>,System.UIntPtr)
DA:821,0
FN:825,System.Int32 StirlingLabs.Utilities.BigSpan`1::CompareMemory(StirlingLabs.Utilities.BigSpan`1<T>,System.UIntPtr)
FNDA:0,System.Int32 StirlingLabs.Utilities.BigSpan`1::CompareMemory(StirlingLabs.Utilities.BigSpan`1<T>,System.UIntPtr)
DA:826,0
DA:827,0
DA:828,0
BRDA:826,8,0,0
BRDA:826,8,1,0
BRDA:826,19,0,0
BRDA:826,19,1,0
FN:833,System.Int32 StirlingLabs.Utilities.BigSpan`1::CompareMemory(StirlingLabs.Utilities.BigSpan`1<T>)
FNDA:4102,System.Int32 StirlingLabs.Utilities.BigSpan`1::CompareMemory(StirlingLabs.Utilities.BigSpan`1<T>)
DA:834,4102
DA:835,4102
DA:837,4102
DA:838,4102
DA:839,4102
DA:841,0
DA:842,0
DA:843,0
BRDA:838,27,0,4102
BRDA:838,27,1,0
BRDA:843,75,0,0
BRDA:843,75,1,0
FN:848,System.Int32 StirlingLabs.Utilities.BigSpan`1::CompareMemory(StirlingLabs.Utilities.ReadOnlyBigSpan`1<T>)
FNDA:0,System.Int32 StirlingLabs.Utilities.BigSpan`1::CompareMemory(StirlingLabs.Utilities.ReadOnlyBigSpan`1<T>)
DA:849,0
DA:850,0
DA:852,0
DA:853,0
DA:854,0
DA:856,0
DA:857,0
DA:858,0
BRDA:853,27,0,0
BRDA:853,27,1,0
BRDA:858,75,0,0
BRDA:858,75,1,0
FN:863,System.Int32 StirlingLabs.Utilities.BigSpan`1::CompareMemory(System.Span`1<T>)
FNDA:0,System.Int32 StirlingLabs.Utilities.BigSpan`1::CompareMemory(System.Span`1<T>)
DA:864,0
DA:865,0
DA:867,0
DA:868,0
DA:869,0
DA:871,0
DA:872,0
DA:873,0
BRDA:868,27,0,0
BRDA:868,27,1,0
BRDA:873,85,0,0
BRDA:873,85,1,0
FN:878,System.Int32 StirlingLabs.Utilities.BigSpan`1::CompareMemory(System.ReadOnlySpan`1<T>)
FNDA:0,System.Int32 StirlingLabs.Utilities.BigSpan`1::CompareMemory(System.ReadOnlySpan`1<T>)
DA:879,0
DA:880,0
DA:882,0
DA:883,0
DA:884,0
DA:886,0
DA:887,0
DA:888,0
BRDA:883,27,0,0
BRDA:883,27,1,0
BRDA:888,85,0,0
BRDA:888,85,1,0
FN:161,System.Void StirlingLabs.Utilities.BigSpan`1::.ctor(T[])
FNDA:49,System.Void StirlingLabs.Utilities.BigSpan`1::.ctor(T[])
DA:162,49
DA:164,0
DA:165,0
DA:168,49
DA:169,0
DA:174,49
DA:176,49
DA:177,49
BRDA:162,1,0,0
BRDA:162,1,1,49
BRDA:168,26,0,7
BRDA:168,49,0,0
BRDA:168,26,1,49
BRDA:168,49,1,49
BRDA:176,85,0,0
BRDA:176,85,1,49
FN:181,System.Void StirlingLabs.Utilities.BigSpan`1::.ctor(T[],System.Boolean)
FNDA:6,System.Void StirlingLabs.Utilities.BigSpan`1::.ctor(T[],System.Boolean)
DA:182,6
DA:184,0
DA:185,0
DA:196,6
DA:198,6
DA:199,6
BRDA:182,1,0,0
BRDA:182,1,1,6
BRDA:198,39,0,0
BRDA:198,39,1,6
FN:202,System.Void StirlingLabs.Utilities.BigSpan`1::.ctor(StirlingLabs.Utilities.Magic.ByReference`1<T>)
FNDA:2,System.Void StirlingLabs.Utilities.BigSpan`1::.ctor(StirlingLabs.Utilities.Magic.ByReference`1<T>)
DA:203,2
FN:219,System.Void StirlingLabs.Utilities.BigSpan`1::.ctor(T[],System.UIntPtr,System.UIntPtr)
FNDA:7,System.Void StirlingLabs.Utilities.BigSpan`1::.ctor(T[],System.UIntPtr,System.UIntPtr)
DA:220,7
DA:222,0
DA:223,0
DA:224,0
DA:225,0
DA:226,0
DA:227,0
DA:236,7
DA:237,0
DA:243,7
DA:244,7
DA:246,7
DA:247,7
BRDA:220,1,0,0
BRDA:222,4,0,0
BRDA:222,4,1,0
BRDA:224,18,0,0
BRDA:224,18,1,0
BRDA:220,1,1,7
BRDA:236,46,0,0
BRDA:236,46,1,7
FN:265,System.Void StirlingLabs.Utilities.BigSpan`1::.ctor(System.Void*,System.UIntPtr)
FNDA:11,System.Void StirlingLabs.Utilities.BigSpan`1::.ctor(System.Void*,System.UIntPtr)
DA:266,11
DA:267,0
DA:269,11
DA:270,0
DA:272,11
DA:273,11
DA:274,11
BRDA:266,5,0,0
BRDA:266,5,1,11
BRDA:269,21,0,0
BRDA:269,21,1,11
FN:281,System.Void StirlingLabs.Utilities.BigSpan`1::.ctor(T&,System.UIntPtr)
FNDA:10255,System.Void StirlingLabs.Utilities.BigSpan`1::.ctor(T&,System.UIntPtr)
DA:282,10255
DA:283,10255
DA:284,10255
LF:239
LH:114
BRF:130
BRH:53
FNF:54
FNH:27
end_of_record
SF:BigSpanEnumerator.cs
FN:31,System.Boolean StirlingLabs.Utilities.BigSpanEnumerator`1::MoveNext()
FNDA:0,System.Boolean StirlingLabs.Utilities.BigSpanEnumerator`1::MoveNext()
DA:32,0
DA:33,0
DA:34,0
DA:36,0
DA:37,0
BRDA:33,22,0,0
BRDA:33,22,1,0
FN:44,T& StirlingLabs.Utilities.BigSpanEnumerator`1::get_Current()
FNDA:0,T& StirlingLabs.Utilities.BigSpanEnumerator`1::get_Current()
DA:45,0
FN:19,System.Void StirlingLabs.Utilities.BigSpanEnumerator`1::.ctor(StirlingLabs.Utilities.BigSpan`1<T>)
FNDA:0,System.Void StirlingLabs.Utilities.BigSpanEnumerator`1::.ctor(StirlingLabs.Utilities.BigSpan`1<T>)
DA:20,0
DA:24,0
DA:26,0
LF:9
LH:0
BRF:2
BRH:0
FNF:3
FNH:0
end_of_record
SF:BigSpanExtensions.cs
FN:23,System.Void StirlingLabs.Utilities.BigSpanExtensions::CopyTo(T[],StirlingLabs.Utilities.BigSpan`1<T>)
FNDA:6,System.Void StirlingLabs.Utilities.BigSpanExtensions::CopyTo(T[],StirlingLabs.Utilities.BigSpan`1<T>)
DA:24,6
FN:27,System.Void StirlingLabs.Utilities.BigSpanExtensions::CopyTo(System.Span`1<T>,StirlingLabs.Utilities.BigSpan`1<T>)
FNDA:0,System.Void StirlingLabs.Utilities.BigSpanExtensions::CopyTo(System.Span`1<T>,StirlingLabs.Utilities.BigSpan`1<T>)
DA:28,0
DA:29,0
DA:30,0
DA:31,0
DA:33,0
DA:42,0
DA:44,0
DA:50,0
DA:51,0
DA:52,0
DA:53,0
DA:54,0
DA:55,0
DA:56,0
DA:57,0
BRDA:30,19,0,0
BRDA:30,19,1,0
BRDA:33,39,0,0
BRDA:33,39,1,0
BRDA:50,74,0,0
BRDA:50,74,1,0
BRDA:51,91,0,0
BRDA:51,91,1,0
BRDA:55,124,0,0
BRDA:55,124,1,0
FN:60,System.Void StirlingLabs.Utilities.BigSpanExtensions::CopyTo(System.ReadOnlySpan`1<T>,StirlingLabs.Utilities.BigSpan`1<T>)
FNDA:0,System.Void StirlingLabs.Utilities.BigSpanExtensions::CopyTo(System.ReadOnlySpan`1<T>,StirlingLabs.Utilities.BigSpan`1<T>)
DA:61,0
DA:62,0
DA:63,0
DA:64,0
DA:66,0
DA:75,0
DA:77,0
DA:83,0
DA:84,0
DA:85,0
DA:86,0
DA:87,0
DA:88,0
DA:89,0
DA:90,0
BRDA:63,19,0,0
BRDA:63,19,1,0
BRDA:66,39,0,0
BRDA:66,39,1,0
BRDA:83,79,0,0
BRDA:83,79,1,0
BRDA:84,96,0,0
BRDA:84,96,1,0
BRDA:88,129,0,0
BRDA:88,129,1,0
FN:94,System.Boolean StirlingLabs.Utilities.BigSpanExtensions::SequenceEqual(StirlingLabs.Utilities.BigSpan`1<T>,StirlingLabs.Utilities.BigSpan`1<T>)
FNDA:4098,System.Boolean StirlingLabs.Utilities.BigSpanExtensions::SequenceEqual(StirlingLabs.Utilities.BigSpan`1<T>,StirlingLabs.Utilities.BigSpan`1<T>)
DA:95,4098
FN:99,System.Boolean StirlingLabs.Utilities.BigSpanExtensions::SequenceEqual(StirlingLabs.Utilities.ReadOnlyBigSpan`1<T>,StirlingLabs.Utilities.BigSpan`1<T>)
FNDA:0,System.Boolean StirlingLabs.Utilities.BigSpanExtensions::SequenceEqual(StirlingLabs.Utilities.ReadOnlyBigSpan`1<T>,StirlingLabs.Utilities.BigSpan`1<T>)
DA:100,0
FN:104,System.Boolean StirlingLabs.Utilities.BigSpanExtensions::SequenceEqual(StirlingLabs.Utilities.BigSpan`1<T>,StirlingLabs.Utilities.ReadOnlyBigSpan`1<T>)
FNDA:0,System.Boolean StirlingLabs.Utilities.BigSpanExtensions::SequenceEqual(StirlingLabs.Utilities.BigSpan`1<T>,StirlingLabs.Utilities.ReadOnlyBigSpan`1<T>)
DA:105,0
FN:109,System.Boolean StirlingLabs.Utilities.BigSpanExtensions::SequenceEqual(StirlingLabs.Utilities.ReadOnlyBigSpan`1<T>,StirlingLabs.Utilities.ReadOnlyBigSpan`1<T>)
FNDA:0,System.Boolean StirlingLabs.Utilities.BigSpanExtensions::SequenceEqual(StirlingLabs.Utilities.ReadOnlyBigSpan`1<T>,StirlingLabs.Utilities.ReadOnlyBigSpan`1<T>)
DA:110,0
FN:114,System.Boolean StirlingLabs.Utilities.BigSpanExtensions::SequenceEqual(System.Span`1<T>,StirlingLabs.Utilities.BigSpan`1<T>)
FNDA:0,System.Boolean StirlingLabs.Utilities.BigSpanExtensions::SequenceEqual(System.Span`1<T>,StirlingLabs.Utilities.BigSpan`1<T>)
DA:115,0
FN:119,System.Boolean StirlingLabs.Utilities.BigSpanExtensions::SequenceEqual(System.ReadOnlySpan`1<T>,StirlingLabs.Utilities.BigSpan`1<T>)
FNDA:0,System.Boolean StirlingLabs.Utilities.BigSpanExtensions::SequenceEqual(System.ReadOnlySpan`1<T>,StirlingLabs.Utilities.BigSpan`1<T>)
DA:120,0
FN:124,System.Boolean StirlingLabs.Utilities.BigSpanExtensions::SequenceEqual(StirlingLabs.Utilities.BigSpan`1<T>,System.ReadOnlySpan`1<T>)
FNDA:0,System.Boolean StirlingLabs.Utilities.BigSpanExtensions::SequenceEqual(StirlingLabs.Utilities.BigSpan`1<T>,System.ReadOnlySpan`1<T>)
DA:125,0
FN:129,System.Boolean StirlingLabs.Utilities.BigSpanExtensions::SequenceEqual(StirlingLabs.Utilities.ReadOnlyBigSpan`1<T>,System.ReadOnlySpan`1<T>)
FNDA:0,System.Boolean StirlingLabs.Utilities.BigSpanExtensions::SequenceEqual(StirlingLabs.Utilities.ReadOnlyBigSpan`1<T>,System.ReadOnlySpan`1<T>)
DA:130,0
FN:134,System.Int32 StirlingLabs.Utilities.BigSpanExtensions::SequenceCompare(StirlingLabs.Utilities.BigSpan`1<T>,StirlingLabs.Utilities.BigSpan`1<T>)
FNDA:0,System.Int32 StirlingLabs.Utilities.BigSpanExtensions::SequenceCompare(StirlingLabs.Utilities.BigSpan`1<T>,StirlingLabs.Utilities.BigSpan`1<T>)
DA:135,0
FN:139,System.Int32 StirlingLabs.Utilities.BigSpanExtensions::SequenceCompare(StirlingLabs.Utilities.ReadOnlyBigSpan`1<T>,StirlingLabs.Utilities.BigSpan`1<T>)
FNDA:0,System.Int32 StirlingLabs.Utilities.BigSpanExtensions::SequenceCompare(StirlingLabs.Utilities.ReadOnlyBigSpan`1<T>,StirlingLabs.Utilities.BigSpan`1<T>)
DA:140,0
FN:144,System.Int32 StirlingLabs.Utilities.BigSpanExtensions::SequenceCompare(StirlingLabs.Utilities.BigSpan`1<T>,StirlingLabs.Utilities.ReadOnlyBigSpan`1<T>)
FNDA:0,System.Int32 StirlingLabs.Utilities.BigSpanExtensions::SequenceCompare(StirlingLabs.Utilities.BigSpan`1<T>,StirlingLabs.Utilities.ReadOnlyBigSpan`1<T>)
DA:145,0
FN:149,System.Int32 StirlingLabs.Utilities.BigSpanExtensions::SequenceCompare(StirlingLabs.Utilities.ReadOnlyBigSpan`1<T>,StirlingLabs.Utilities.ReadOnlyBigSpan`1<T>)
FNDA:0,System.Int32 StirlingLabs.Utilities.BigSpanExtensions::SequenceCompare(StirlingLabs.Utilities.ReadOnlyBigSpan`1<T>,StirlingLabs.Utilities.ReadOnlyBigSpan`1<T>)
DA:150,0
FN:154,System.Int32 StirlingLabs.Utilities.BigSpanExtensions::SequenceCompare(System.Span`1<T>,StirlingLabs.Utilities.BigSpan`1<T>)
FNDA:0,System.Int32 StirlingLabs.Utilities.BigSpanExtensions::SequenceCompare(System.Span`1<T>,StirlingLabs.Utilities.BigSpan`1<T>)
DA:155,0
FN:159,System.Int32 StirlingLabs.Utilities.BigSpanExtensions::SequenceCompare(System.ReadOnlySpan`1<T>,StirlingLabs.Utilities.BigSpan`1<T>)
FNDA:0,System.Int32 StirlingLabs.Utilities.BigSpanExtensions::SequenceCompare(System.ReadOnlySpan`1<T>,StirlingLabs.Utilities.BigSpan`1<T>)
DA:160,0
FN:164,System.Int32 StirlingLabs.Utilities.BigSpanExtensions::SequenceCompare(StirlingLabs.Utilities.BigSpan`1<T>,System.ReadOnlySpan`1<T>)
FNDA:0,System.Int32 StirlingLabs.Utilities.BigSpanExtensions::SequenceCompare(StirlingLabs.Utilities.BigSpan`1<T>,System.ReadOnlySpan`1<T>)
DA:165,0
FN:169,System.Int32 StirlingLabs.Utilities.BigSpanExtensions::SequenceCompare(StirlingLabs.Utilities.ReadOnlyBigSpan`1<T>,System.ReadOnlySpan`1<T>)
FNDA:0,System.Int32 StirlingLabs.Utilities.BigSpanExtensions::SequenceCompare(StirlingLabs.Utilities.ReadOnlyBigSpan`1<T>,System.ReadOnlySpan`1<T>)
DA:170,0
FN:180,System.Boolean StirlingLabs.Utilities.BigSpanExtensions::TryWrite(StirlingLabs.Utilities.BigSpan`1<System.Byte>,T&)
FNDA:0,System.Boolean StirlingLabs.Utilities.BigSpanExtensions::TryWrite(StirlingLabs.Utilities.BigSpan`1<System.Byte>,T&)
DA:181,0
DA:182,0
DA:183,0
DA:184,0
BRDA:181,15,0,0
BRDA:181,15,1,0
FN:195,System.Boolean StirlingLabs.Utilities.BigSpanExtensions::TryWrite(StirlingLabs.Utilities.BigSpan`1<System.Byte>,T&,System.UIntPtr)
FNDA:0,System.Boolean StirlingLabs.Utilities.BigSpanExtensions::TryWrite(StirlingLabs.Utilities.BigSpan`1<System.Byte>,T&,System.UIntPtr)
DA:196,0
DA:197,0
DA:198,0
DA:199,0
BRDA:196,15,0,0
BRDA:196,15,1,0
FN:208,System.Void StirlingLabs.Utilities.BigSpanExtensions::Write(StirlingLabs.Utilities.BigSpan`1<System.Byte>,T&)
FNDA:0,System.Void StirlingLabs.Utilities.BigSpanExtensions::Write(StirlingLabs.Utilities.BigSpan`1<System.Byte>,T&)
DA:209,0
DA:210,0
DA:211,0
BRDA:209,7,0,0
BRDA:209,7,1,0
FN:219,System.Void StirlingLabs.Utilities.BigSpanExtensions::Write(StirlingLabs.Utilities.BigSpan`1<System.Byte>,T&,System.UIntPtr)
FNDA:0,System.Void StirlingLabs.Utilities.BigSpanExtensions::Write(StirlingLabs.Utilities.BigSpan`1<System.Byte>,T&,System.UIntPtr)
DA:220,0
DA:221,0
DA:222,0
BRDA:220,8,0,0
BRDA:220,8,1,0
FN:229,System.Boolean StirlingLabs.Utilities.BigSpanExtensions::TryRead(StirlingLabs.Utilities.ReadOnlyBigSpan`1<System.Byte>,T&)
FNDA:0,System.Boolean StirlingLabs.Utilities.BigSpanExtensions::TryRead(StirlingLabs.Utilities.ReadOnlyBigSpan`1<System.Byte>,T&)
DA:230,0
DA:232,0
DA:233,0
DA:235,0
DA:236,0
BRDA:230,13,0,0
BRDA:230,13,1,0
FN:242,T& modreq(System.Runtime.InteropServices.InAttribute) StirlingLabs.Utilities.BigSpanExtensions::Read(StirlingLabs.Utilities.ReadOnlyBigSpan`1<System.Byte>)
FNDA:0,T& modreq(System.Runtime.InteropServices.InAttribute) StirlingLabs.Utilities.BigSpanExtensions::Read(StirlingLabs.Utilities.ReadOnlyBigSpan`1<System.Byte>)
DA:243,0
FN:256,System.Void StirlingLabs.Utilities.BigSpanExtensions::AsSmallSlices(StirlingLabs.Utilities.BigSpan`1<T>&,StirlingLabs.Utilities.SpanAction`1<T>)
FNDA:6,System.Void StirlingLabs.Utilities.BigSpanExtensions::AsSmallSlices(StirlingLabs.Utilities.BigSpan`1<T>&,StirlingLabs.Utilities.SpanAction`1<T>)
DA:257,6
FN:260,System.Void StirlingLabs.Utilities.BigSpanExtensions::AsSmallSlices(StirlingLabs.Utilities.BigSpan`1<T>&,System.Int32,StirlingLabs.Utilities.SpanAction`1<T>)
FNDA:6,System.Void StirlingLabs.Utilities.BigSpanExtensions::AsSmallSlices(StirlingLabs.Utilities.BigSpan`1<T>&,System.Int32,StirlingLabs.Utilities.SpanAction`1<T>)
DA:261,6
DA:262,6
DA:263,6
DA:265,6
DA:269,12
DA:270,18
DA:271,6
DA:272,6
DA:273,6
DA:274,6
BRDA:261,2,0,0
BRDA:261,2,1,6
BRDA:262,16,0,0
BRDA:262,16,1,6
BRDA:270,44,0,6
BRDA:270,44,1,6
FN:278,System.Void StirlingLabs.Utilities.BigSpanExtensions::AsSmallSlices(StirlingLabs.Utilities.ReadOnlyBigSpan`1<T>&,StirlingLabs.Utilities.ReadOnlySpanAction`1<T>)
FNDA:0,System.Void StirlingLabs.Utilities.BigSpanExtensions::AsSmallSlices(StirlingLabs.Utilities.ReadOnlyBigSpan`1<T>&,StirlingLabs.Utilities.ReadOnlySpanAction`1<T>)
DA:279,0
FN:282,System.Void StirlingLabs.Utilities.BigSpanExtensions::AsSmallSlices(StirlingLabs.Utilities.ReadOnlyBigSpan`1<T>&,System.Int32,StirlingLabs.Utilities.ReadOnlySpanAction`1<T>)
FNDA:0,System.Void StirlingLabs.Utilities.BigSpanExtensions::AsSmallSlices(StirlingLabs.Utilities.ReadOnlyBigSpan`1<T>&,System.Int32,StirlingLabs.Utilities.ReadOnlySpanAction`1<T>)
DA:283,0
DA:284,0
DA:285,0
DA:287,0
DA:291,0
DA:292,0
DA:293,0
DA:294,0
DA:295,0
DA:296,0
BRDA:283,2,0,0
BRDA:283,2,1,0
BRDA:284,16,0,0
BRDA:284,16,1,0
BRDA:292,44,0,0
BRDA:292,44,1,0
FN:300,TResult[] StirlingLabs.Utilities.BigSpanExtensions::SelectSmallSlices(StirlingLabs.Utilities.BigSpan`1<T>&,StirlingLabs.Utilities.SpanFunc`2<T,TResult>)
FNDA:0,TResult[] StirlingLabs.Utilities.BigSpanExtensions::SelectSmallSlices(StirlingLabs.Utilities.BigSpan`1<T>&,StirlingLabs.Utilities.SpanFunc`2<T,TResult>)
DA:301,0
FN:304,TResult[] StirlingLabs.Utilities.BigSpanExtensions::SelectSmallSlices(StirlingLabs.Utilities.BigSpan`1<T>,System.Int32,StirlingLabs.Utilities.SpanFunc`2<T,TResult>)
FNDA:0,TResult[] StirlingLabs.Utilities.BigSpanExtensions::SelectSmallSlices(StirlingLabs.Utilities.BigSpan`1<T>,System.Int32,StirlingLabs.Utilities.SpanFunc`2<T,TResult>)
DA:305,0
DA:306,0
DA:307,0
DA:309,0
DA:311,0
DA:313,0
DA:315,0
DA:316,0
DA:320,0
DA:321,0
DA:322,0
DA:323,0
DA:324,0
DA:325,0
BRDA:305,2,0,0
BRDA:305,2,1,0
BRDA:306,16,0,0
BRDA:306,16,1,0
BRDA:313,46,0,0
BRDA:313,46,1,0
BRDA:321,79,0,0
BRDA:321,79,1,0
FN:329,TResult[] StirlingLabs.Utilities.BigSpanExtensions::SelectSmallSlices(StirlingLabs.Utilities.ReadOnlyBigSpan`1<T>&,StirlingLabs.Utilities.ReadOnlySpanFunc`2<T,TResult>)
FNDA:0,TResult[] StirlingLabs.Utilities.BigSpanExtensions::SelectSmallSlices(StirlingLabs.Utilities.ReadOnlyBigSpan`1<T>&,StirlingLabs.Utilities.ReadOnlySpanFunc`2<T,TResult>)
DA:330,0
FN:333,TResult[] StirlingLabs.Utilities.BigSpanExtensions::SelectSmallSlices(StirlingLabs.Utilities.ReadOnlyBigSpan`1<T>,System.Int32,StirlingLabs.Utilities.ReadOnlySpanFunc`2<T,TResult>)
FNDA:0,TResult[] StirlingLabs.Utilities.BigSpanExtensions::SelectSmallSlices(StirlingLabs.Utilities.ReadOnlyBigSpan`1<T>,System.Int32,StirlingLabs.Utilities.ReadOnlySpanFunc`2<T,TResult>)
DA:334,0
DA:335,0
DA:336,0
DA:338,0
DA:340,0
DA:342,0
DA:344,0
DA:345,0
DA:349,0
DA:350,0
DA:351,0
DA:352,0
DA:353,0
DA:354,0
BRDA:334,2,0,0
BRDA:334,2,1,0
BRDA:335,16,0,0
BRDA:335,16,1,0
BRDA:342,46,0,0
BRDA:342,46,1,0
BRDA:350,79,0,0
BRDA:350,79,1,0
LF:119
LH:13
BRF:58
BRH:4
FNF:33
FNH:4
end_of_record
SF:BigSpanHelpers.ClearWithoutReferences.cs
FN:11,System.Void StirlingLabs.Utilities.BigSpanHelpers::ClearWithoutReferences(System.Byte&,System.UIntPtr)
FNDA:2049,System.Void StirlingLabs.Utilities.BigSpanHelpers::ClearWithoutReferences(System.Byte&,System.UIntPtr)
DA:12,2049
DA:13,0
DA:15,2049
DA:17,2049
DA:18,2049
DA:31,0
DA:32,0
DA:34,0
DA:35,0
DA:37,0
DA:38,0
DA:39,0
DA:41,0
DA:42,0
DA:44,0
DA:45,0
DA:46,0
DA:48,0
DA:49,0
DA:50,0
DA:52,0
DA:53,0
DA:54,0
DA:55,0
DA:57,0
DA:58,0
DA:61,0
DA:62,0
DA:64,0
DA:66,0
DA:67,0
DA:70,0
DA:71,0
DA:73,0
DA:74,0
DA:76,0
DA:77,0
DA:80,0
DA:81,0
DA:83,0
DA:84,0
DA:86,0
DA:87,0
DA:90,0
DA:91,0
DA:93,0
DA:94,0
DA:95,0
DA:97,0
DA:98,0
DA:101,0
DA:102,0
DA:104,0
DA:105,0
DA:107,0
DA:108,0
DA:111,0
DA:112,0
DA:114,0
DA:115,0
DA:116,0
DA:118,0
DA:119,0
DA:122,0
DA:123,0
DA:125,0
DA:126,0
DA:127,0
DA:129,0
DA:130,0
DA:133,0
DA:134,0
DA:136,0
DA:137,0
DA:138,0
DA:139,0
DA:141,0
DA:143,0
DA:144,0
DA:148,0
DA:149,0
DA:150,0
DA:151,0
DA:153,0
DA:155,0
DA:157,0
DA:158,0
DA:162,0
DA:163,0
DA:164,0
DA:165,0
DA:167,0
DA:168,0
DA:170,0
DA:172,0
DA:173,0
DA:177,0
DA:178,0
DA:179,0
DA:180,0
DA:182,0
DA:183,0
DA:185,0
DA:187,0
DA:188,0
DA:192,0
DA:193,0
DA:194,0
DA:195,0
DA:197,0
DA:198,0
DA:199,0
DA:201,0
DA:203,0
DA:204,0
DA:208,0
DA:209,0
DA:210,0
DA:211,0
DA:213,0
DA:214,0
DA:216,0
DA:218,0
DA:219,0
DA:223,0
DA:224,0
DA:225,0
DA:226,0
DA:228,0
DA:229,0
DA:230,0
DA:232,0
DA:234,0
DA:235,0
DA:239,0
DA:240,0
DA:241,0
DA:242,0
DA:244,0
DA:245,0
DA:246,0
DA:248,0
DA:250,0
DA:251,0
DA:255,0
DA:256,0
DA:257,0
DA:258,0
DA:260,0
DA:261,0
DA:262,0
DA:263,0
DA:265,0
DA:267,0
DA:268,0
DA:269,0
DA:273,0
DA:274,0
DA:275,0
DA:276,0
DA:277,0
DA:278,0
DA:280,0
DA:282,0
DA:284,0
DA:285,0
DA:286,0
DA:290,0
DA:291,0
DA:292,0
DA:293,0
DA:294,0
DA:295,0
DA:297,0
DA:298,0
DA:300,0
DA:302,0
DA:303,0
DA:304,0
DA:308,0
DA:309,0
DA:310,0
DA:311,0
DA:312,0
DA:313,0
DA:315,0
DA:316,0
DA:318,0
DA:320,0
DA:321,0
DA:322,0
DA:326,0
DA:327,0
DA:328,0
DA:329,0
DA:330,0
DA:331,0
DA:333,0
DA:334,0
DA:335,0
DA:337,0
DA:339,0
DA:340,0
DA:341,0
DA:345,0
DA:346,0
DA:347,0
DA:348,0
DA:349,0
DA:350,0
DA:352,0
DA:353,0
DA:355,0
DA:357,0
DA:358,0
DA:359,0
DA:363,0
DA:364,0
DA:365,0
DA:366,0
DA:367,0
DA:368,0
DA:370,0
DA:371,0
DA:372,0
DA:374,0
DA:376,0
DA:377,0
DA:378,0
DA:382,0
DA:383,0
DA:384,0
DA:385,0
DA:386,0
DA:387,0
DA:389,0
DA:390,0
DA:391,0
DA:393,0
DA:395,0
DA:396,0
DA:397,0
DA:401,0
DA:402,0
DA:403,0
DA:404,0
DA:405,0
DA:406,0
DA:408,0
DA:409,0
DA:410,0
DA:411,0
DA:413,0
DA:415,0
DA:416,0
DA:417,0
DA:418,0
DA:422,0
DA:423,0
DA:424,0
DA:425,0
DA:426,0
DA:427,0
DA:428,0
DA:429,0
DA:431,0
DA:435,0
DA:437,0
DA:438,0
DA:441,0
DA:443,0
DA:445,0
DA:447,0
DA:448,0
DA:449,0
DA:452,0
DA:453,0
DA:466,0
DA:468,0
DA:469,0
DA:472,0
DA:473,0
DA:487,0
DA:496,0
DA:498,0
DA:499,0
DA:503,0
DA:504,0
DA:505,0
DA:506,0
DA:509,0
DA:513,0
DA:515,0
DA:517,0
DA:518,0
DA:521,0
DA:522,0
DA:524,0
DA:526,0
DA:528,0
DA:529,0
DA:531,0
DA:533,0
DA:534,0
DA:536,0
DA:537,0
DA:540,0
BRDA:12,1,0,0
BRDA:12,1,1,2049
BRDA:15,9,0,2049
BRDA:15,9,1,0
BRDA:18,30,0,0
BRDA:18,30,1,0
BRDA:18,39,1,0
BRDA:18,39,2,0
BRDA:18,39,3,0
BRDA:18,39,4,0
BRDA:18,39,5,0
BRDA:18,39,6,0
BRDA:18,39,7,0
BRDA:18,39,8,0
BRDA:57,295,0,0
BRDA:57,295,1,0
BRDA:18,39,9,0
BRDA:66,335,0,0
BRDA:66,335,1,0
BRDA:18,39,10,0
BRDA:76,385,0,0
BRDA:76,385,1,0
BRDA:18,39,11,0
BRDA:86,440,0,0
BRDA:86,440,1,0
BRDA:18,39,12,0
BRDA:97,505,0,0
BRDA:97,505,1,0
BRDA:18,39,13,0
BRDA:107,560,0,0
BRDA:107,560,1,0
BRDA:18,39,14,0
BRDA:118,625,0,0
BRDA:118,625,1,0
BRDA:18,39,15,0
BRDA:129,695,0,0
BRDA:129,695,1,0
BRDA:18,39,16,0
BRDA:141,775,0,0
BRDA:141,775,1,0
BRDA:18,39,17,0
BRDA:155,859,0,0
BRDA:155,859,1,0
BRDA:18,39,18,0
BRDA:170,954,0,0
BRDA:170,954,1,0
BRDA:18,39,19,0
BRDA:185,1054,0,0
BRDA:185,1054,1,0
BRDA:18,39,20,0
BRDA:201,1164,0,0
BRDA:201,1164,1,0
BRDA:18,39,21,0
BRDA:216,1264,0,0
BRDA:216,1264,1,0
BRDA:18,39,22,0
BRDA:232,1374,0,0
BRDA:232,1374,1,0
BRDA:18,39,23,0
BRDA:248,1489,0,0
BRDA:248,1489,1,0
BRDA:18,39,24,0
BRDA:265,1614,0,0
BRDA:265,1614,1,0
BRDA:18,39,25,0
BRDA:282,1744,0,0
BRDA:282,1744,1,0
BRDA:18,39,26,0
BRDA:300,1885,0,0
BRDA:300,1885,1,0
BRDA:18,39,27,0
BRDA:318,2031,0,0
BRDA:318,2031,1,0
BRDA:18,39,28,0
BRDA:337,2187,0,0
BRDA:337,2187,1,0
BRDA:18,39,29,0
BRDA:355,2333,0,0
BRDA:355,2333,1,0
BRDA:18,39,30,0
BRDA:374,2489,0,0
BRDA:374,2489,1,0
BRDA:18,39,31,0
BRDA:393,2650,0,0
BRDA:393,2650,1,0
BRDA:18,39,32,0
BRDA:413,2821,0,0
BRDA:413,2821,1,0
BRDA:18,39,0,0
BRDA:435,2999,0,0
BRDA:435,2999,1,0
BRDA:443,3021,0,0
BRDA:445,3032,0,0
BRDA:445,3032,1,0
BRDA:449,3051,0,0
BRDA:443,3021,1,0
BRDA:449,3051,1,0
BRDA:466,3085,0,0
BRDA:466,3085,1,0
BRDA:513,3242,1,0
BRDA:496,3129,0,0
BRDA:496,3129,1,0
BRDA:513,3242,0,0
BRDA:515,3248,0,0
BRDA:517,3255,0,0
BRDA:517,3255,1,0
BRDA:515,3248,1,0
BRDA:526,3317,0,0
BRDA:526,3317,1,0
BRDA:531,3343,0,0
BRDA:531,3343,1,0
BRDA:536,3369,0,0
BRDA:536,3369,1,0
LF:307
LH:4
BRF:113
BRH:2
FNF:1
FNH:1
end_of_record
SF:BigSpanHelpers.ClearWithReferences.cs
FN:16,System.Void StirlingLabs.Utilities.BigSpanHelpers::ClearWithReferences(System.IntPtr&,System.UIntPtr)
FNDA:0,System.Void StirlingLabs.Utilities.BigSpanHelpers::ClearWithReferences(System.IntPtr&,System.UIntPtr)
DA:17,0
DA:19,0
DA:20,0
DA:21,0
DA:22,0
DA:23,0
DA:24,0
DA:25,0
DA:26,0
DA:44,0
DA:48,0
DA:50,0
DA:53,0
DA:60,0
DA:61,0
DA:62,0
DA:63,0
DA:69,0
DA:70,0
DA:76,0
DA:77,0
BRDA:17,181,1,0
BRDA:17,181,0,0
BRDA:44,189,0,0
BRDA:48,194,0,0
BRDA:50,199,0,0
BRDA:44,189,1,0
BRDA:48,194,1,0
BRDA:50,199,1,0
LF:21
LH:0
BRF:8
BRH:0
FNF:1
FNH:0
end_of_record
SF:BigSpanHelpers.Copy.cs
FN:10,System.Void StirlingLabs.Utilities.BigSpanHelpers::Copy(System.Byte*,System.Byte*,System.UIntPtr)
FNDA:2066,System.Void StirlingLabs.Utilities.BigSpanHelpers::Copy(System.Byte*,System.Byte*,System.UIntPtr)
DA:11,2066
DA:35,2066
FN:38,System.Void StirlingLabs.Utilities.BigSpanHelpers::Copy(System.Void*,System.Void*,System.UIntPtr)
FNDA:2066,System.Void StirlingLabs.Utilities.BigSpanHelpers::Copy(System.Void*,System.Void*,System.UIntPtr)
DA:39,2066
FN:43,System.Void StirlingLabs.Utilities.BigSpanHelpers::Copy(T*,T*,System.UIntPtr)
FNDA:0,System.Void StirlingLabs.Utilities.BigSpanHelpers::Copy(T*,T*,System.UIntPtr)
DA:44,0
DA:45,0
DA:46,0
LF:6
LH:3
BRF:0
BRH:0
FNF:3
FNH:2
end_of_record
SF:BigSpanHelpers.cs
FN:40,System.Boolean StirlingLabs.Utilities.BigSpanHelpers::IsPow2(System.Int32)
FNDA:0,System.Boolean StirlingLabs.Utilities.BigSpanHelpers::IsPow2(System.Int32)
DA:41,0
BRDA:41,5,0,0
BRDA:41,5,1,0
FN:47,System.Boolean StirlingLabs.Utilities.BigSpanHelpers::IsPow2(System.UInt32)
FNDA:0,System.Boolean StirlingLabs.Utilities.BigSpanHelpers::IsPow2(System.UInt32)
DA:48,0
BRDA:48,5,0,0
BRDA:48,5,1,0
FN:54,System.Boolean StirlingLabs.Utilities.BigSpanHelpers::IsReferenceOrContainsReferences(System.Type)
FNDA:0,System.Boolean StirlingLabs.Utilities.BigSpanHelpers::IsReferenceOrContainsReferences(System.Type)
DA:55,0
FN:71,System.Boolean StirlingLabs.Utilities.BigSpanHelpers::IsReferenceOrContainsReferences()
FNDA:2060,System.Boolean StirlingLabs.Utilities.BigSpanHelpers::IsReferenceOrContainsReferences()
DA:72,2060
FN:77,System.Boolean StirlingLabs.Utilities.BigSpanHelpers::IsReferenceOrContainsReferencesInternal(System.Type)
FNDA:0,System.Boolean StirlingLabs.Utilities.BigSpanHelpers::IsReferenceOrContainsReferencesInternal(System.Type)
DA:78,0
DA:80,0
DA:81,0
DA:82,0
DA:83,0
BRDA:78,6,0,0
BRDA:78,6,1,0
FN:17,System.Void StirlingLabs.Utilities.BigSpanHelpers::.cctor()
FNDA:1,System.Void StirlingLabs.Utilities.BigSpanHelpers::.cctor()
DA:18,1
DA:50,1
DA:51,1
LF:12
LH:4
BRF:6
BRH:0
FNF:6
FNH:2
end_of_record
SF:BigSpanHelpers.Fill.cs
FN:20,System.Void StirlingLabs.Utilities.BigSpanHelpers::Fill(T&,System.UIntPtr,T)
FNDA:0,System.Void StirlingLabs.Utilities.BigSpanHelpers::Fill(T&,System.UIntPtr,T)
DA:21,0
DA:23,0
DA:25,0
DA:27,0
DA:30,0
DA:34,0
DA:37,0
DA:38,0
DA:39,0
DA:40,0
DA:41,0
DA:43,0
DA:44,0
DA:45,0
DA:46,0
DA:48,0
DA:49,0
DA:50,0
DA:52,0
DA:54,0
DA:55,0
DA:58,0
DA:59,0
DA:61,0
DA:62,0
DA:68,0
DA:70,0
DA:71,0
DA:87,0
DA:88,0
DA:89,0
DA:90,0
DA:91,0
DA:92,0
DA:98,0
DA:101,0
DA:102,0
DA:103,0
DA:104,0
DA:112,0
DA:113,0
DA:122,0
DA:126,0
DA:134,0
DA:138,0
DA:140,0
DA:143,0
DA:144,0
DA:145,0
DA:146,0
DA:147,0
DA:148,0
DA:149,0
DA:150,0
DA:151,0
DA:156,0
DA:158,0
DA:159,0
DA:160,0
DA:161,0
DA:162,0
DA:167,0
DA:169,0
DA:170,0
DA:171,0
DA:176,0
DA:177,0
DA:178,0
BRDA:21,5,0,0
BRDA:23,15,0,0
BRDA:25,30,0,0
BRDA:27,45,0,0
BRDA:30,63,0,0
BRDA:37,76,0,0
BRDA:37,76,1,0
BRDA:39,104,0,0
BRDA:39,104,1,0
BRDA:41,136,0,0
BRDA:43,149,0,0
BRDA:43,149,1,0
BRDA:41,136,1,0
BRDA:46,215,0,0
BRDA:48,228,0,0
BRDA:48,228,1,0
BRDA:46,215,1,0
BRDA:52,292,0,0
BRDA:55,319,0,0
BRDA:55,319,1,0
BRDA:55,325,1,0
BRDA:52,292,1,0
BRDA:68,366,0,0
BRDA:70,378,0,0
BRDA:98,461,0,0
BRDA:104,508,1,0
BRDA:98,461,1,0
BRDA:104,508,0,0
BRDA:112,519,0,0
BRDA:112,519,1,0
BRDA:21,5,1,0
BRDA:23,15,1,0
BRDA:25,30,1,0
BRDA:27,45,1,0
BRDA:30,63,1,0
BRDA:55,325,0,0
BRDA:68,366,1,0
BRDA:70,378,1,0
BRDA:138,561,0,0
BRDA:151,717,1,0
BRDA:138,561,1,0
BRDA:151,717,0,0
BRDA:156,726,0,0
BRDA:156,726,1,0
BRDA:167,805,0,0
BRDA:167,805,1,0
BRDA:176,850,0,0
BRDA:176,850,1,0
LF:68
LH:0
BRF:48
BRH:0
FNF:1
FNH:0
end_of_record
SF:BigSpanHelpers.ZeroMemory.cs
FN:8,System.Void StirlingLabs.Utilities.BigSpanHelpers::ZeroMemory(System.Byte&,System.UIntPtr)
FNDA:2049,System.Void StirlingLabs.Utilities.BigSpanHelpers::ZeroMemory(System.Byte&,System.UIntPtr)
DA:9,2049
DA:11,2049
DA:12,2049
DA:13,2049
DA:15,0
DA:17,0
DA:18,0
DA:20,2049
DA:21,2049
DA:24,0
DA:25,0
BRDA:9,5,0,2049
BRDA:13,39,1,0
BRDA:13,39,0,2049
BRDA:20,44,0,2049
BRDA:9,5,1,0
BRDA:20,44,1,0
LF:11
LH:6
BRF:6
BRH:3
FNF:1
FNH:1
end_of_record
SF:BinaryPrimitives.FloatsToIntegers.cs
FN:20,System.Int32 StirlingLabs.Utilities.BinaryPrimitives::SingleToInt32Bits(System.Single)
FNDA:0,System.Int32 StirlingLabs.Utilities.BinaryPrimitives::SingleToInt32Bits(System.Single)
DA:21,0
DA:22,0
DA:24,0
BRDA:21,5,0,0
BRDA:21,5,1,0
FN:32,System.Int64 StirlingLabs.Utilities.BinaryPrimitives::DoubleToInt64Bits(System.Double)
FNDA:0,System.Int64 StirlingLabs.Utilities.BinaryPrimitives::DoubleToInt64Bits(System.Double)
DA:33,0
DA:34,0
DA:36,0
BRDA:33,5,0,0
BRDA:33,5,1,0
FN:49,System.Single StirlingLabs.Utilities.BinaryPrimitives::Int32BitsToSingle(System.Int32)
FNDA:0,System.Single StirlingLabs.Utilities.BinaryPrimitives::Int32BitsToSingle(System.Int32)
DA:50,0
DA:51,0
DA:53,0
BRDA:50,5,0,0
BRDA:50,5,1,0
FN:66,System.Double StirlingLabs.Utilities.BinaryPrimitives::Int64BitsToDouble(System.Int64)
FNDA:0,System.Double StirlingLabs.Utilities.BinaryPrimitives::Int64BitsToDouble(System.Int64)
DA:67,0
DA:68,0
DA:70,0
BRDA:67,5,0,0
BRDA:67,5,1,0
LF:12
LH:0
BRF:8
BRH:0
FNF:4
FNH:0
end_of_record
SF:BinaryPrimitives.Read.cs
FN:19,System.Double StirlingLabs.Utilities.BinaryPrimitives::ReadDoubleLittleEndian(StirlingLabs.Utilities.ReadOnlyBigSpan`1<System.Byte>)
FNDA:0,System.Double StirlingLabs.Utilities.BinaryPrimitives::ReadDoubleLittleEndian(StirlingLabs.Utilities.ReadOnlyBigSpan`1<System.Byte>)
DA:20,0
DA:21,0
DA:22,0
BRDA:20,5,0,0
BRDA:20,5,1,0
FN:29,System.Int16 StirlingLabs.Utilities.BinaryPrimitives::ReadInt16LittleEndian(StirlingLabs.Utilities.ReadOnlyBigSpan`1<System.Byte>)
FNDA:0,System.Int16 StirlingLabs.Utilities.BinaryPrimitives::ReadInt16LittleEndian(StirlingLabs.Utilities.ReadOnlyBigSpan`1<System.Byte>)
DA:30,0
DA:31,0
BRDA:31,13,0,0
BRDA:31,13,1,0
FN:39,System.Int32 StirlingLabs.Utilities.BinaryPrimitives::ReadInt32LittleEndian(StirlingLabs.Utilities.ReadOnlyBigSpan`1<System.Byte>)
FNDA:0,System.Int32 StirlingLabs.Utilities.BinaryPrimitives::ReadInt32LittleEndian(StirlingLabs.Utilities.ReadOnlyBigSpan`1<System.Byte>)
DA:40,0
DA:41,0
BRDA:41,13,0,0
BRDA:41,13,1,0
FN:49,System.Int64 StirlingLabs.Utilities.BinaryPrimitives::ReadInt64LittleEndian(StirlingLabs.Utilities.ReadOnlyBigSpan`1<System.Byte>)
FNDA:0,System.Int64 StirlingLabs.Utilities.BinaryPrimitives::ReadInt64LittleEndian(StirlingLabs.Utilities.ReadOnlyBigSpan`1<System.Byte>)
DA:50,0
DA:51,0
BRDA:51,13,0,0
BRDA:51,13,1,0
FN:64,System.Single StirlingLabs.Utilities.BinaryPrimitives::ReadSingleLittleEndian(StirlingLabs.Utilities.ReadOnlyBigSpan`1<System.Byte>)
FNDA:0,System.Single StirlingLabs.Utilities.BinaryPrimitives::ReadSingleLittleEndian(StirlingLabs.Utilities.ReadOnlyBigSpan`1<System.Byte>)
DA:65,0
BRDA:65,5,0,0
BRDA:65,5,1,0
FN:72,System.UInt16 StirlingLabs.Utilities.BinaryPrimitives::ReadUInt16LittleEndian(StirlingLabs.Utilities.ReadOnlyBigSpan`1<System.Byte>)
FNDA:0,System.UInt16 StirlingLabs.Utilities.BinaryPrimitives::ReadUInt16LittleEndian(StirlingLabs.Utilities.ReadOnlyBigSpan`1<System.Byte>)
DA:73,0
DA:74,0
BRDA:74,13,0,0
BRDA:74,13,1,0
FN:82,System.UInt32 StirlingLabs.Utilities.BinaryPrimitives::ReadUInt32LittleEndian(StirlingLabs.Utilities.ReadOnlyBigSpan`1<System.Byte>)
FNDA:0,System.UInt32 StirlingLabs.Utilities.BinaryPrimitives::ReadUInt32LittleEndian(StirlingLabs.Utilities.ReadOnlyBigSpan`1<System.Byte>)
DA:83,0
DA:84,0
BRDA:84,13,0,0
BRDA:84,13,1,0
FN:92,System.UInt64 StirlingLabs.Utilities.BinaryPrimitives::ReadUInt64LittleEndian(StirlingLabs.Utilities.ReadOnlyBigSpan`1<System.Byte>)
FNDA:0,System.UInt64 StirlingLabs.Utilities.BinaryPrimitives::ReadUInt64LittleEndian(StirlingLabs.Utilities.ReadOnlyBigSpan`1<System.Byte>)
DA:93,0
DA:94,0
BRDA:94,13,0,0
BRDA:94,13,1,0
FN:108,System.Boolean StirlingLabs.Utilities.BinaryPrimitives::TryReadDoubleLittleEndian(StirlingLabs.Utilities.ReadOnlyBigSpan`1<System.Byte>,System.Double&)
FNDA:0,System.Boolean StirlingLabs.Utilities.BinaryPrimitives::TryReadDoubleLittleEndian(StirlingLabs.Utilities.ReadOnlyBigSpan`1<System.Byte>,System.Double&)
DA:109,0
DA:110,0
DA:112,0
DA:113,0
DA:114,0
BRDA:109,5,0,0
BRDA:109,5,1,0
FN:123,System.Boolean StirlingLabs.Utilities.BinaryPrimitives::TryReadInt16LittleEndian(StirlingLabs.Utilities.ReadOnlyBigSpan`1<System.Byte>,System.Int16&)
FNDA:0,System.Boolean StirlingLabs.Utilities.BinaryPrimitives::TryReadInt16LittleEndian(StirlingLabs.Utilities.ReadOnlyBigSpan`1<System.Byte>,System.Int16&)
DA:124,0
DA:125,0
DA:127,0
DA:128,0
DA:129,0
DA:131,0
DA:132,0
BRDA:124,5,0,0
BRDA:124,5,1,0
BRDA:128,24,0,0
BRDA:128,24,1,0
FN:141,System.Boolean StirlingLabs.Utilities.BinaryPrimitives::TryReadInt32LittleEndian(StirlingLabs.Utilities.ReadOnlyBigSpan`1<System.Byte>,System.Int32&)
FNDA:0,System.Boolean StirlingLabs.Utilities.BinaryPrimitives::TryReadInt32LittleEndian(StirlingLabs.Utilities.ReadOnlyBigSpan`1<System.Byte>,System.Int32&)
DA:142,0
DA:143,0
DA:145,0
DA:146,0
DA:147,0
DA:149,0
DA:150,0
BRDA:142,5,0,0
BRDA:142,5,1,0
BRDA:146,24,0,0
BRDA:146,24,1,0
FN:159,System.Boolean StirlingLabs.Utilities.BinaryPrimitives::TryReadInt64LittleEndian(StirlingLabs.Utilities.ReadOnlyBigSpan`1<System.Byte>,System.Int64&)
FNDA:0,System.Boolean StirlingLabs.Utilities.BinaryPrimitives::TryReadInt64LittleEndian(StirlingLabs.Utilities.ReadOnlyBigSpan`1<System.Byte>,System.Int64&)
DA:160,0
DA:161,0
DA:163,0
DA:164,0
DA:165,0
DA:167,0
DA:168,0
BRDA:160,5,0,0
BRDA:160,5,1,0
BRDA:164,24,0,0
BRDA:164,24,1,0
FN:181,System.Boolean StirlingLabs.Utilities.BinaryPrimitives::TryReadSingleLittleEndian(StirlingLabs.Utilities.ReadOnlyBigSpan`1<System.Byte>,System.Single&)
FNDA:0,System.Boolean StirlingLabs.Utilities.BinaryPrimitives::TryReadSingleLittleEndian(StirlingLabs.Utilities.ReadOnlyBigSpan`1<System.Byte>,System.Single&)
DA:182,0
DA:183,0
DA:184,0
DA:185,0
DA:186,0
BRDA:182,5,0,0
BRDA:182,5,1,0
FN:195,System.Boolean StirlingLabs.Utilities.BinaryPrimitives::TryReadUInt16LittleEndian(StirlingLabs.Utilities.ReadOnlyBigSpan`1<System.Byte>,System.UInt16&)
FNDA:0,System.Boolean StirlingLabs.Utilities.BinaryPrimitives::TryReadUInt16LittleEndian(StirlingLabs.Utilities.ReadOnlyBigSpan`1<System.Byte>,System.UInt16&)
DA:196,0
DA:197,0
DA:199,0
DA:200,0
DA:201,0
DA:203,0
DA:204,0
BRDA:196,5,0,0
BRDA:196,5,1,0
BRDA:200,24,0,0
BRDA:200,24,1,0
FN:213,System.Boolean StirlingLabs.Utilities.BinaryPrimitives::TryReadUInt32LittleEndian(StirlingLabs.Utilities.ReadOnlyBigSpan`1<System.Byte>,System.UInt32&)
FNDA:0,System.Boolean StirlingLabs.Utilities.BinaryPrimitives::TryReadUInt32LittleEndian(StirlingLabs.Utilities.ReadOnlyBigSpan`1<System.Byte>,System.UInt32&)
DA:214,0
DA:215,0
DA:217,0
DA:218,0
DA:219,0
DA:221,0
DA:222,0
BRDA:214,5,0,0
BRDA:214,5,1,0
BRDA:218,24,0,0
BRDA:218,24,1,0
FN:231,System.Boolean StirlingLabs.Utilities.BinaryPrimitives::TryReadUInt64LittleEndian(StirlingLabs.Utilities.ReadOnlyBigSpan`1<System.Byte>,System.UInt64&)
FNDA:0,System.Boolean StirlingLabs.Utilities.BinaryPrimitives::TryReadUInt64LittleEndian(StirlingLabs.Utilities.ReadOnlyBigSpan`1<System.Byte>,System.UInt64&)
DA:232,0
DA:233,0
DA:235,0
DA:236,0
DA:237,0
DA:239,0
DA:240,0
BRDA:232,5,0,0
BRDA:232,5,1,0
BRDA:236,24,0,0
BRDA:236,24,1,0
LF:68
LH:0
BRF:44
BRH:0
FNF:16
FNH:0
end_of_record
SF:BinaryPrimitives.ReverseEndianness.cs
FN:7,System.Byte StirlingLabs.Utilities.BinaryPrimitives::ReverseEndianness(System.Byte)
FNDA:0,System.Byte StirlingLabs.Utilities.BinaryPrimitives::ReverseEndianness(System.Byte)
DA:8,0
FN:9,System.SByte StirlingLabs.Utilities.BinaryPrimitives::ReverseEndianness(System.SByte)
FNDA:0,System.SByte StirlingLabs.Utilities.BinaryPrimitives::ReverseEndianness(System.SByte)
DA:10,0
FN:11,System.Int16 StirlingLabs.Utilities.BinaryPrimitives::ReverseEndianness(System.Int16)
FNDA:0,System.Int16 StirlingLabs.Utilities.BinaryPrimitives::ReverseEndianness(System.Int16)
DA:12,0
FN:13,System.UInt16 StirlingLabs.Utilities.BinaryPrimitives::ReverseEndianness(System.UInt16)
FNDA:0,System.UInt16 StirlingLabs.Utilities.BinaryPrimitives::ReverseEndianness(System.UInt16)
DA:14,0
FN:15,System.Int32 StirlingLabs.Utilities.BinaryPrimitives::ReverseEndianness(System.Int32)
FNDA:0,System.Int32 StirlingLabs.Utilities.BinaryPrimitives::ReverseEndianness(System.Int32)
DA:16,0
FN:17,System.UInt32 StirlingLabs.Utilities.BinaryPrimitives::ReverseEndianness(System.UInt32)
FNDA:0,System.UInt32 StirlingLabs.Utilities.BinaryPrimitives::ReverseEndianness(System.UInt32)
DA:18,0
FN:19,System.Int64 StirlingLabs.Utilities.BinaryPrimitives::ReverseEndianness(System.Int64)
FNDA:0,System.Int64 StirlingLabs.Utilities.BinaryPrimitives::ReverseEndianness(System.Int64)
DA:20,0
FN:21,System.UInt64 StirlingLabs.Utilities.BinaryPrimitives::ReverseEndianness(System.UInt64)
FNDA:0,System.UInt64 StirlingLabs.Utilities.BinaryPrimitives::ReverseEndianness(System.UInt64)
DA:22,0
LF:8
LH:0
BRF:0
BRH:0
FNF:8
FNH:0
end_of_record
SF:BinaryPrimitives.Write.cs
FN:22,System.Void StirlingLabs.Utilities.BinaryPrimitives::WriteDoubleLittleEndian(StirlingLabs.Utilities.BigSpan`1<System.Byte>,System.Double)
FNDA:0,System.Void StirlingLabs.Utilities.BinaryPrimitives::WriteDoubleLittleEndian(StirlingLabs.Utilities.BigSpan`1<System.Byte>,System.Double)
DA:23,0
DA:24,0
DA:26,0
DA:27,0
BRDA:23,5,0,0
BRDA:23,5,1,0
FN:33,System.Void StirlingLabs.Utilities.BinaryPrimitives::WriteInt16LittleEndian(StirlingLabs.Utilities.BigSpan`1<System.Byte>,System.Int16)
FNDA:0,System.Void StirlingLabs.Utilities.BinaryPrimitives::WriteInt16LittleEndian(StirlingLabs.Utilities.BigSpan`1<System.Byte>,System.Int16)
DA:34,0
BRDA:34,6,0,0
BRDA:34,6,1,0
FN:40,System.Void StirlingLabs.Utilities.BinaryPrimitives::WriteInt32LittleEndian(StirlingLabs.Utilities.BigSpan`1<System.Byte>,System.Int32)
FNDA:0,System.Void StirlingLabs.Utilities.BinaryPrimitives::WriteInt32LittleEndian(StirlingLabs.Utilities.BigSpan`1<System.Byte>,System.Int32)
DA:41,0
BRDA:41,6,0,0
BRDA:41,6,1,0
FN:47,System.Void StirlingLabs.Utilities.BinaryPrimitives::WriteInt64LittleEndian(StirlingLabs.Utilities.BigSpan`1<System.Byte>,System.Int64)
FNDA:0,System.Void StirlingLabs.Utilities.BinaryPrimitives::WriteInt64LittleEndian(StirlingLabs.Utilities.BigSpan`1<System.Byte>,System.Int64)
DA:48,0
BRDA:48,6,0,0
BRDA:48,6,1,0
FN:61,System.Void StirlingLabs.Utilities.BinaryPrimitives::WriteSingleLittleEndian(StirlingLabs.Utilities.BigSpan`1<System.Byte>,System.Single)
FNDA:0,System.Void StirlingLabs.Utilities.BinaryPrimitives::WriteSingleLittleEndian(StirlingLabs.Utilities.BigSpan`1<System.Byte>,System.Single)
DA:62,0
DA:63,0
DA:65,0
DA:66,0
BRDA:62,5,0,0
BRDA:62,5,1,0
FN:72,System.Void StirlingLabs.Utilities.BinaryPrimitives::WriteUInt16LittleEndian(StirlingLabs.Utilities.BigSpan`1<System.Byte>,System.UInt16)
FNDA:0,System.Void StirlingLabs.Utilities.BinaryPrimitives::WriteUInt16LittleEndian(StirlingLabs.Utilities.BigSpan`1<System.Byte>,System.UInt16)
DA:73,0
BRDA:73,6,0,0
BRDA:73,6,1,0
FN:79,System.Void StirlingLabs.Utilities.BinaryPrimitives::WriteUInt32LittleEndian(StirlingLabs.Utilities.BigSpan`1<System.Byte>,System.UInt32)
FNDA:0,System.Void StirlingLabs.Utilities.BinaryPrimitives::WriteUInt32LittleEndian(StirlingLabs.Utilities.BigSpan`1<System.Byte>,System.UInt32)
DA:80,0
BRDA:80,6,0,0
BRDA:80,6,1,0
FN:86,System.Void StirlingLabs.Utilities.BinaryPrimitives::WriteUInt64LittleEndian(StirlingLabs.Utilities.BigSpan`1<System.Byte>,System.UInt64)
FNDA:0,System.Void StirlingLabs.Utilities.BinaryPrimitives::WriteUInt64LittleEndian(StirlingLabs.Utilities.BigSpan`1<System.Byte>,System.UInt64)
DA:87,0
BRDA:87,6,0,0
BRDA:87,6,1,0
FN:99,System.Boolean StirlingLabs.Utilities.BinaryPrimitives::TryWriteDoubleLittleEndian(StirlingLabs.Utilities.BigSpan`1<System.Byte>,System.Double)
FNDA:0,System.Boolean StirlingLabs.Utilities.BinaryPrimitives::TryWriteDoubleLittleEndian(StirlingLabs.Utilities.BigSpan`1<System.Byte>,System.Double)
DA:100,0
DA:101,0
DA:102,0
BRDA:100,5,0,0
BRDA:100,5,1,0
FN:109,System.Boolean StirlingLabs.Utilities.BinaryPrimitives::TryWriteInt16LittleEndian(StirlingLabs.Utilities.BigSpan`1<System.Byte>,System.Int16)
FNDA:0,System.Boolean StirlingLabs.Utilities.BinaryPrimitives::TryWriteInt16LittleEndian(StirlingLabs.Utilities.BigSpan`1<System.Byte>,System.Int16)
DA:110,0
BRDA:110,6,0,0
BRDA:110,6,1,0
FN:117,System.Boolean StirlingLabs.Utilities.BinaryPrimitives::TryWriteInt32LittleEndian(StirlingLabs.Utilities.BigSpan`1<System.Byte>,System.Int32)
FNDA:0,System.Boolean StirlingLabs.Utilities.BinaryPrimitives::TryWriteInt32LittleEndian(StirlingLabs.Utilities.BigSpan`1<System.Byte>,System.Int32)
DA:118,0
BRDA:118,6,0,0
BRDA:118,6,1,0
FN:125,System.Boolean StirlingLabs.Utilities.BinaryPrimitives::TryWriteInt64LittleEndian(StirlingLabs.Utilities.BigSpan`1<System.Byte>,System.Int64)
FNDA:0,System.Boolean StirlingLabs.Utilities.BinaryPrimitives::TryWriteInt64LittleEndian(StirlingLabs.Utilities.BigSpan`1<System.Byte>,System.Int64)
DA:126,0
BRDA:126,6,0,0
BRDA:126,6,1,0
FN:138,System.Boolean StirlingLabs.Utilities.BinaryPrimitives::TryWriteSingleLittleEndian(StirlingLabs.Utilities.BigSpan`1<System.Byte>,System.Single)
FNDA:0,System.Boolean StirlingLabs.Utilities.BinaryPrimitives::TryWriteSingleLittleEndian(StirlingLabs.Utilities.BigSpan`1<System.Byte>,System.Single)
DA:139,0
DA:140,0
DA:141,0
BRDA:139,5,0,0
BRDA:139,5,1,0
FN:148,System.Boolean StirlingLabs.Utilities.BinaryPrimitives::TryWriteUInt16LittleEndian(StirlingLabs.Utilities.BigSpan`1<System.Byte>,System.UInt16)
FNDA:0,System.Boolean StirlingLabs.Utilities.BinaryPrimitives::TryWriteUInt16LittleEndian(StirlingLabs.Utilities.BigSpan`1<System.Byte>,System.UInt16)
DA:149,0
BRDA:149,6,0,0
BRDA:149,6,1,0
FN:156,System.Boolean StirlingLabs.Utilities.BinaryPrimitives::TryWriteUInt32LittleEndian(StirlingLabs.Utilities.BigSpan`1<System.Byte>,System.UInt32)
FNDA:0,System.Boolean StirlingLabs.Utilities.BinaryPrimitives::TryWriteUInt32LittleEndian(StirlingLabs.Utilities.BigSpan`1<System.Byte>,System.UInt32)
DA:157,0
BRDA:157,6,0,0
BRDA:157,6,1,0
FN:164,System.Boolean StirlingLabs.Utilities.BinaryPrimitives::TryWriteUInt64LittleEndian(StirlingLabs.Utilities.BigSpan`1<System.Byte>,System.UInt64)
FNDA:0,System.Boolean StirlingLabs.Utilities.BinaryPrimitives::TryWriteUInt64LittleEndian(StirlingLabs.Utilities.BigSpan`1<System.Byte>,System.UInt64)
DA:165,0
BRDA:165,6,0,0
BRDA:165,6,1,0
LF:26
LH:0
BRF:32
BRH:0
FNF:16
FNH:0
end_of_record
SF:ReadOnlyBigSpan.cs
FN:38,StirlingLabs.Utilities.ReadOnlyBigSpan`1<T> StirlingLabs.Utilities.ReadOnlyBigSpan::Create(T&,System.UIntPtr)
FNDA:0,StirlingLabs.Utilities.ReadOnlyBigSpan`1<T> StirlingLabs.Utilities.ReadOnlyBigSpan::Create(T&,System.UIntPtr)
DA:39,0
DA:40,0
DA:42,0
BRDA:39,5,0,0
BRDA:39,5,1,0
FN:54,StirlingLabs.Utilities.ReadOnlyBigSpan`1<T> StirlingLabs.Utilities.ReadOnlyBigSpan::Create(T&,System.UIntPtr,System.Boolean)
FNDA:0,StirlingLabs.Utilities.ReadOnlyBigSpan`1<T> StirlingLabs.Utilities.ReadOnlyBigSpan::Create(T&,System.UIntPtr,System.Boolean)
DA:55,0
DA:56,0
DA:58,0
BRDA:55,5,0,0
BRDA:55,5,1,0
FN:77,System.UIntPtr& StirlingLabs.Utilities.ReadOnlyBigSpan`1::get__length()
FNDA:0,System.UIntPtr& StirlingLabs.Utilities.ReadOnlyBigSpan`1::get__length()
DA:78,0
FN:206,T& modreq(System.Runtime.InteropServices.InAttribute) StirlingLabs.Utilities.ReadOnlyBigSpan`1::get_Item(System.UIntPtr)
FNDA:0,T& modreq(System.Runtime.InteropServices.InAttribute) StirlingLabs.Utilities.ReadOnlyBigSpan`1::get_Item(System.UIntPtr)
DA:207,0
DA:208,0
DA:209,0
BRDA:207,10,0,0
BRDA:207,10,1,0
FN:224,T& modreq(System.Runtime.InteropServices.InAttribute) StirlingLabs.Utilities.ReadOnlyBigSpan`1::get_Item(System.Index)
FNDA:0,T& modreq(System.Runtime.InteropServices.InAttribute) StirlingLabs.Utilities.ReadOnlyBigSpan`1::get_Item(System.Index)
DA:225,0
DA:226,0
DA:227,0
BRDA:226,16,0,0
BRDA:226,16,1,0
FN:233,StirlingLabs.Utilities.ReadOnlyBigSpan`1<T> StirlingLabs.Utilities.ReadOnlyBigSpan`1::get_Item(System.Range)
FNDA:0,StirlingLabs.Utilities.ReadOnlyBigSpan`1<T> StirlingLabs.Utilities.ReadOnlyBigSpan`1::get_Item(System.Range)
DA:234,0
DA:235,0
DA:236,0
DA:237,0
DA:238,0
DA:239,0
BRDA:235,32,0,0
BRDA:235,32,1,0
BRDA:237,76,0,0
BRDA:237,76,1,0
FN:250,System.UIntPtr StirlingLabs.Utilities.ReadOnlyBigSpan`1::get_Length()
FNDA:0,System.UIntPtr StirlingLabs.Utilities.ReadOnlyBigSpan`1::get_Length()
DA:251,0
FN:260,System.UInt64 StirlingLabs.Utilities.ReadOnlyBigSpan`1::get_LongLength()
FNDA:0,System.UInt64 StirlingLabs.Utilities.ReadOnlyBigSpan`1::get_LongLength()
DA:261,0
FN:270,System.Boolean StirlingLabs.Utilities.ReadOnlyBigSpan`1::get_IsEmpty()
FNDA:0,System.Boolean StirlingLabs.Utilities.ReadOnlyBigSpan`1::get_IsEmpty()
DA:271,0
FN:278,System.Boolean StirlingLabs.Utilities.ReadOnlyBigSpan`1::op_Inequality(StirlingLabs.Utilities.ReadOnlyBigSpan`1<T>,StirlingLabs.Utilities.ReadOnlyBigSpan`1<T>)
FNDA:0,System.Boolean StirlingLabs.Utilities.ReadOnlyBigSpan`1::op_Inequality(StirlingLabs.Utilities.ReadOnlyBigSpan`1<T>,StirlingLabs.Utilities.ReadOnlyBigSpan`1<T>)
DA:279,0
FN:290,System.Boolean StirlingLabs.Utilities.ReadOnlyBigSpan`1::Equals(System.Object)
FNDA:0,System.Boolean StirlingLabs.Utilities.ReadOnlyBigSpan`1::Equals(System.Object)
DA:291,0
FN:302,System.Int32 StirlingLabs.Utilities.ReadOnlyBigSpan`1::GetHashCode()
FNDA:0,System.Int32 StirlingLabs.Utilities.ReadOnlyBigSpan`1::GetHashCode()
DA:303,0
FN:310,StirlingLabs.Utilities.ReadOnlyBigSpan`1<T> StirlingLabs.Utilities.ReadOnlyBigSpan`1::op_Implicit(StirlingLabs.Utilities.BigSpan`1<T>)
FNDA:0,StirlingLabs.Utilities.ReadOnlyBigSpan`1<T> StirlingLabs.Utilities.ReadOnlyBigSpan`1::op_Implicit(StirlingLabs.Utilities.BigSpan`1<T>)
DA:311,0
FN:318,StirlingLabs.Utilities.ReadOnlyBigSpan`1<T> StirlingLabs.Utilities.ReadOnlyBigSpan`1::op_Implicit(System.Span`1<T>)
FNDA:0,StirlingLabs.Utilities.ReadOnlyBigSpan`1<T> StirlingLabs.Utilities.ReadOnlyBigSpan`1::op_Implicit(System.Span`1<T>)
DA:319,0
FN:326,StirlingLabs.Utilities.ReadOnlyBigSpan`1<T> StirlingLabs.Utilities.ReadOnlyBigSpan`1::op_Implicit(System.ReadOnlySpan`1<T>)
FNDA:0,StirlingLabs.Utilities.ReadOnlyBigSpan`1<T> StirlingLabs.Utilities.ReadOnlyBigSpan`1::op_Implicit(System.ReadOnlySpan`1<T>)
DA:327,0
FN:332,StirlingLabs.Utilities.ReadOnlyBigSpan`1<T> StirlingLabs.Utilities.ReadOnlyBigSpan`1::op_Explicit(T[])
FNDA:0,StirlingLabs.Utilities.ReadOnlyBigSpan`1<T> StirlingLabs.Utilities.ReadOnlyBigSpan`1::op_Explicit(T[])
DA:333,0
FN:338,StirlingLabs.Utilities.ReadOnlyBigSpan`1<T> StirlingLabs.Utilities.ReadOnlyBigSpan`1::From(T[])
FNDA:0,StirlingLabs.Utilities.ReadOnlyBigSpan`1<T> StirlingLabs.Utilities.ReadOnlyBigSpan`1::From(T[])
DA:339,0
FN:346,StirlingLabs.Utilities.ReadOnlyBigSpan`1<T> StirlingLabs.Utilities.ReadOnlyBigSpan`1::op_Explicit(System.ArraySegment`1<T>)
FNDA:0,StirlingLabs.Utilities.ReadOnlyBigSpan`1<T> StirlingLabs.Utilities.ReadOnlyBigSpan`1::op_Explicit(System.ArraySegment`1<T>)
DA:347,0
FN:352,StirlingLabs.Utilities.ReadOnlyBigSpan`1<T> StirlingLabs.Utilities.ReadOnlyBigSpan`1::From(System.ArraySegment`1<T>)
FNDA:0,StirlingLabs.Utilities.ReadOnlyBigSpan`1<T> StirlingLabs.Utilities.ReadOnlyBigSpan`1::From(System.ArraySegment`1<T>)
DA:353,0
FN:365,System.ReadOnlySpan`1<T> StirlingLabs.Utilities.ReadOnlyBigSpan`1::op_Explicit(StirlingLabs.Utilities.ReadOnlyBigSpan`1<T>)
FNDA:0,System.ReadOnlySpan`1<T> StirlingLabs.Utilities.ReadOnlyBigSpan`1::op_Explicit(StirlingLabs.Utilities.ReadOnlyBigSpan`1<T>)
DA:366,0
DA:367,0
DA:368,0
DA:369,0
BRDA:366,14,0,0
BRDA:366,14,1,0
FN:375,System.ReadOnlySpan`1<T> StirlingLabs.Utilities.ReadOnlyBigSpan`1::ToReadOnlySpan()
FNDA:0,System.ReadOnlySpan`1<T> StirlingLabs.Utilities.ReadOnlyBigSpan`1::ToReadOnlySpan()
DA:376,0
FN:380,StirlingLabs.Utilities.ReadOnlyBigSpan`1<T> StirlingLabs.Utilities.ReadOnlyBigSpan`1::get_Empty()
FNDA:0,StirlingLabs.Utilities.ReadOnlyBigSpan`1<T> StirlingLabs.Utilities.ReadOnlyBigSpan`1::get_Empty()
DA:381,0
FN:384,StirlingLabs.Utilities.ReadOnlyBigSpanEnumerator`1<T> StirlingLabs.Utilities.ReadOnlyBigSpan`1::GetEnumerator()
FNDA:0,StirlingLabs.Utilities.ReadOnlyBigSpanEnumerator`1<T> StirlingLabs.Utilities.ReadOnlyBigSpan`1::GetEnumerator()
DA:385,0
FN:395,T& modreq(System.Runtime.InteropServices.InAttribute) StirlingLabs.Utilities.ReadOnlyBigSpan`1::GetPinnableReference()
FNDA:0,T& modreq(System.Runtime.InteropServices.InAttribute) StirlingLabs.Utilities.ReadOnlyBigSpan`1::GetPinnableReference()
DA:396,0
DA:397,0
DA:398,0
BRDA:397,13,0,0
BRDA:397,13,1,0
FN:402,System.Void* StirlingLabs.Utilities.ReadOnlyBigSpan`1::GetUnsafePointer()
FNDA:0,System.Void* StirlingLabs.Utilities.ReadOnlyBigSpan`1::GetUnsafePointer()
DA:403,0
FN:421,System.Void StirlingLabs.Utilities.ReadOnlyBigSpan`1::CopyTo(StirlingLabs.Utilities.BigSpan`1<T>)
FNDA:0,System.Void StirlingLabs.Utilities.ReadOnlyBigSpan`1::CopyTo(StirlingLabs.Utilities.BigSpan`1<T>)
DA:422,0
DA:423,0
DA:424,0
DA:425,0
DA:426,0
DA:428,0
DA:429,0
DA:438,0
DA:440,0
DA:446,0
DA:447,0
DA:448,0
DA:449,0
DA:450,0
DA:451,0
BRDA:425,30,0,0
BRDA:425,30,1,0
BRDA:428,50,0,0
BRDA:428,50,1,0
BRDA:429,58,0,0
BRDA:429,58,1,0
BRDA:446,95,0,0
BRDA:446,95,1,0
BRDA:447,112,0,0
BRDA:447,112,1,0
BRDA:448,123,0,0
BRDA:448,123,1,0
FN:462,System.Boolean StirlingLabs.Utilities.ReadOnlyBigSpan`1::TryCopyTo(StirlingLabs.Utilities.BigSpan`1<T>)
FNDA:0,System.Boolean StirlingLabs.Utilities.ReadOnlyBigSpan`1::TryCopyTo(StirlingLabs.Utilities.BigSpan`1<T>)
DA:463,0
DA:464,0
DA:465,0
DA:466,0
DA:467,0
DA:469,0
DA:470,0
DA:479,0
DA:481,0
DA:487,0
DA:488,0
DA:489,0
DA:490,0
DA:491,0
DA:492,0
BRDA:466,30,0,0
BRDA:466,30,1,0
BRDA:469,36,0,0
BRDA:469,36,1,0
BRDA:470,44,0,0
BRDA:470,44,1,0
BRDA:487,82,0,0
BRDA:487,82,1,0
BRDA:488,99,0,0
BRDA:488,99,1,0
BRDA:489,110,0,0
BRDA:489,110,1,0
FN:500,System.Boolean StirlingLabs.Utilities.ReadOnlyBigSpan`1::op_Equality(StirlingLabs.Utilities.ReadOnlyBigSpan`1<T>,StirlingLabs.Utilities.ReadOnlyBigSpan`1<T>)
FNDA:0,System.Boolean StirlingLabs.Utilities.ReadOnlyBigSpan`1::op_Equality(StirlingLabs.Utilities.ReadOnlyBigSpan`1<T>,StirlingLabs.Utilities.ReadOnlyBigSpan`1<T>)
DA:501,0
DA:502,0
BRDA:501,16,0,0
BRDA:501,16,1,0
FN:517,System.String StirlingLabs.Utilities.ReadOnlyBigSpan`1::ToString()
FNDA:0,System.String StirlingLabs.Utilities.ReadOnlyBigSpan`1::ToString()
DA:518,0
DA:519,0
DA:520,0
BRDA:518,5,0,0
BRDA:518,20,0,0
BRDA:518,5,1,0
BRDA:518,20,1,0
FN:533,StirlingLabs.Utilities.ReadOnlyBigSpan`1<T> StirlingLabs.Utilities.ReadOnlyBigSpan`1::Slice(System.UIntPtr)
FNDA:0,StirlingLabs.Utilities.ReadOnlyBigSpan`1<T> StirlingLabs.Utilities.ReadOnlyBigSpan`1::Slice(System.UIntPtr)
DA:534,0
DA:535,0
DA:537,0
BRDA:534,10,0,0
BRDA:534,10,1,0
FN:562,System.ReadOnlySpan`1<T> StirlingLabs.Utilities.ReadOnlyBigSpan`1::Slice(System.UIntPtr,System.Int32)
FNDA:0,System.ReadOnlySpan`1<T> StirlingLabs.Utilities.ReadOnlyBigSpan`1::Slice(System.UIntPtr,System.Int32)
DA:563,0
DA:564,0
DA:565,0
DA:566,0
DA:567,0
BRDA:563,2,0,0
BRDA:563,2,1,0
BRDA:565,42,0,0
BRDA:565,42,1,0
FN:595,System.ReadOnlySpan`1<T> StirlingLabs.Utilities.ReadOnlyBigSpan`1::Slice(System.Int32,System.Int32)
FNDA:0,System.ReadOnlySpan`1<T> StirlingLabs.Utilities.ReadOnlyBigSpan`1::Slice(System.Int32,System.Int32)
DA:596,0
DA:597,0
DA:598,0
DA:599,0
DA:600,0
DA:601,0
DA:602,0
BRDA:596,2,0,0
BRDA:596,2,1,0
BRDA:598,17,0,0
BRDA:598,17,1,0
BRDA:600,42,0,0
BRDA:600,42,1,0
FN:617,StirlingLabs.Utilities.ReadOnlyBigSpan`1<T> StirlingLabs.Utilities.ReadOnlyBigSpan`1::Slice(System.UIntPtr,System.UIntPtr)
FNDA:0,StirlingLabs.Utilities.ReadOnlyBigSpan`1<T> StirlingLabs.Utilities.ReadOnlyBigSpan`1::Slice(System.UIntPtr,System.UIntPtr)
DA:618,0
DA:619,0
DA:621,0
BRDA:618,10,0,0
BRDA:618,10,1,0
FN:631,T[] StirlingLabs.Utilities.ReadOnlyBigSpan`1::ToArray()
FNDA:0,T[] StirlingLabs.Utilities.ReadOnlyBigSpan`1::ToArray()
DA:632,0
DA:633,0
DA:636,0
DA:638,0
DA:639,0
DA:641,0
DA:642,0
DA:646,0
DA:647,0
DA:650,0
DA:651,0
DA:653,0
DA:654,0
DA:657,0
DA:658,0
BRDA:632,7,0,0
BRDA:632,7,1,0
BRDA:636,20,0,0
BRDA:638,39,0,0
BRDA:638,39,1,0
BRDA:636,20,1,0
BRDA:646,101,0,0
BRDA:646,101,1,0
BRDA:650,136,0,0
BRDA:650,136,1,0
FN:663,StirlingLabs.Utilities.ReadOnlyBigSpan`1<System.Byte> StirlingLabs.Utilities.ReadOnlyBigSpan`1::AsBytes()
FNDA:0,StirlingLabs.Utilities.ReadOnlyBigSpan`1<System.Byte> StirlingLabs.Utilities.ReadOnlyBigSpan`1::AsBytes()
DA:664,0
FN:667,StirlingLabs.Utilities.BigSpan`1<T2> StirlingLabs.Utilities.ReadOnlyBigSpan`1::CastAs()
FNDA:0,StirlingLabs.Utilities.BigSpan`1<T2> StirlingLabs.Utilities.ReadOnlyBigSpan`1::CastAs()
DA:668,0
FN:671,System.Int32 StirlingLabs.Utilities.ReadOnlyBigSpan`1::CompareMemoryInternal(StirlingLabs.Utilities.BigSpan`1<T>,System.UIntPtr)
FNDA:0,System.Int32 StirlingLabs.Utilities.ReadOnlyBigSpan`1::CompareMemoryInternal(StirlingLabs.Utilities.BigSpan`1<T>,System.UIntPtr)
DA:672,0
FN:675,System.Int32 StirlingLabs.Utilities.ReadOnlyBigSpan`1::CompareMemoryInternal(StirlingLabs.Utilities.ReadOnlyBigSpan`1<T>,System.UIntPtr)
FNDA:0,System.Int32 StirlingLabs.Utilities.ReadOnlyBigSpan`1::CompareMemoryInternal(StirlingLabs.Utilities.ReadOnlyBigSpan`1<T>,System.UIntPtr)
DA:676,0
FN:680,System.Int32 StirlingLabs.Utilities.ReadOnlyBigSpan`1::CompareMemory(StirlingLabs.Utilities.BigSpan`1<T>,System.UIntPtr)
FNDA:0,System.Int32 StirlingLabs.Utilities.ReadOnlyBigSpan`1::CompareMemory(StirlingLabs.Utilities.BigSpan`1<T>,System.UIntPtr)
DA:681,0
DA:682,0
DA:683,0
BRDA:681,8,0,0
BRDA:681,8,1,0
BRDA:681,19,0,0
BRDA:681,19,1,0
FN:688,System.Int32 StirlingLabs.Utilities.ReadOnlyBigSpan`1::CompareMemory(StirlingLabs.Utilities.BigSpan`1<T>)
FNDA:0,System.Int32 StirlingLabs.Utilities.ReadOnlyBigSpan`1::CompareMemory(StirlingLabs.Utilities.BigSpan`1<T>)
DA:689,0
DA:690,0
DA:692,0
DA:693,0
DA:694,0
DA:696,0
DA:697,0
DA:698,0
BRDA:693,27,0,0
BRDA:693,27,1,0
BRDA:698,75,0,0
BRDA:698,75,1,0
FN:703,System.Int32 StirlingLabs.Utilities.ReadOnlyBigSpan`1::CompareMemory(StirlingLabs.Utilities.ReadOnlyBigSpan`1<T>)
FNDA:0,System.Int32 StirlingLabs.Utilities.ReadOnlyBigSpan`1::CompareMemory(StirlingLabs.Utilities.ReadOnlyBigSpan`1<T>)
DA:704,0
DA:705,0
DA:707,0
DA:708,0
DA:709,0
DA:711,0
DA:712,0
DA:713,0
BRDA:708,27,0,0
BRDA:708,27,1,0
BRDA:713,75,0,0
BRDA:713,75,1,0
FN:718,System.Int32 StirlingLabs.Utilities.ReadOnlyBigSpan`1::CompareMemory(System.Span`1<T>)
FNDA:0,System.Int32 StirlingLabs.Utilities.ReadOnlyBigSpan`1::CompareMemory(System.Span`1<T>)
DA:719,0
DA:720,0
DA:722,0
DA:723,0
DA:724,0
DA:726,0
DA:727,0
DA:728,0
BRDA:723,27,0,0
BRDA:723,27,1,0
BRDA:728,85,0,0
BRDA:728,85,1,0
FN:733,System.Int32 StirlingLabs.Utilities.ReadOnlyBigSpan`1::CompareMemory(System.ReadOnlySpan`1<T>)
FNDA:0,System.Int32 StirlingLabs.Utilities.ReadOnlyBigSpan`1::CompareMemory(System.ReadOnlySpan`1<T>)
DA:734,0
DA:735,0
DA:737,0
DA:738,0
DA:739,0
DA:741,0
DA:742,0
DA:743,0
BRDA:738,27,0,0
BRDA:738,27,1,0
BRDA:743,85,0,0
BRDA:743,85,1,0
FN:87,System.Void StirlingLabs.Utilities.ReadOnlyBigSpan`1::.ctor(T[])
FNDA:0,System.Void StirlingLabs.Utilities.ReadOnlyBigSpan`1::.ctor(T[])
DA:88,0
DA:90,0
DA:91,0
DA:97,0
DA:99,0
DA:100,0
BRDA:88,1,0,0
BRDA:88,1,1,0
BRDA:99,39,0,0
BRDA:99,39,1,0
FN:115,System.Void StirlingLabs.Utilities.ReadOnlyBigSpan`1::.ctor(T[],System.UIntPtr,System.UIntPtr)
FNDA:0,System.Void StirlingLabs.Utilities.ReadOnlyBigSpan`1::.ctor(T[],System.UIntPtr,System.UIntPtr)
DA:116,0
DA:118,0
DA:119,0
DA:120,0
DA:121,0
DA:122,0
DA:123,0
DA:127,0
DA:128,0
DA:134,0
DA:135,0
DA:137,0
DA:138,0
BRDA:116,1,0,0
BRDA:118,4,0,0
BRDA:118,4,1,0
BRDA:120,18,0,0
BRDA:120,18,1,0
BRDA:116,1,1,0
BRDA:127,46,0,0
BRDA:127,46,1,0
FN:156,System.Void StirlingLabs.Utilities.ReadOnlyBigSpan`1::.ctor(System.Void*,System.UIntPtr)
FNDA:0,System.Void StirlingLabs.Utilities.ReadOnlyBigSpan`1::.ctor(System.Void*,System.UIntPtr)
DA:157,0
DA:158,0
DA:160,0
DA:161,0
DA:163,0
DA:164,0
DA:165,0
BRDA:157,5,0,0
BRDA:157,5,1,0
BRDA:160,21,0,0
BRDA:160,21,1,0
FN:172,System.Void StirlingLabs.Utilities.ReadOnlyBigSpan`1::.ctor(T&,System.UIntPtr)
FNDA:0,System.Void StirlingLabs.Utilities.ReadOnlyBigSpan`1::.ctor(T&,System.UIntPtr)
DA:173,0
DA:174,0
DA:175,0
FN:182,System.Void StirlingLabs.Utilities.ReadOnlyBigSpan`1::.ctor(T&,System.UIntPtr,System.Boolean)
FNDA:0,System.Void StirlingLabs.Utilities.ReadOnlyBigSpan`1::.ctor(T&,System.UIntPtr,System.Boolean)
DA:183,0
DA:184,0
DA:185,0
FN:188,System.Void StirlingLabs.Utilities.ReadOnlyBigSpan`1::.ctor(StirlingLabs.Utilities.Magic.ByReference`1<T>)
FNDA:0,System.Void StirlingLabs.Utilities.ReadOnlyBigSpan`1::.ctor(StirlingLabs.Utilities.Magic.ByReference`1<T>)
DA:189,0
LF:183
LH:0
BRF:106
BRH:0
FNF:49
FNH:0
end_of_record
SF:ReadOnlyBigSpanEnumerator.cs
FN:31,System.Boolean StirlingLabs.Utilities.ReadOnlyBigSpanEnumerator`1::MoveNext()
FNDA:0,System.Boolean StirlingLabs.Utilities.ReadOnlyBigSpanEnumerator`1::MoveNext()
DA:32,0
DA:33,0
DA:34,0
DA:36,0
DA:37,0
BRDA:33,22,0,0
BRDA:33,22,1,0
FN:44,T& modreq(System.Runtime.InteropServices.InAttribute) StirlingLabs.Utilities.ReadOnlyBigSpanEnumerator`1::get_Current()
FNDA:0,T& modreq(System.Runtime.InteropServices.InAttribute) StirlingLabs.Utilities.ReadOnlyBigSpanEnumerator`1::get_Current()
DA:45,0
FN:19,System.Void StirlingLabs.Utilities.ReadOnlyBigSpanEnumerator`1::.ctor(StirlingLabs.Utilities.ReadOnlyBigSpan`1<T>)
FNDA:0,System.Void StirlingLabs.Utilities.ReadOnlyBigSpanEnumerator`1::.ctor(StirlingLabs.Utilities.ReadOnlyBigSpan`1<T>)
DA:20,0
DA:24,0
DA:26,0
LF:9
LH:0
BRF:2
BRH:0
FNF:3
FNH:0
end_of_record
SF:UnmanagedMemory.cs
FN:35,System.Boolean StirlingLabs.Utilities.UnmanagedMemory::Allocate(System.UIntPtr,System.IntPtr&)
FNDA:10,System.Boolean StirlingLabs.Utilities.UnmanagedMemory::Allocate(System.UIntPtr,System.IntPtr&)
DA:36,10
DA:37,10
DA:38,0
DA:40,0
DA:41,0
DA:43,10
DA:44,0
FN:51,System.Boolean StirlingLabs.Utilities.UnmanagedMemory::Allocate(System.UIntPtr,System.Void*&)
FNDA:0,System.Boolean StirlingLabs.Utilities.UnmanagedMemory::Allocate(System.UIntPtr,System.Void*&)
DA:52,0
DA:53,0
DA:54,0
DA:56,0
DA:57,0
DA:59,0
DA:60,0
FN:66,System.Boolean StirlingLabs.Utilities.UnmanagedMemory::Allocate(System.UIntPtr,T*&)
FNDA:0,System.Boolean StirlingLabs.Utilities.UnmanagedMemory::Allocate(System.UIntPtr,T*&)
DA:67,0
DA:68,0
DA:69,0
FN:75,System.Void StirlingLabs.Utilities.UnmanagedMemory::Free(System.IntPtr&)
FNDA:10,System.Void StirlingLabs.Utilities.UnmanagedMemory::Free(System.IntPtr&)
DA:76,10
DA:77,10
DA:78,10
FN:83,System.Void StirlingLabs.Utilities.UnmanagedMemory::Free(System.Void*&)
FNDA:0,System.Void StirlingLabs.Utilities.UnmanagedMemory::Free(System.Void*&)
DA:84,0
DA:85,0
DA:86,0
FN:91,StirlingLabs.Utilities.BigSpan`1<T> StirlingLabs.Utilities.UnmanagedMemory::AllocateBigSpan(System.UIntPtr)
FNDA:0,StirlingLabs.Utilities.BigSpan`1<T> StirlingLabs.Utilities.UnmanagedMemory::AllocateBigSpan(System.UIntPtr)
DA:92,0
DA:93,0
DA:94,0
BRDA:92,16,0,0
BRDA:92,16,1,0
FN:101,System.Void StirlingLabs.Utilities.UnmanagedMemory::FreeBigSpan(StirlingLabs.Utilities.BigSpan`1<T>&)
FNDA:0,System.Void StirlingLabs.Utilities.UnmanagedMemory::FreeBigSpan(StirlingLabs.Utilities.BigSpan`1<T>&)
DA:102,0
DA:103,0
DA:104,0
FN:109,System.Span`1<T> StirlingLabs.Utilities.UnmanagedMemory::AllocateSpan(System.Int32)
FNDA:0,System.Span`1<T> StirlingLabs.Utilities.UnmanagedMemory::AllocateSpan(System.Int32)
DA:110,0
DA:111,0
DA:112,0
BRDA:110,17,0,0
BRDA:110,17,1,0
FN:119,System.Void StirlingLabs.Utilities.UnmanagedMemory::FreeSpan(System.Span`1<T>&)
FNDA:0,System.Void StirlingLabs.Utilities.UnmanagedMemory::FreeSpan(System.Span`1<T>&)
DA:120,0
DA:121,0
DA:122,0
FN:12,System.Void StirlingLabs.Utilities.UnmanagedMemory::.cctor()
FNDA:1,System.Void StirlingLabs.Utilities.UnmanagedMemory::.cctor()
DA:13,1
DA:17,1
DA:18,11
DA:19,11
DA:20,11
DA:21,11
DA:22,11
DA:23,11
DA:24,11
DA:25,11
DA:26,0
DA:27,1
BRDA:18,11,0,11
BRDA:18,24,0,11
BRDA:19,36,0,11
BRDA:19,36,1,0
BRDA:18,11,1,0
BRDA:18,24,1,0
LF:47
LH:17
BRF:10
BRH:3
FNF:10
FNH:3
end_of_record
SF:UnsafeEnumerator.cs
FN:18,StirlingLabs.Utilities.UnsafeEnumerator`1<T> StirlingLabs.Utilities.UnsafeEnumerator::Create(T&,System.UIntPtr)
FNDA:0,StirlingLabs.Utilities.UnsafeEnumerator`1<T> StirlingLabs.Utilities.UnsafeEnumerator::Create(T&,System.UIntPtr)
DA:19,0
FN:22,StirlingLabs.Utilities.UnsafeEnumerator`1<T> StirlingLabs.Utilities.UnsafeEnumerator::Create(System.Span`1<T>)
FNDA:0,StirlingLabs.Utilities.UnsafeEnumerator`1<T> StirlingLabs.Utilities.UnsafeEnumerator::Create(System.Span`1<T>)
DA:23,0
FN:26,StirlingLabs.Utilities.UnsafeEnumerator`1<T> StirlingLabs.Utilities.UnsafeEnumerator::Create(System.ReadOnlySpan`1<T>)
FNDA:0,StirlingLabs.Utilities.UnsafeEnumerator`1<T> StirlingLabs.Utilities.UnsafeEnumerator::Create(System.ReadOnlySpan`1<T>)
DA:27,0
FN:30,StirlingLabs.Utilities.UnsafeEnumerator`1<T> StirlingLabs.Utilities.UnsafeEnumerator::Create(StirlingLabs.Utilities.BigSpan`1<T>)
FNDA:3,StirlingLabs.Utilities.UnsafeEnumerator`1<T> StirlingLabs.Utilities.UnsafeEnumerator::Create(StirlingLabs.Utilities.BigSpan`1<T>)
DA:31,3
FN:34,StirlingLabs.Utilities.UnsafeEnumerator`1<T> StirlingLabs.Utilities.UnsafeEnumerator::Create(StirlingLabs.Utilities.ReadOnlyBigSpan`1<T>)
FNDA:0,StirlingLabs.Utilities.UnsafeEnumerator`1<T> StirlingLabs.Utilities.UnsafeEnumerator::Create(StirlingLabs.Utilities.ReadOnlyBigSpan`1<T>)
DA:35,0
FN:94,System.Boolean StirlingLabs.Utilities.UnsafeEnumerator`1::MoveNext()
FNDA:3,System.Boolean StirlingLabs.Utilities.UnsafeEnumerator`1::MoveNext()
DA:95,3
DA:96,3
DA:97,0
DA:98,0
BRDA:95,12,0,3
BRDA:95,12,1,0
FN:102,System.Void StirlingLabs.Utilities.UnsafeEnumerator`1::Reset()
FNDA:3,System.Void StirlingLabs.Utilities.UnsafeEnumerator`1::Reset()
DA:103,3
FN:107,T& StirlingLabs.Utilities.UnsafeEnumerator`1::get_Current()
FNDA:0,T& StirlingLabs.Utilities.UnsafeEnumerator`1::get_Current()
DA:108,0
FN:113,T StirlingLabs.Utilities.UnsafeEnumerator`1::System.Collections.Generic.IEnumerator<T>.get_Current()
FNDA:0,T StirlingLabs.Utilities.UnsafeEnumerator`1::System.Collections.Generic.IEnumerator<T>.get_Current()
DA:114,0
FN:119,System.Object StirlingLabs.Utilities.UnsafeEnumerator`1::System.Collections.IEnumerator.get_Current()
FNDA:0,System.Object StirlingLabs.Utilities.UnsafeEnumerator`1::System.Collections.IEnumerator.get_Current()
DA:120,0
FN:123,System.Void StirlingLabs.Utilities.UnsafeEnumerator`1::System.IDisposable.Dispose()
FNDA:3,System.Void StirlingLabs.Utilities.UnsafeEnumerator`1::System.IDisposable.Dispose()
DA:124,3
FN:127,System.Collections.Generic.IEnumerator`1<T> StirlingLabs.Utilities.UnsafeEnumerator`1::GetEnumerator()
FNDA:3,System.Collections.Generic.IEnumerator`1<T> StirlingLabs.Utilities.UnsafeEnumerator`1::GetEnumerator()
DA:128,3
FN:131,System.Collections.IEnumerator StirlingLabs.Utilities.UnsafeEnumerator`1::System.Collections.IEnumerable.GetEnumerator()
FNDA:1,System.Collections.IEnumerator StirlingLabs.Utilities.UnsafeEnumerator`1::System.Collections.IEnumerable.GetEnumerator()
DA:132,1
FN:135,T& StirlingLabs.Utilities.UnsafeEnumerator`1::GetPinnableReference()
FNDA:0,T& StirlingLabs.Utilities.UnsafeEnumerator`1::GetPinnableReference()
DA:136,0
FN:49,System.Void StirlingLabs.Utilities.UnsafeEnumerator`1::.ctor()
FNDA:0,System.Void StirlingLabs.Utilities.UnsafeEnumerator`1::.ctor()
DA:50,0
FN:52,System.Void StirlingLabs.Utilities.UnsafeEnumerator`1::.ctor(T&,System.UIntPtr)
FNDA:0,System.Void StirlingLabs.Utilities.UnsafeEnumerator`1::.ctor(T&,System.UIntPtr)
DA:53,0
DA:55,0
DA:56,0
DA:57,0
DA:58,0
FN:60,System.Void StirlingLabs.Utilities.UnsafeEnumerator`1::.ctor(System.Span`1<T>)
FNDA:0,System.Void StirlingLabs.Utilities.UnsafeEnumerator`1::.ctor(System.Span`1<T>)
DA:61,0
DA:63,0
DA:64,0
DA:65,0
DA:66,0
FN:68,System.Void StirlingLabs.Utilities.UnsafeEnumerator`1::.ctor(System.ReadOnlySpan`1<T>)
FNDA:0,System.Void StirlingLabs.Utilities.UnsafeEnumerator`1::.ctor(System.ReadOnlySpan`1<T>)
DA:69,0
DA:71,0
DA:72,0
DA:73,0
DA:74,0
FN:76,System.Void StirlingLabs.Utilities.UnsafeEnumerator`1::.ctor(StirlingLabs.Utilities.BigSpan`1<T>)
FNDA:3,System.Void StirlingLabs.Utilities.UnsafeEnumerator`1::.ctor(StirlingLabs.Utilities.BigSpan`1<T>)
DA:77,3
DA:79,3
DA:80,3
DA:81,3
DA:82,3
FN:84,System.Void StirlingLabs.Utilities.UnsafeEnumerator`1::.ctor(StirlingLabs.Utilities.ReadOnlyBigSpan`1<T>)
FNDA:0,System.Void StirlingLabs.Utilities.UnsafeEnumerator`1::.ctor(StirlingLabs.Utilities.ReadOnlyBigSpan`1<T>)
DA:85,0
DA:87,0
DA:88,0
DA:89,0
DA:90,0
LF:43
LH:12
BRF:2
BRH:1
FNF:20
FNH:7
end_of_record
SF:UnsafeEnumeratorExtensions.cs
FN:18,System.Void StirlingLabs.Utilities.UnsafeEnumeratorExtensions::AsPinnedEnumerable(System.Span`1<T>,System.Action`1<System.Collections.Generic.IEnumerable`1<T>>)
FNDA:0,System.Void StirlingLabs.Utilities.UnsafeEnumeratorExtensions::AsPinnedEnumerable(System.Span`1<T>,System.Action`1<System.Collections.Generic.IEnumerable`1<T>>)
DA:19,0
DA:21,0
DA:24,0
DA:25,0
DA:26,0
BRDA:19,1,0,0
BRDA:19,1,1,0
FN:33,TResult StirlingLabs.Utilities.UnsafeEnumeratorExtensions::AsPinnedEnumerable(System.Span`1<T>,System.Func`2<System.Collections.Generic.IEnumerable`1<T>,TResult>)
FNDA:0,TResult StirlingLabs.Utilities.UnsafeEnumeratorExtensions::AsPinnedEnumerable(System.Span`1<T>,System.Func`2<System.Collections.Generic.IEnumerable`1<T>,TResult>)
DA:34,0
DA:36,0
DA:39,0
DA:40,0
BRDA:34,1,0,0
BRDA:34,1,1,0
FN:48,System.Void StirlingLabs.Utilities.UnsafeEnumeratorExtensions::AsPinnedEnumerable(System.ReadOnlySpan`1<T>,System.Action`1<System.Collections.Generic.IEnumerable`1<T>>)
FNDA:0,System.Void StirlingLabs.Utilities.UnsafeEnumeratorExtensions::AsPinnedEnumerable(System.ReadOnlySpan`1<T>,System.Action`1<System.Collections.Generic.IEnumerable`1<T>>)
DA:49,0
DA:51,0
DA:54,0
DA:55,0
DA:56,0
BRDA:49,1,0,0
BRDA:49,1,1,0
FN:63,TResult StirlingLabs.Utilities.UnsafeEnumeratorExtensions::AsPinnedEnumerable(System.ReadOnlySpan`1<T>,System.Func`2<System.Collections.Generic.IEnumerable`1<T>,TResult>)
FNDA:0,TResult StirlingLabs.Utilities.UnsafeEnumeratorExtensions::AsPinnedEnumerable(System.ReadOnlySpan`1<T>,System.Func`2<System.Collections.Generic.IEnumerable`1<T>,TResult>)
DA:64,0
DA:66,0
DA:69,0
DA:70,0
BRDA:64,1,0,0
BRDA:64,1,1,0
FN:78,System.Void StirlingLabs.Utilities.UnsafeEnumeratorExtensions::AsPinnedEnumerable(StirlingLabs.Utilities.BigSpan`1<T>,System.Action`1<System.Collections.Generic.IEnumerable`1<T>>)
FNDA:3,System.Void StirlingLabs.Utilities.UnsafeEnumeratorExtensions::AsPinnedEnumerable(StirlingLabs.Utilities.BigSpan`1<T>,System.Action`1<System.Collections.Generic.IEnumerable`1<T>>)
DA:79,3
DA:81,3
DA:84,3
DA:85,3
DA:86,3
BRDA:79,1,0,0
BRDA:79,1,1,3
FN:93,TResult StirlingLabs.Utilities.UnsafeEnumeratorExtensions::AsPinnedEnumerable(StirlingLabs.Utilities.BigSpan`1<T>,System.Func`2<System.Collections.Generic.IEnumerable`1<T>,TResult>)
FNDA:0,TResult StirlingLabs.Utilities.UnsafeEnumeratorExtensions::AsPinnedEnumerable(StirlingLabs.Utilities.BigSpan`1<T>,System.Func`2<System.Collections.Generic.IEnumerable`1<T>,TResult>)
DA:94,0
DA:96,0
DA:99,0
DA:100,0
BRDA:94,1,0,0
BRDA:94,1,1,0
FN:108,System.Void StirlingLabs.Utilities.UnsafeEnumeratorExtensions::AsPinnedEnumerable(StirlingLabs.Utilities.ReadOnlyBigSpan`1<T>,System.Action`1<System.Collections.Generic.IEnumerable`1<T>>)
FNDA:0,System.Void StirlingLabs.Utilities.UnsafeEnumeratorExtensions::AsPinnedEnumerable(StirlingLabs.Utilities.ReadOnlyBigSpan`1<T>,System.Action`1<System.Collections.Generic.IEnumerable`1<T>>)
DA:109,0
DA:111,0
DA:114,0
DA:115,0
DA:116,0
BRDA:109,1,0,0
BRDA:109,1,1,0
FN:123,TResult StirlingLabs.Utilities.UnsafeEnumeratorExtensions::AsPinnedEnumerable(StirlingLabs.Utilities.ReadOnlyBigSpan`1<T>,System.Func`2<System.Collections.Generic.IEnumerable`1<T>,TResult>)
FNDA:0,TResult StirlingLabs.Utilities.UnsafeEnumeratorExtensions::AsPinnedEnumerable(StirlingLabs.Utilities.ReadOnlyBigSpan`1<T>,System.Func`2<System.Collections.Generic.IEnumerable`1<T>,TResult>)
DA:124,0
DA:126,0
DA:129,0
DA:130,0
BRDA:124,1,0,0
BRDA:124,1,1,0
LF:36
LH:5
BRF:16
BRH:1
FNF:8
FNH:1
end_of_record
SF:Magic/BigSpanExtensions.cs
FN:9,T& StirlingLabs.Utilities.Magic.BigSpanExtensions::GetReference(StirlingLabs.Utilities.BigSpan`1<T>)
FNDA:8,T& StirlingLabs.Utilities.Magic.BigSpanExtensions::GetReference(StirlingLabs.Utilities.BigSpan`1<T>)
DA:10,8
FN:15,T& StirlingLabs.Utilities.Magic.BigSpanExtensions::GetReference(StirlingLabs.Utilities.ReadOnlyBigSpan`1<T>)
FNDA:0,T& StirlingLabs.Utilities.Magic.BigSpanExtensions::GetReference(StirlingLabs.Utilities.ReadOnlyBigSpan`1<T>)
DA:16,0
LF:2
LH:1
BRF:0
BRH:0
FNF:2
FNH:1
end_of_record
SF:Magic/ByReference.cs
FN:39,T& StirlingLabs.Utilities.Magic.ByReference`1::get_Value()
FNDA:25365,T& StirlingLabs.Utilities.Magic.ByReference`1::get_Value()
DA:40,25365
FN:18,System.Void StirlingLabs.Utilities.Magic.ByReference`1::.ctor(System.Span`1<T>)
FNDA:2,System.Void StirlingLabs.Utilities.Magic.ByReference`1::.ctor(System.Span`1<T>)
DA:19,2
FN:22,System.Void StirlingLabs.Utilities.Magic.ByReference`1::.ctor(System.ReadOnlySpan`1<T>)
FNDA:0,System.Void StirlingLabs.Utilities.Magic.ByReference`1::.ctor(System.ReadOnlySpan`1<T>)
DA:23,0
FN:33,System.Void StirlingLabs.Utilities.Magic.ByReference`1::.ctor(T&)
FNDA:10328,System.Void StirlingLabs.Utilities.Magic.ByReference`1::.ctor(T&)
DA:34,10328
LF:4
LH:3
BRF:0
BRH:0
FNF:4
FNH:3
end_of_record
SF:Magic/IfType.cs
[...]
DA:234,0
FN:245,System.Void StirlingLabs.Utilities.Assertions.BigSpanAssert::DoesNotContain(StirlingLabs.Utilities.BigSpan`1<T>,System.Object)
FNDA:0,System.Void StirlingLabs.Utilities.Assertions.BigSpanAssert::DoesNotContain(StirlingLabs.Utilities.BigSpan`1<T>,System.Object)
DA:246,0
FN:255,System.Void StirlingLabs.Utilities.Assertions.BigSpanAssert::DoesNotContain(StirlingLabs.Utilities.BigSpan`1<T>,System.Object,System.String,System.Object[])
FNDA:0,System.Void StirlingLabs.Utilities.Assertions.BigSpanAssert::DoesNotContain(StirlingLabs.Utilities.BigSpan`1<T>,System.Object,System.String,System.Object[])
DA:256,0
FN:267,System.Void StirlingLabs.Utilities.Assertions.BigSpanAssert::IsNotSubsetOf(StirlingLabs.Utilities.BigSpan`1<T>,StirlingLabs.Utilities.BigSpan`1<T>)
FNDA:0,System.Void StirlingLabs.Utilities.Assertions.BigSpanAssert::IsNotSubsetOf(StirlingLabs.Utilities.BigSpan`1<T>,StirlingLabs.Utilities.BigSpan`1<T>)
DA:268,0
FN:277,System.Void StirlingLabs.Utilities.Assertions.BigSpanAssert::IsNotSubsetOf(StirlingLabs.Utilities.BigSpan`1<T>,StirlingLabs.Utilities.BigSpan`1<T>,System.String,System.Object[])
FNDA:0,System.Void StirlingLabs.Utilities.Assertions.BigSpanAssert::IsNotSubsetOf(StirlingLabs.Utilities.BigSpan`1<T>,StirlingLabs.Utilities.BigSpan`1<T>,System.String,System.Object[])
DA:278,0
DA:279,0
FN:290,System.Void StirlingLabs.Utilities.Assertions.BigSpanAssert::IsSubsetOf(StirlingLabs.Utilities.BigSpan`1<T>,StirlingLabs.Utilities.BigSpan`1<T>)
FNDA:0,System.Void StirlingLabs.Utilities.Assertions.BigSpanAssert::IsSubsetOf(StirlingLabs.Utilities.BigSpan`1<T>,StirlingLabs.Utilities.BigSpan`1<T>)
DA:291,0
FN:300,System.Void StirlingLabs.Utilities.Assertions.BigSpanAssert::IsSubsetOf(StirlingLabs.Utilities.BigSpan`1<T>,StirlingLabs.Utilities.BigSpan`1<T>,System.String,System.Object[])
FNDA:0,System.Void StirlingLabs.Utilities.Assertions.BigSpanAssert::IsSubsetOf(StirlingLabs.Utilities.BigSpan`1<T>,StirlingLabs.Utilities.BigSpan`1<T>,System.String,System.Object[])
DA:301,0
DA:302,0
FN:314,System.Void StirlingLabs.Utilities.Assertions.BigSpanAssert::IsNotSupersetOf(StirlingLabs.Utilities.BigSpan`1<T>,StirlingLabs.Utilities.BigSpan`1<T>)
FNDA:0,System.Void StirlingLabs.Utilities.Assertions.BigSpanAssert::IsNotSupersetOf(StirlingLabs.Utilities.BigSpan`1<T>,StirlingLabs.Utilities.BigSpan`1<T>)
DA:315,0
FN:324,System.Void StirlingLabs.Utilities.Assertions.BigSpanAssert::IsNotSupersetOf(StirlingLabs.Utilities.BigSpan`1<T>,StirlingLabs.Utilities.BigSpan`1<T>,System.String,System.Object[])
FNDA:0,System.Void StirlingLabs.Utilities.Assertions.BigSpanAssert::IsNotSupersetOf(StirlingLabs.Utilities.BigSpan`1<T>,StirlingLabs.Utilities.BigSpan`1<T>,System.String,System.Object[])
DA:325,0
DA:326,0
FN:337,System.Void StirlingLabs.Utilities.Assertions.BigSpanAssert::IsSupersetOf(StirlingLabs.Utilities.BigSpan`1<T>,StirlingLabs.Utilities.BigSpan`1<T>)
FNDA:0,System.Void StirlingLabs.Utilities.Assertions.BigSpanAssert::IsSupersetOf(StirlingLabs.Utilities.BigSpan`1<T>,StirlingLabs.Utilities.BigSpan`1<T>)
DA:338,0
FN:347,System.Void StirlingLabs.Utilities.Assertions.BigSpanAssert::IsSupersetOf(StirlingLabs.Utilities.BigSpan`1<T>,StirlingLabs.Utilities.BigSpan`1<T>,System.String,System.Object[])
FNDA:0,System.Void StirlingLabs.Utilities.Assertions.BigSpanAssert::IsSupersetOf(StirlingLabs.Utilities.BigSpan`1<T>,StirlingLabs.Utilities.BigSpan`1<T>,System.String,System.Object[])
DA:348,0
DA:349,0
FN:362,System.Void StirlingLabs.Utilities.Assertions.BigSpanAssert::IsEmpty(StirlingLabs.Utilities.BigSpan`1<T>,System.String,System.Object[])
FNDA:0,System.Void StirlingLabs.Utilities.Assertions.BigSpanAssert::IsEmpty(StirlingLabs.Utilities.BigSpan`1<T>,System.String,System.Object[])
DA:363,0
FN:369,System.Void StirlingLabs.Utilities.Assertions.BigSpanAssert::IsEmpty(StirlingLabs.Utilities.BigSpan`1<T>)
FNDA:0,System.Void StirlingLabs.Utilities.Assertions.BigSpanAssert::IsEmpty(StirlingLabs.Utilities.BigSpan`1<T>)
DA:370,0
FN:382,System.Void StirlingLabs.Utilities.Assertions.BigSpanAssert::IsNotEmpty(StirlingLabs.Utilities.BigSpan`1<T>,System.String,System.Object[])
FNDA:0,System.Void StirlingLabs.Utilities.Assertions.BigSpanAssert::IsNotEmpty(StirlingLabs.Utilities.BigSpan`1<T>,System.String,System.Object[])
DA:383,0
FN:389,System.Void StirlingLabs.Utilities.Assertions.BigSpanAssert::IsNotEmpty(StirlingLabs.Utilities.BigSpan`1<T>)
FNDA:0,System.Void StirlingLabs.Utilities.Assertions.BigSpanAssert::IsNotEmpty(StirlingLabs.Utilities.BigSpan`1<T>)
DA:390,0
FN:402,System.Void StirlingLabs.Utilities.Assertions.BigSpanAssert::IsOrdered(StirlingLabs.Utilities.BigSpan`1<T>,System.String,System.Object[])
FNDA:0,System.Void StirlingLabs.Utilities.Assertions.BigSpanAssert::IsOrdered(StirlingLabs.Utilities.BigSpan`1<T>,System.String,System.Object[])
DA:403,0
FN:409,System.Void StirlingLabs.Utilities.Assertions.BigSpanAssert::IsOrdered(StirlingLabs.Utilities.BigSpan`1<T>)
FNDA:0,System.Void StirlingLabs.Utilities.Assertions.BigSpanAssert::IsOrdered(StirlingLabs.Utilities.BigSpan`1<T>)
DA:410,0
FN:419,System.Void StirlingLabs.Utilities.Assertions.BigSpanAssert::IsOrdered(StirlingLabs.Utilities.BigSpan`1<T>,System.Collections.IComparer,System.String,System.Object[])
FNDA:0,System.Void StirlingLabs.Utilities.Assertions.BigSpanAssert::IsOrdered(StirlingLabs.Utilities.BigSpan`1<T>,System.Collections.IComparer,System.String,System.Object[])
DA:420,0
FN:427,System.Void StirlingLabs.Utilities.Assertions.BigSpanAssert::IsOrdered(StirlingLabs.Utilities.BigSpan`1<T>,System.Collections.IComparer)
FNDA:0,System.Void StirlingLabs.Utilities.Assertions.BigSpanAssert::IsOrdered(StirlingLabs.Utilities.BigSpan`1<T>,System.Collections.IComparer)
DA:428,0
LF:48
LH:2
BRF:0
BRH:0
FNF:38
FNH:2
end_of_record
SF:/home/runner/work/BigSpans.Net/BigSpans.Net/StirlingLabs.BigSpans.NUnit/BigSpanAssert.cs
FN:21,System.Boolean StirlingLabs.Utilities.Assertions.BigSpanAssert::Equals(System.Object,System.Object)
FNDA:0,System.Boolean StirlingLabs.Utilities.Assertions.BigSpanAssert::Equals(System.Object,System.Object)
DA:22,0
FN:32,System.Void StirlingLabs.Utilities.Assertions.BigSpanAssert::ReferenceEquals(System.Object,System.Object)
FNDA:0,System.Void StirlingLabs.Utilities.Assertions.BigSpanAssert::ReferenceEquals(System.Object,System.Object)
DA:33,0
LF:2
LH:0
BRF:0
BRH:0
FNF:2
FNH:0
end_of_record
SF:/home/runner/work/BigSpans.Net/BigSpans.Net/StirlingLabs.BigSpans.NUnit/BigSpanAssert.ReadOnlyBigSpan.cs
FN:17,System.Void StirlingLabs.Utilities.Assertions.BigSpanAssert::AllItemsAreInstancesOfType(StirlingLabs.Utilities.ReadOnlyBigSpan`1<T>,System.Type)
FNDA:0,System.Void StirlingLabs.Utilities.Assertions.BigSpanAssert::AllItemsAreInstancesOfType(StirlingLabs.Utilities.ReadOnlyBigSpan`1<T>,System.Type)
DA:18,0
FN:27,System.Void StirlingLabs.Utilities.Assertions.BigSpanAssert::AllItemsAreInstancesOfType(StirlingLabs.Utilities.ReadOnlyBigSpan`1<T>,System.Type,System.String,System.Object[])
FNDA:0,System.Void StirlingLabs.Utilities.Assertions.BigSpanAssert::AllItemsAreInstancesOfType(StirlingLabs.Utilities.ReadOnlyBigSpan`1<T>,System.Type,System.String,System.Object[])
DA:28,0
FN:38,System.Void StirlingLabs.Utilities.Assertions.BigSpanAssert::AllItemsAreNotNull(StirlingLabs.Utilities.ReadOnlyBigSpan`1<T>)
FNDA:0,System.Void StirlingLabs.Utilities.Assertions.BigSpanAssert::AllItemsAreNotNull(StirlingLabs.Utilities.ReadOnlyBigSpan`1<T>)
DA:39,0
FN:47,System.Void StirlingLabs.Utilities.Assertions.BigSpanAssert::AllItemsAreNotNull(StirlingLabs.Utilities.ReadOnlyBigSpan`1<T>,System.String,System.Object[])
FNDA:0,System.Void StirlingLabs.Utilities.Assertions.BigSpanAssert::AllItemsAreNotNull(StirlingLabs.Utilities.ReadOnlyBigSpan`1<T>,System.String,System.Object[])
DA:48,0
FN:59,System.Void StirlingLabs.Utilities.Assertions.BigSpanAssert::AllItemsAreUnique(StirlingLabs.Utilities.ReadOnlyBigSpan`1<T>)
FNDA:0,System.Void StirlingLabs.Utilities.Assertions.BigSpanAssert::AllItemsAreUnique(StirlingLabs.Utilities.ReadOnlyBigSpan`1<T>)
DA:60,0
FN:69,System.Void StirlingLabs.Utilities.Assertions.BigSpanAssert::AllItemsAreUnique(StirlingLabs.Utilities.ReadOnlyBigSpan`1<T>,System.String,System.Object[])
FNDA:0,System.Void StirlingLabs.Utilities.Assertions.BigSpanAssert::AllItemsAreUnique(StirlingLabs.Utilities.ReadOnlyBigSpan`1<T>,System.String,System.Object[])
DA:70,0
FN:82,System.Void StirlingLabs.Utilities.Assertions.BigSpanAssert::AreEqual(StirlingLabs.Utilities.ReadOnlyBigSpan`1<T>,StirlingLabs.Utilities.ReadOnlyBigSpan`1<T>)
FNDA:0,System.Void StirlingLabs.Utilities.Assertions.BigSpanAssert::AreEqual(StirlingLabs.Utilities.ReadOnlyBigSpan`1<T>,StirlingLabs.Utilities.ReadOnlyBigSpan`1<T>)
DA:83,0
FN:93,System.Void StirlingLabs.Utilities.Assertions.BigSpanAssert::AreEqual(StirlingLabs.Utilities.ReadOnlyBigSpan`1<T>,StirlingLabs.Utilities.ReadOnlyBigSpan`1<T>,System.Collections.IComparer)
FNDA:0,System.Void StirlingLabs.Utilities.Assertions.BigSpanAssert::AreEqual(StirlingLabs.Utilities.ReadOnlyBigSpan`1<T>,StirlingLabs.Utilities.ReadOnlyBigSpan`1<T>,System.Collections.IComparer)
DA:94,0
FN:104,System.Void StirlingLabs.Utilities.Assertions.BigSpanAssert::AreEqual(StirlingLabs.Utilities.ReadOnlyBigSpan`1<T>,StirlingLabs.Utilities.ReadOnlyBigSpan`1<T>,System.String,System.Object[])
FNDA:0,System.Void StirlingLabs.Utilities.Assertions.BigSpanAssert::AreEqual(StirlingLabs.Utilities.ReadOnlyBigSpan`1<T>,StirlingLabs.Utilities.ReadOnlyBigSpan`1<T>,System.String,System.Object[])
DA:105,0
DA:106,0
FN:119,System.Void StirlingLabs.Utilities.Assertions.BigSpanAssert::AreEqual(StirlingLabs.Utilities.ReadOnlyBigSpan`1<T>,StirlingLabs.Utilities.ReadOnlyBigSpan`1<T>,System.Collections.IComparer,System.String,System.Object[])
FNDA:0,System.Void StirlingLabs.Utilities.Assertions.BigSpanAssert::AreEqual(StirlingLabs.Utilities.ReadOnlyBigSpan`1<T>,StirlingLabs.Utilities.ReadOnlyBigSpan`1<T>,System.Collections.IComparer,System.String,System.Object[])
DA:120,0
DA:121,0
FN:132,System.Void StirlingLabs.Utilities.Assertions.BigSpanAssert::AreEquivalent(StirlingLabs.Utilities.ReadOnlyBigSpan`1<T>,StirlingLabs.Utilities.ReadOnlyBigSpan`1<T>)
FNDA:0,System.Void StirlingLabs.Utilities.Assertions.BigSpanAssert::AreEquivalent(StirlingLabs.Utilities.ReadOnlyBigSpan`1<T>,StirlingLabs.Utilities.ReadOnlyBigSpan`1<T>)
DA:133,0
FN:142,System.Void StirlingLabs.Utilities.Assertions.BigSpanAssert::AreEquivalent(StirlingLabs.Utilities.ReadOnlyBigSpan`1<T>,StirlingLabs.Utilities.ReadOnlyBigSpan`1<T>,System.String,System.Object[])
FNDA:0,System.Void StirlingLabs.Utilities.Assertions.BigSpanAssert::AreEquivalent(StirlingLabs.Utilities.ReadOnlyBigSpan`1<T>,StirlingLabs.Utilities.ReadOnlyBigSpan`1<T>,System.String,System.Object[])
DA:143,0
DA:144,0
FN:155,System.Void StirlingLabs.Utilities.Assertions.BigSpanAssert::AreNotEqual(StirlingLabs.Utilities.ReadOnlyBigSpan`1<T>,StirlingLabs.Utilities.ReadOnlyBigSpan`1<T>)
FNDA:0,System.Void StirlingLabs.Utilities.Assertions.BigSpanAssert::AreNotEqual(StirlingLabs.Utilities.ReadOnlyBigSpan`1<T>,StirlingLabs.Utilities.ReadOnlyBigSpan`1<T>)
DA:156,0
FN:165,System.Void StirlingLabs.Utilities.Assertions.BigSpanAssert::AreNotEqual(StirlingLabs.Utilities.ReadOnlyBigSpan`1<T>,StirlingLabs.Utilities.ReadOnlyBigSpan`1<T>,System.Collections.IComparer)
FNDA:0,System.Void StirlingLabs.Utilities.Assertions.BigSpanAssert::AreNotEqual(StirlingLabs.Utilities.ReadOnlyBigSpan`1<T>,StirlingLabs.Utilities.ReadOnlyBigSpan`1<T>,System.Collections.IComparer)
DA:166,0
FN:175,System.Void StirlingLabs.Utilities.Assertions.BigSpanAssert::AreNotEqual(StirlingLabs.Utilities.ReadOnlyBigSpan`1<T>,StirlingLabs.Utilities.ReadOnlyBigSpan`1<T>,System.String,System.Object[])
FNDA:0,System.Void StirlingLabs.Utilities.Assertions.BigSpanAssert::AreNotEqual(StirlingLabs.Utilities.ReadOnlyBigSpan`1<T>,StirlingLabs.Utilities.ReadOnlyBigSpan`1<T>,System.String,System.Object[])
DA:176,0
DA:177,0
FN:189,System.Void StirlingLabs.Utilities.Assertions.BigSpanAssert::AreNotEqual(StirlingLabs.Utilities.ReadOnlyBigSpan`1<T>,StirlingLabs.Utilities.ReadOnlyBigSpan`1<T>,System.Collections.IComparer,System.String,System.Object[])
FNDA:0,System.Void StirlingLabs.Utilities.Assertions.BigSpanAssert::AreNotEqual(StirlingLabs.Utilities.ReadOnlyBigSpan`1<T>,StirlingLabs.Utilities.ReadOnlyBigSpan`1<T>,System.Collections.IComparer,System.String,System.Object[])
DA:190,0
DA:191,0
FN:202,System.Void StirlingLabs.Utilities.Assertions.BigSpanAssert::AreNotEquivalent(StirlingLabs.Utilities.ReadOnlyBigSpan`1<T>,StirlingLabs.Utilities.ReadOnlyBigSpan`1<T>)
FNDA:0,System.Void StirlingLabs.Utilities.Assertions.BigSpanAssert::AreNotEquivalent(StirlingLabs.Utilities.ReadOnlyBigSpan`1<T>,StirlingLabs.Utilities.ReadOnlyBigSpan`1<T>)
DA:203,0
FN:212,System.Void StirlingLabs.Utilities.Assertions.BigSpanAssert::AreNotEquivalent(StirlingLabs.Utilities.ReadOnlyBigSpan`1<T>,StirlingLabs.Utilities.ReadOnlyBigSpan`1<T>,System.String,System.Object[])
FNDA:0,System.Void StirlingLabs.Utilities.Assertions.BigSpanAssert::AreNotEquivalent(StirlingLabs.Utilities.ReadOnlyBigSpan`1<T>,StirlingLabs.Utilities.ReadOnlyBigSpan`1<T>,System.String,System.Object[])
DA:213,0
DA:214,0
FN:225,System.Void StirlingLabs.Utilities.Assertions.BigSpanAssert::Contains(StirlingLabs.Utilities.ReadOnlyBigSpan`1<T>,System.Object)
FNDA:0,System.Void StirlingLabs.Utilities.Assertions.BigSpanAssert::Contains(StirlingLabs.Utilities.ReadOnlyBigSpan`1<T>,System.Object)
DA:226,0
FN:235,System.Void StirlingLabs.Utilities.Assertions.BigSpanAssert::Contains(StirlingLabs.Utilities.ReadOnlyBigSpan`1<T>,System.Object,System.String,System.Object[])
FNDA:0,System.Void StirlingLabs.Utilities.Assertions.BigSpanAssert::Contains(StirlingLabs.Utilities.ReadOnlyBigSpan`1<T>,System.Object,System.String,System.Object[])
DA:236,0
FN:247,System.Void StirlingLabs.Utilities.Assertions.BigSpanAssert::DoesNotContain(StirlingLabs.Utilities.ReadOnlyBigSpan`1<T>,System.Object)
FNDA:0,System.Void StirlingLabs.Utilities.Assertions.BigSpanAssert::DoesNotContain(StirlingLabs.Utilities.ReadOnlyBigSpan`1<T>,System.Object)
DA:248,0
FN:257,System.Void StirlingLabs.Utilities.Assertions.BigSpanAssert::DoesNotContain(StirlingLabs.Utilities.ReadOnlyBigSpan`1<T>,System.Object,System.String,System.Object[])
FNDA:0,System.Void StirlingLabs.Utilities.Assertions.BigSpanAssert::DoesNotContain(StirlingLabs.Utilities.ReadOnlyBigSpan`1<T>,System.Object,System.String,System.Object[])
DA:258,0
FN:269,System.Void StirlingLabs.Utilities.Assertions.BigSpanAssert::IsNotSubsetOf(StirlingLabs.Utilities.ReadOnlyBigSpan`1<T>,StirlingLabs.Utilities.ReadOnlyBigSpan`1<T>)
FNDA:0,System.Void StirlingLabs.Utilities.Assertions.BigSpanAssert::IsNotSubsetOf(StirlingLabs.Utilities.ReadOnlyBigSpan`1<T>,StirlingLabs.Utilities.ReadOnlyBigSpan`1<T>)
DA:270,0
FN:279,System.Void StirlingLabs.Utilities.Assertions.BigSpanAssert::IsNotSubsetOf(StirlingLabs.Utilities.ReadOnlyBigSpan`1<T>,StirlingLabs.Utilities.ReadOnlyBigSpan`1<T>,System.String,System.Object[])
FNDA:0,System.Void StirlingLabs.Utilities.Assertions.BigSpanAssert::IsNotSubsetOf(StirlingLabs.Utilities.ReadOnlyBigSpan`1<T>,StirlingLabs.Utilities.ReadOnlyBigSpan`1<T>,System.String,System.Object[])
DA:280,0
DA:281,0
FN:292,System.Void StirlingLabs.Utilities.Assertions.BigSpanAssert::IsSubsetOf(StirlingLabs.Utilities.ReadOnlyBigSpan`1<T>,StirlingLabs.Utilities.ReadOnlyBigSpan`1<T>)
FNDA:0,System.Void StirlingLabs.Utilities.Assertions.BigSpanAssert::IsSubsetOf(StirlingLabs.Utilities.ReadOnlyBigSpan`1<T>,StirlingLabs.Utilities.ReadOnlyBigSpan`1<T>)
DA:293,0
FN:302,System.Void StirlingLabs.Utilities.Assertions.BigSpanAssert::IsSubsetOf(StirlingLabs.Utilities.ReadOnlyBigSpan`1<T>,StirlingLabs.Utilities.ReadOnlyBigSpan`1<T>,System.String,System.Object[])
FNDA:0,System.Void StirlingLabs.Utilities.Assertions.BigSpanAssert::IsSubsetOf(StirlingLabs.Utilities.ReadOnlyBigSpan`1<T>,StirlingLabs.Utilities.ReadOnlyBigSpan`1<T>,System.String,System.Object[])
DA:303,0
DA:304,0
FN:316,System.Void StirlingLabs.Utilities.Assertions.BigSpanAssert::IsNotSupersetOf(StirlingLabs.Utilities.ReadOnlyBigSpan`1<T>,StirlingLabs.Utilities.ReadOnlyBigSpan`1<T>)
FNDA:0,System.Void StirlingLabs.Utilities.Assertions.BigSpanAssert::IsNotSupersetOf(StirlingLabs.Utilities.ReadOnlyBigSpan`1<T>,StirlingLabs.Utilities.ReadOnlyBigSpan`1<T>)
DA:317,0
FN:326,System.Void StirlingLabs.Utilities.Assertions.BigSpanAssert::IsNotSupersetOf(StirlingLabs.Utilities.ReadOnlyBigSpan`1<T>,StirlingLabs.Utilities.ReadOnlyBigSpan`1<T>,System.String,System.Object[])
FNDA:0,System.Void StirlingLabs.Utilities.Assertions.BigSpanAssert::IsNotSupersetOf(StirlingLabs.Utilities.ReadOnlyBigSpan`1<T>,StirlingLabs.Utilities.ReadOnlyBigSpan`1<T>,System.String,System.Object[])
DA:327,0
DA:328,0
FN:339,System.Void StirlingLabs.Utilities.Assertions.BigSpanAssert::IsSupersetOf(StirlingLabs.Utilities.ReadOnlyBigSpan`1<T>,StirlingLabs.Utilities.ReadOnlyBigSpan`1<T>)
FNDA:0,System.Void StirlingLabs.Utilities.Assertions.BigSpanAssert::IsSupersetOf(StirlingLabs.Utilities.ReadOnlyBigSpan`1<T>,StirlingLabs.Utilities.ReadOnlyBigSpan`1<T>)
DA:340,0
FN:349,System.Void StirlingLabs.Utilities.Assertions.BigSpanAssert::IsSupersetOf(StirlingLabs.Utilities.ReadOnlyBigSpan`1<T>,StirlingLabs.Utilities.ReadOnlyBigSpan`1<T>,System.String,System.Object[])
FNDA:0,System.Void StirlingLabs.Utilities.Assertions.BigSpanAssert::IsSupersetOf(StirlingLabs.Utilities.ReadOnlyBigSpan`1<T>,StirlingLabs.Utilities.ReadOnlyBigSpan`1<T>,System.String,System.Object[])
DA:350,0
DA:351,0
FN:364,System.Void StirlingLabs.Utilities.Assertions.BigSpanAssert::IsEmpty(StirlingLabs.Utilities.ReadOnlyBigSpan`1<T>,System.String,System.Object[])
FNDA:0,System.Void StirlingLabs.Utilities.Assertions.BigSpanAssert::IsEmpty(StirlingLabs.Utilities.ReadOnlyBigSpan`1<T>,System.String,System.Object[])
DA:365,0
FN:371,System.Void StirlingLabs.Utilities.Assertions.BigSpanAssert::IsEmpty(StirlingLabs.Utilities.ReadOnlyBigSpan`1<T>)
FNDA:0,System.Void StirlingLabs.Utilities.Assertions.BigSpanAssert::IsEmpty(StirlingLabs.Utilities.ReadOnlyBigSpan`1<T>)
DA:372,0
FN:384,System.Void StirlingLabs.Utilities.Assertions.BigSpanAssert::IsNotEmpty(StirlingLabs.Utilities.ReadOnlyBigSpan`1<T>,System.String,System.Object[])
FNDA:0,System.Void StirlingLabs.Utilities.Assertions.BigSpanAssert::IsNotEmpty(StirlingLabs.Utilities.ReadOnlyBigSpan`1<T>,System.String,System.Object[])
DA:385,0
FN:391,System.Void StirlingLabs.Utilities.Assertions.BigSpanAssert::IsNotEmpty(StirlingLabs.Utilities.ReadOnlyBigSpan`1<T>)
FNDA:0,System.Void StirlingLabs.Utilities.Assertions.BigSpanAssert::IsNotEmpty(StirlingLabs.Utilities.ReadOnlyBigSpan`1<T>)
DA:392,0
FN:404,System.Void StirlingLabs.Utilities.Assertions.BigSpanAssert::IsOrdered(StirlingLabs.Utilities.ReadOnlyBigSpan`1<T>,System.String,System.Object[])
FNDA:0,System.Void StirlingLabs.Utilities.Assertions.BigSpanAssert::IsOrdered(StirlingLabs.Utilities.ReadOnlyBigSpan`1<T>,System.String,System.Object[])
DA:405,0
FN:411,System.Void StirlingLabs.Utilities.Assertions.BigSpanAssert::IsOrdered(StirlingLabs.Utilities.ReadOnlyBigSpan`1<T>)
FNDA:0,System.Void StirlingLabs.Utilities.Assertions.BigSpanAssert::IsOrdered(StirlingLabs.Utilities.ReadOnlyBigSpan`1<T>)
DA:412,0
FN:421,System.Void StirlingLabs.Utilities.Assertions.BigSpanAssert::IsOrdered(StirlingLabs.Utilities.ReadOnlyBigSpan`1<T>,System.Collections.IComparer,System.String,System.Object[])
FNDA:0,System.Void StirlingLabs.Utilities.Assertions.BigSpanAssert::IsOrdered(StirlingLabs.Utilities.ReadOnlyBigSpan`1<T>,System.Collections.IComparer,System.String,System.Object[])
DA:422,0
FN:429,System.Void StirlingLabs.Utilities.Assertions.BigSpanAssert::IsOrdered(StirlingLabs.Utilities.ReadOnlyBigSpan`1<T>,System.Collections.IComparer)
FNDA:0,System.Void StirlingLabs.Utilities.Assertions.BigSpanAssert::IsOrdered(StirlingLabs.Utilities.ReadOnlyBigSpan`1<T>,System.Collections.IComparer)
DA:430,0
LF:48
LH:0
BRF:0
BRH:0
FNF:38
FNH:0
end_of_record
