<?xml version="1.0" encoding="utf-8"?>
<coverage line-rate="0.1631" branch-rate="0.1319" version="1.9" timestamp="1677816955" lines-covered="195" lines-valid="1195" branches-covered="71" branches-valid="538">
  <sources />
  <packages>
    <package name="StirlingLabs.BigSpans" line-rate="0.1631" branch-rate="0.1319" complexity="661">
      <classes>
        <class name="System.Runtime.CompilerServices.IgnoresAccessChecksToAttribute" filename="/_/StirlingLabs.BigSpans/Compatibility/IgnoresAccessChecksToAttribute.cs" line-rate="0" branch-rate="1" complexity="2">
          <methods>
            <method name="get_AssemblyName" signature="()" line-rate="0" branch-rate="1" complexity="1">
              <lines>
                <line number="12" hits="0" branch="False" />
              </lines>
            </method>
            <method name=".ctor" signature="(System.String)" line-rate="0" branch-rate="1" complexity="1">
              <lines>
                <line number="13" hits="0" branch="False" />
                <line number="14" hits="0" branch="False" />
              </lines>
            </method>
          </methods>
          <lines>
            <line number="12" hits="0" branch="False" />
            <line number="13" hits="0" branch="False" />
            <line number="14" hits="0" branch="False" />
          </lines>
        </class>
        <class name="StirlingLabs.Utilities.BigSpan" filename="/_/StirlingLabs.BigSpans/BigSpan.cs" line-rate="0" branch-rate="0" complexity="14">
          <methods>
            <method name="Create" signature="(T&amp;,System.UIntPtr)" line-rate="0" branch-rate="0" complexity="2">
              <lines>
                <line number="38" hits="0" branch="True" condition-coverage="0% (0/2)">
                  <conditions>
                    <condition number="5" type="jump" coverage="0%" />
                  </conditions>
                </line>
                <line number="39" hits="0" branch="False" />
                <line number="41" hits="0" branch="False" />
              </lines>
            </method>
            <method name="Create" signature="(T[])" line-rate="0" branch-rate="0" complexity="2">
              <lines>
                <line number="53" hits="0" branch="True" condition-coverage="0% (0/2)">
                  <conditions>
                    <condition number="5" type="jump" coverage="0%" />
                  </conditions>
                </line>
                <line number="54" hits="0" branch="False" />
                <line number="56" hits="0" branch="False" />
              </lines>
            </method>
            <method name="Create" signature="(T[],System.UIntPtr,System.UIntPtr)" line-rate="0" branch-rate="0" complexity="2">
              <lines>
                <line number="74" hits="0" branch="True" condition-coverage="0% (0/2)">
                  <conditions>
                    <condition number="5" type="jump" coverage="0%" />
                  </conditions>
                </line>
                <line number="75" hits="0" branch="False" />
                <line number="77" hits="0" branch="False" />
              </lines>
            </method>
            <method name="AsPinnedEnumerables" signature="(StirlingLabs.Utilities.ReadOnlyBigSpan`1&lt;T&gt;,System.Action`1&lt;System.Collections.Generic.IEnumerable`1&lt;T&gt;&gt;)" line-rate="0" branch-rate="0" complexity="2">
              <lines>
                <line number="86" hits="0" branch="True" condition-coverage="0% (0/2)">
                  <conditions>
                    <condition number="1" type="jump" coverage="0%" />
                  </conditions>
                </line>
                <line number="88" hits="0" branch="False" />
                <line number="91" hits="0" branch="False" />
                <line number="92" hits="0" branch="False" />
                <line number="93" hits="0" branch="False" />
              </lines>
            </method>
            <method name="AsPinnedEnumerables" signature="(StirlingLabs.Utilities.ReadOnlyBigSpan`1&lt;T1&gt;,StirlingLabs.Utilities.ReadOnlyBigSpan`1&lt;T2&gt;,System.Action`2&lt;System.Collections.Generic.IEnumerable`1&lt;T1&gt;,System.Collections.Generic.IEnumerable`1&lt;T2&gt;&gt;)" line-rate="0" branch-rate="0" complexity="2">
              <lines>
                <line number="104" hits="0" branch="True" condition-coverage="0% (0/2)">
                  <conditions>
                    <condition number="1" type="jump" coverage="0%" />
                  </conditions>
                </line>
                <line number="106" hits="0" branch="False" />
                <line number="108" hits="0" branch="False" />
                <line number="111" hits="0" branch="False" />
                <line number="112" hits="0" branch="False" />
                <line number="113" hits="0" branch="False" />
                <line number="114" hits="0" branch="False" />
              </lines>
            </method>
            <method name="AsPinnedEnumerables" signature="(StirlingLabs.Utilities.ReadOnlyBigSpan`1&lt;T1&gt;,StirlingLabs.Utilities.ReadOnlyBigSpan`1&lt;T2&gt;,StirlingLabs.Utilities.ReadOnlyBigSpan`1&lt;T3&gt;,System.Action`3&lt;System.Collections.Generic.IEnumerable`1&lt;T1&gt;,System.Collections.Generic.IEnumerable`1&lt;T2&gt;,System.Collections.Generic.IEnumerable`1&lt;T3&gt;&gt;)" line-rate="0" branch-rate="0" complexity="2">
              <lines>
                <line number="127" hits="0" branch="True" condition-coverage="0% (0/2)">
                  <conditions>
                    <condition number="1" type="jump" coverage="0%" />
                  </conditions>
                </line>
                <line number="129" hits="0" branch="False" />
                <line number="131" hits="0" branch="False" />
                <line number="133" hits="0" branch="False" />
                <line number="136" hits="0" branch="False" />
                <line number="137" hits="0" branch="False" />
                <line number="138" hits="0" branch="False" />
                <line number="139" hits="0" branch="False" />
                <line number="140" hits="0" branch="False" />
              </lines>
            </method>
            <method name="AsPinnedEnumerables" signature="(StirlingLabs.Utilities.ReadOnlyBigSpan`1&lt;T1&gt;,StirlingLabs.Utilities.ReadOnlyBigSpan`1&lt;T2&gt;,StirlingLabs.Utilities.ReadOnlyBigSpan`1&lt;T3&gt;,StirlingLabs.Utilities.ReadOnlyBigSpan`1&lt;T4&gt;,System.Action`4&lt;System.Collections.Generic.IEnumerable`1&lt;T1&gt;,System.Collections.Generic.IEnumerable`1&lt;T2&gt;,System.Collections.Generic.IEnumerable`1&lt;T3&gt;,System.Collections.Generic.IEnumerable`1&lt;T4&gt;&gt;)" line-rate="0" branch-rate="0" complexity="2">
              <lines>
                <line number="154" hits="0" branch="True" condition-coverage="0% (0/2)">
                  <conditions>
                    <condition number="2" type="jump" coverage="0%" />
                  </conditions>
                </line>
                <line number="156" hits="0" branch="False" />
                <line number="158" hits="0" branch="False" />
                <line number="160" hits="0" branch="False" />
                <line number="162" hits="0" branch="False" />
                <line number="165" hits="0" branch="False" />
                <line number="166" hits="0" branch="False" />
                <line number="167" hits="0" branch="False" />
                <line number="168" hits="0" branch="False" />
                <line number="169" hits="0" branch="False" />
                <line number="170" hits="0" branch="False" />
              </lines>
            </method>
          </methods>
          <lines>
            <line number="38" hits="0" branch="True" condition-coverage="0% (0/2)">
              <conditions>
                <condition number="5" type="jump" coverage="0%" />
              </conditions>
            </line>
            <line number="39" hits="0" branch="False" />
            <line number="41" hits="0" branch="False" />
            <line number="53" hits="0" branch="True" condition-coverage="0% (0/2)">
              <conditions>
                <condition number="5" type="jump" coverage="0%" />
              </conditions>
            </line>
            <line number="54" hits="0" branch="False" />
            <line number="56" hits="0" branch="False" />
            <line number="74" hits="0" branch="True" condition-coverage="0% (0/2)">
              <conditions>
                <condition number="5" type="jump" coverage="0%" />
              </conditions>
            </line>
            <line number="75" hits="0" branch="False" />
            <line number="77" hits="0" branch="False" />
            <line number="86" hits="0" branch="True" condition-coverage="0% (0/2)">
              <conditions>
                <condition number="1" type="jump" coverage="0%" />
              </conditions>
            </line>
            <line number="88" hits="0" branch="False" />
            <line number="91" hits="0" branch="False" />
            <line number="92" hits="0" branch="False" />
            <line number="93" hits="0" branch="False" />
            <line number="104" hits="0" branch="True" condition-coverage="0% (0/2)">
              <conditions>
                <condition number="1" type="jump" coverage="0%" />
              </conditions>
            </line>
            <line number="106" hits="0" branch="False" />
            <line number="108" hits="0" branch="False" />
            <line number="111" hits="0" branch="False" />
            <line number="112" hits="0" branch="False" />
            <line number="113" hits="0" branch="False" />
            <line number="114" hits="0" branch="False" />
            <line number="127" hits="0" branch="True" condition-coverage="0% (0/2)">
              <conditions>
                <condition number="1" type="jump" coverage="0%" />
              </conditions>
            </line>
            <line number="129" hits="0" branch="False" />
            <line number="131" hits="0" branch="False" />
            <line number="133" hits="0" branch="False" />
            <line number="136" hits="0" branch="False" />
            <line number="137" hits="0" branch="False" />
            <line number="138" hits="0" branch="False" />
            <line number="139" hits="0" branch="False" />
            <line number="140" hits="0" branch="False" />
            <line number="154" hits="0" branch="True" condition-coverage="0% (0/2)">
              <conditions>
                <condition number="2" type="jump" coverage="0%" />
              </conditions>
            </line>
            <line number="156" hits="0" branch="False" />
            <line number="158" hits="0" branch="False" />
            <line number="160" hits="0" branch="False" />
            <line number="162" hits="0" branch="False" />
            <line number="165" hits="0" branch="False" />
            <line number="166" hits="0" branch="False" />
            <line number="167" hits="0" branch="False" />
            <line number="168" hits="0" branch="False" />
            <line number="169" hits="0" branch="False" />
            <line number="170" hits="0" branch="False" />
          </lines>
        </class>
        <class name="StirlingLabs.Utilities.BigSpan`1" filename="/_/StirlingLabs.BigSpans/BigSpan.cs" line-rate="0.5357999999999999" branch-rate="0.4396" complexity="137">
          <methods>
            <method name="get_Item" signature="(System.UIntPtr)" line-rate="1" branch-rate="1" complexity="2">
              <lines>
                <line number="365" hits="721" branch="True" condition-coverage="100% (2/2)">
                  <conditions>
                    <condition number="7" type="jump" coverage="100%" />
                  </conditions>
                </line>
                <line number="366" hits="1" branch="False" />
                <line number="369" hits="720" branch="False" />
              </lines>
            </method>
            <method name="get_Item" signature="(System.Index)" line-rate="1" branch-rate="1" complexity="2">
              <lines>
                <line number="388" hits="5" branch="False" />
                <line number="389" hits="10" branch="True" condition-coverage="100% (2/2)">
                  <conditions>
                    <condition number="16" type="jump" coverage="100%" />
                  </conditions>
                </line>
                <line number="390" hits="5" branch="False" />
              </lines>
            </method>
            <method name="get_Item" signature="(System.Range)" line-rate="1" branch-rate="0.5" complexity="4">
              <lines>
                <line number="397" hits="1" branch="False" />
                <line number="398" hits="1" branch="True" condition-coverage="50% (1/2)">
                  <conditions>
                    <condition number="32" type="jump" coverage="50%" />
                  </conditions>
                </line>
                <line number="399" hits="1" branch="False" />
                <line number="400" hits="1" branch="True" condition-coverage="50% (1/2)">
                  <conditions>
                    <condition number="75" type="jump" coverage="50%" />
                  </conditions>
                </line>
                <line number="401" hits="1" branch="False" />
                <line number="402" hits="1" branch="False" />
              </lines>
            </method>
            <method name="get_Length" signature="()" line-rate="1" branch-rate="1" complexity="1">
              <lines>
                <line number="414" hits="35" branch="False" />
              </lines>
            </method>
            <method name="get_LongLength" signature="()" line-rate="0" branch-rate="1" complexity="1">
              <lines>
                <line number="424" hits="0" branch="False" />
              </lines>
            </method>
            <method name="get_IsEmpty" signature="()" line-rate="0" branch-rate="1" complexity="1">
              <lines>
                <line number="434" hits="0" branch="False" />
              </lines>
            </method>
            <method name="op_Inequality" signature="(StirlingLabs.Utilities.BigSpan`1&lt;T&gt;,StirlingLabs.Utilities.BigSpan`1&lt;T&gt;)" line-rate="0" branch-rate="1" complexity="1">
              <lines>
                <line number="442" hits="0" branch="False" />
              </lines>
            </method>
            <method name="Equals" signature="(System.Object)" line-rate="0" branch-rate="1" complexity="1">
              <lines>
                <line number="454" hits="0" branch="False" />
              </lines>
            </method>
            <method name="GetHashCode" signature="()" line-rate="0" branch-rate="1" complexity="1">
              <lines>
                <line number="466" hits="0" branch="False" />
              </lines>
            </method>
            <method name="op_Explicit" signature="(T[])" line-rate="1" branch-rate="1" complexity="1">
              <lines>
                <line number="473" hits="26" branch="False" />
              </lines>
            </method>
            <method name="From" signature="(T[])" line-rate="0" branch-rate="1" complexity="1">
              <lines>
                <line number="479" hits="0" branch="False" />
              </lines>
            </method>
            <method name="op_Explicit" signature="(System.ArraySegment`1&lt;T&gt;)" line-rate="1" branch-rate="1" complexity="1">
              <lines>
                <line number="487" hits="1" branch="False" />
              </lines>
            </method>
            <method name="From" signature="(System.ArraySegment`1&lt;T&gt;)" line-rate="0" branch-rate="1" complexity="1">
              <lines>
                <line number="493" hits="0" branch="False" />
              </lines>
            </method>
            <method name="get_Empty" signature="()" line-rate="1" branch-rate="1" complexity="1">
              <lines>
                <line number="498" hits="2" branch="False" />
              </lines>
            </method>
            <method name="GetEnumerator" signature="()" line-rate="0" branch-rate="1" complexity="1">
              <lines>
                <line number="502" hits="0" branch="False" />
              </lines>
            </method>
            <method name="GetPinnableReference" signature="()" line-rate="1" branch-rate="1" complexity="2">
              <lines>
                <line number="514" hits="12356" branch="False" />
                <line number="515" hits="12356" branch="True" condition-coverage="100% (2/2)">
                  <conditions>
                    <condition number="12" type="jump" coverage="100%" />
                  </conditions>
                </line>
                <line number="517" hits="12347" branch="False" />
                <line number="521" hits="12356" branch="False" />
              </lines>
            </method>
            <method name="GetUnsafePointer" signature="()" line-rate="1" branch-rate="1" complexity="1">
              <lines>
                <line number="526" hits="8212" branch="False" />
              </lines>
            </method>
            <method name="Clear" signature="()" line-rate="0.6666" branch-rate="0.5" complexity="2">
              <lines>
                <line number="535" hits="2049" branch="True" condition-coverage="50% (1/2)">
                  <conditions>
                    <condition number="5" type="jump" coverage="50%" />
                  </conditions>
                </line>
                <line number="536" hits="0" branch="False" />
                <line number="537" hits="0" branch="False" />
                <line number="539" hits="2049" branch="False" />
                <line number="540" hits="2049" branch="False" />
                <line number="549" hits="2049" branch="False" />
              </lines>
            </method>
            <method name="Fill" signature="(T)" line-rate="0" branch-rate="0" complexity="4">
              <lines>
                <line number="557" hits="0" branch="True" condition-coverage="0% (0/2)">
                  <conditions>
                    <condition number="6" type="jump" coverage="0%" />
                  </conditions>
                </line>
                <line number="561" hits="0" branch="True" condition-coverage="0% (0/2)">
                  <conditions>
                    <condition number="14" type="jump" coverage="0%" />
                  </conditions>
                </line>
                <line number="567" hits="0" branch="False" />
                <line number="568" hits="0" branch="False" />
                <line number="577" hits="0" branch="False" />
                <line number="581" hits="0" branch="False" />
              </lines>
            </method>
            <method name="CopyTo" signature="(StirlingLabs.Utilities.BigSpan`1&lt;T&gt;)" line-rate="1" branch-rate="0.8" complexity="10">
              <lines>
                <line number="606" hits="2067" branch="False" />
                <line number="607" hits="2067" branch="False" />
                <line number="608" hits="2067" branch="False" />
                <line number="609" hits="2067" branch="True" condition-coverage="100% (2/2)">
                  <conditions>
                    <condition number="27" type="jump" coverage="100%" />
                  </conditions>
                </line>
                <line number="610" hits="2" branch="False" />
                <line number="612" hits="2065" branch="True" condition-coverage="100% (2/2)">
                  <conditions>
                    <condition number="47" type="jump" coverage="100%" />
                  </conditions>
                </line>
                <line number="613" hits="2068" branch="True" condition-coverage="100% (2/2)">
                  <conditions>
                    <condition number="57" type="jump" coverage="100%" />
                  </conditions>
                </line>
                <line number="615" hits="2062" branch="False" />
                <line number="617" hits="2062" branch="False" />
                <line number="623" hits="2062" branch="True" condition-coverage="50% (1/2)">
                  <conditions>
                    <condition number="89" type="jump" coverage="50%" />
                  </conditions>
                </line>
                <line number="624" hits="2062" branch="True" condition-coverage="50% (1/2)">
                  <conditions>
                    <condition number="106" type="jump" coverage="50%" />
                  </conditions>
                </line>
                <line number="625" hits="2062" branch="False" />
                <line number="626" hits="2062" branch="False" />
              </lines>
            </method>
            <method name="TryCopyTo" signature="(StirlingLabs.Utilities.BigSpan`1&lt;T&gt;)" line-rate="1" branch-rate="0.8" complexity="10">
              <lines>
                <line number="645" hits="6" branch="False" />
                <line number="646" hits="6" branch="False" />
                <line number="647" hits="6" branch="False" />
                <line number="648" hits="6" branch="True" condition-coverage="100% (2/2)">
                  <conditions>
                    <condition number="27" type="jump" coverage="100%" />
                  </conditions>
                </line>
                <line number="649" hits="1" branch="False" />
                <line number="651" hits="5" branch="True" condition-coverage="100% (2/2)">
                  <conditions>
                    <condition number="33" type="jump" coverage="100%" />
                  </conditions>
                </line>
                <line number="652" hits="6" branch="True" condition-coverage="100% (2/2)">
                  <conditions>
                    <condition number="43" type="jump" coverage="100%" />
                  </conditions>
                </line>
                <line number="654" hits="4" branch="False" />
                <line number="656" hits="4" branch="False" />
                <line number="662" hits="4" branch="True" condition-coverage="50% (1/2)">
                  <conditions>
                    <condition number="76" type="jump" coverage="50%" />
                  </conditions>
                </line>
                <line number="663" hits="4" branch="True" condition-coverage="50% (1/2)">
                  <conditions>
                    <condition number="93" type="jump" coverage="50%" />
                  </conditions>
                </line>
                <line number="664" hits="4" branch="False" />
                <line number="665" hits="4" branch="False" />
              </lines>
            </method>
            <method name="op_Equality" signature="(StirlingLabs.Utilities.BigSpan`1&lt;T&gt;,StirlingLabs.Utilities.BigSpan`1&lt;T&gt;)" line-rate="0" branch-rate="0" complexity="2">
              <lines>
                <line number="674" hits="0" branch="True" condition-coverage="0% (0/2)">
                  <conditions>
                    <condition number="12" type="jump" coverage="0%" />
                  </conditions>
                </line>
                <line number="675" hits="0" branch="False" />
                <line number="676" hits="0" branch="False" />
              </lines>
            </method>
            <method name="op_Implicit" signature="(System.Span`1&lt;T&gt;)" line-rate="1" branch-rate="1" complexity="1">
              <lines>
                <line number="688" hits="2" branch="False" />
              </lines>
            </method>
            <method name="op_Explicit" signature="(StirlingLabs.Utilities.BigSpan`1&lt;T&gt;)" line-rate="0" branch-rate="0" complexity="2">
              <lines>
                <line number="706" hits="0" branch="True" condition-coverage="0% (0/2)">
                  <conditions>
                    <condition number="12" type="jump" coverage="0%" />
                  </conditions>
                </line>
                <line number="707" hits="0" branch="False" />
                <line number="708" hits="0" branch="False" />
                <line number="709" hits="0" branch="False" />
                <line number="710" hits="0" branch="False" />
                <line number="711" hits="0" branch="False" />
                <line number="712" hits="0" branch="False" />
                <line number="713" hits="0" branch="False" />
              </lines>
            </method>
            <method name="op_Explicit" signature="(StirlingLabs.Utilities.BigSpan`1&lt;T&gt;)" line-rate="0" branch-rate="0" complexity="2">
              <lines>
                <line number="729" hits="0" branch="True" condition-coverage="0% (0/2)">
                  <conditions>
                    <condition number="12" type="jump" coverage="0%" />
                  </conditions>
                </line>
                <line number="730" hits="0" branch="False" />
                <line number="731" hits="0" branch="False" />
                <line number="732" hits="0" branch="False" />
                <line number="733" hits="0" branch="False" />
                <line number="734" hits="0" branch="False" />
                <line number="735" hits="0" branch="False" />
                <line number="736" hits="0" branch="False" />
              </lines>
            </method>
            <method name="ToSpan" signature="()" line-rate="0" branch-rate="1" complexity="1">
              <lines>
                <line number="743" hits="0" branch="False" />
              </lines>
            </method>
            <method name="ToReadOnlySpan" signature="()" line-rate="0" branch-rate="1" complexity="1">
              <lines>
                <line number="749" hits="0" branch="False" />
              </lines>
            </method>
            <method name="ToString" signature="()" line-rate="0" branch-rate="0" complexity="4">
              <lines>
                <line number="765" hits="0" branch="True" condition-coverage="0% (0/4)">
                  <conditions>
                    <condition number="5" type="jump" coverage="0%" />
                    <condition number="19" type="jump" coverage="0%" />
                  </conditions>
                </line>
                <line number="767" hits="0" branch="False" />
                <line number="771" hits="0" branch="False" />
              </lines>
            </method>
            <method name="Slice" signature="(System.UIntPtr)" line-rate="1" branch-rate="1" complexity="2">
              <lines>
                <line number="785" hits="4101" branch="True" condition-coverage="100% (2/2)">
                  <conditions>
                    <condition number="9" type="jump" coverage="100%" />
                  </conditions>
                </line>
                <line number="786" hits="1" branch="False" />
                <line number="789" hits="4100" branch="False" />
              </lines>
            </method>
            <method name="Slice" signature="(System.UIntPtr,System.UIntPtr)" line-rate="0.6666" branch-rate="0.5" complexity="2">
              <lines>
                <line number="812" hits="6150" branch="True" condition-coverage="50% (1/2)">
                  <conditions>
                    <condition number="9" type="jump" coverage="50%" />
                  </conditions>
                </line>
                <line number="813" hits="0" branch="False" />
                <line number="816" hits="6150" branch="False" />
              </lines>
            </method>
            <method name="Slice" signature="(System.UIntPtr,System.Int32)" line-rate="0.6" branch-rate="0.5" complexity="4">
              <lines>
                <line number="845" hits="6" branch="True" condition-coverage="50% (1/2)">
                  <conditions>
                    <condition number="2" type="jump" coverage="50%" />
                  </conditions>
                </line>
                <line number="846" hits="0" branch="False" />
                <line number="847" hits="6" branch="True" condition-coverage="50% (1/2)">
                  <conditions>
                    <condition number="74" type="jump" coverage="50%" />
                  </conditions>
                </line>
                <line number="848" hits="0" branch="False" />
                <line number="850" hits="6" branch="False" />
              </lines>
            </method>
            <method name="Slice" signature="(System.Int32,System.Int32)" line-rate="0.8571" branch-rate="0.8332999999999999" complexity="6">
              <lines>
                <line number="879" hits="6" branch="True" condition-coverage="100% (2/2)">
                  <conditions>
                    <condition number="2" type="jump" coverage="100%" />
                  </conditions>
                </line>
                <line number="880" hits="1" branch="False" />
                <line number="881" hits="5" branch="True" condition-coverage="100% (2/2)">
                  <conditions>
                    <condition number="17" type="jump" coverage="100%" />
                  </conditions>
                </line>
                <line number="882" hits="1" branch="False" />
                <line number="883" hits="4" branch="True" condition-coverage="50% (1/2)">
                  <conditions>
                    <condition number="41" type="jump" coverage="50%" />
                  </conditions>
                </line>
                <line number="884" hits="4" branch="False" />
                <line number="885" hits="0" branch="False" />
              </lines>
            </method>
            <method name="ToArray" signature="()" line-rate="0.7391" branch-rate="0.3333" complexity="12">
              <lines>
                <line number="897" hits="5" branch="True" condition-coverage="100% (2/2)">
                  <conditions>
                    <condition number="6" type="jump" coverage="100%" />
                  </conditions>
                </line>
                <line number="898" hits="1" branch="False" />
                <line number="900" hits="4" branch="True" condition-coverage="25% (2/8)">
                  <conditions>
                    <condition number="19" type="jump" coverage="50%" />
                    <condition number="30" type="jump" coverage="50%" />
                    <condition number="125" type="jump" coverage="0%" />
                    <condition number="131" type="jump" coverage="0%" />
                  </conditions>
                </line>
                <line number="901" hits="4" branch="False" />
                <line number="902" hits="4" branch="False" />
                <line number="903" hits="4" branch="False" />
                <line number="904" hits="4" branch="False" />
                <line number="905" hits="4" branch="False" />
                <line number="906" hits="4" branch="False" />
                <line number="907" hits="4" branch="False" />
                <line number="908" hits="4" branch="False" />
                <line number="909" hits="4" branch="False" />
                <line number="910" hits="0" branch="False" />
                <line number="911" hits="0" branch="False" />
                <line number="912" hits="4" branch="False" />
                <line number="913" hits="4" branch="False" />
                <line number="914" hits="0" branch="True" condition-coverage="0% (0/2)">
                  <conditions>
                    <condition number="174" type="jump" coverage="0%" />
                  </conditions>
                </line>
                <line number="915" hits="0" branch="False" />
                <line number="916" hits="0" branch="False" />
                <line number="917" hits="0" branch="False" />
                <line number="918" hits="4" branch="False" />
                <line number="919" hits="4" branch="False" />
                <line number="920" hits="4" branch="False" />
              </lines>
            </method>
            <method name="AsBytes" signature="()" line-rate="0" branch-rate="1" complexity="1">
              <lines>
                <line number="927" hits="0" branch="False" />
              </lines>
            </method>
            <method name="CastAs" signature="()" line-rate="0" branch-rate="1" complexity="1">
              <lines>
                <line number="935" hits="0" branch="False" />
              </lines>
            </method>
            <method name="CompareMemoryInternal" signature="(StirlingLabs.Utilities.BigSpan`1&lt;T&gt;,System.UIntPtr)" line-rate="1" branch-rate="1" complexity="1">
              <lines>
                <line number="942" hits="4106" branch="False" />
              </lines>
            </method>
            <method name="CompareMemoryInternal" signature="(StirlingLabs.Utilities.ReadOnlyBigSpan`1&lt;T&gt;,System.UIntPtr)" line-rate="0" branch-rate="1" complexity="1">
              <lines>
                <line number="946" hits="0" branch="False" />
              </lines>
            </method>
            <method name="CompareMemory" signature="(StirlingLabs.Utilities.BigSpan`1&lt;T&gt;,System.UIntPtr)" line-rate="0" branch-rate="0" complexity="4">
              <lines>
                <line number="951" hits="0" branch="True" condition-coverage="0% (0/4)">
                  <conditions>
                    <condition number="7" type="jump" coverage="0%" />
                    <condition number="16" type="jump" coverage="0%" />
                  </conditions>
                </line>
                <line number="952" hits="0" branch="False" />
                <line number="953" hits="0" branch="False" />
              </lines>
            </method>
            <method name="CompareMemory" signature="(StirlingLabs.Utilities.BigSpan`1&lt;T&gt;)" line-rate="0.625" branch-rate="0.25" complexity="4">
              <lines>
                <line number="959" hits="4106" branch="False" />
                <line number="960" hits="4106" branch="False" />
                <line number="962" hits="4106" branch="False" />
                <line number="963" hits="4106" branch="True" condition-coverage="50% (1/2)">
                  <conditions>
                    <condition number="24" type="jump" coverage="50%" />
                  </conditions>
                </line>
                <line number="964" hits="4106" branch="False" />
                <line number="966" hits="0" branch="False" />
                <line number="967" hits="0" branch="False" />
                <line number="968" hits="0" branch="True" condition-coverage="0% (0/2)">
                  <conditions>
                    <condition number="69" type="jump" coverage="0%" />
                  </conditions>
                </line>
              </lines>
            </method>
            <method name="CompareMemory" signature="(StirlingLabs.Utilities.ReadOnlyBigSpan`1&lt;T&gt;)" line-rate="0" branch-rate="0" complexity="4">
              <lines>
                <line number="974" hits="0" branch="False" />
                <line number="975" hits="0" branch="False" />
                <line number="977" hits="0" branch="False" />
                <line number="978" hits="0" branch="True" condition-coverage="0% (0/2)">
                  <conditions>
                    <condition number="24" type="jump" coverage="0%" />
                  </conditions>
                </line>
                <line number="979" hits="0" branch="False" />
                <line number="981" hits="0" branch="False" />
                <line number="982" hits="0" branch="False" />
                <line number="983" hits="0" branch="True" condition-coverage="0% (0/2)">
                  <conditions>
                    <condition number="69" type="jump" coverage="0%" />
                  </conditions>
                </line>
              </lines>
            </method>
            <method name="CompareMemory" signature="(System.Span`1&lt;T&gt;)" line-rate="0" branch-rate="0" complexity="4">
              <lines>
                <line number="989" hits="0" branch="False" />
                <line number="990" hits="0" branch="False" />
                <line number="992" hits="0" branch="False" />
                <line number="993" hits="0" branch="True" condition-coverage="0% (0/2)">
                  <conditions>
                    <condition number="26" type="jump" coverage="0%" />
                  </conditions>
                </line>
                <line number="994" hits="0" branch="False" />
                <line number="996" hits="0" branch="False" />
                <line number="997" hits="0" branch="False" />
                <line number="998" hits="0" branch="True" condition-coverage="0% (0/2)">
                  <conditions>
                    <condition number="82" type="jump" coverage="0%" />
                  </conditions>
                </line>
              </lines>
            </method>
            <method name="CompareMemory" signature="(System.ReadOnlySpan`1&lt;T&gt;)" line-rate="0" branch-rate="0" complexity="4">
              <lines>
                <line number="1004" hits="0" branch="False" />
                <line number="1005" hits="0" branch="False" />
                <line number="1007" hits="0" branch="False" />
                <line number="1008" hits="0" branch="True" condition-coverage="0% (0/2)">
                  <conditions>
                    <condition number="26" type="jump" coverage="0%" />
                  </conditions>
                </line>
                <line number="1009" hits="0" branch="False" />
                <line number="1011" hits="0" branch="False" />
                <line number="1012" hits="0" branch="False" />
                <line number="1013" hits="0" branch="True" condition-coverage="0% (0/2)">
                  <conditions>
                    <condition number="82" type="jump" coverage="0%" />
                  </conditions>
                </line>
              </lines>
            </method>
            <method name=".ctor" signature="(T[])" line-rate="0.625" branch-rate="0.625" complexity="8">
              <lines>
                <line number="209" hits="52" branch="True" condition-coverage="50% (1/2)">
                  <conditions>
                    <condition number="1" type="jump" coverage="50%" />
                  </conditions>
                </line>
                <line number="211" hits="0" branch="False" />
                <line number="212" hits="0" branch="False" />
                <line number="215" hits="52" branch="True" condition-coverage="75% (3/4)">
                  <conditions>
                    <condition number="16" type="jump" coverage="100%" />
                    <condition number="25" type="jump" coverage="50%" />
                  </conditions>
                </line>
                <line number="216" hits="0" branch="False" />
                <line number="221" hits="52" branch="False" />
                <line number="225" hits="52" branch="True" condition-coverage="50% (1/2)">
                  <conditions>
                    <condition number="51" type="jump" coverage="50%" />
                  </conditions>
                </line>
                <line number="226" hits="52" branch="False" />
              </lines>
            </method>
            <method name=".ctor" signature="(T[],System.Boolean)" line-rate="0.6666" branch-rate="0.5" complexity="4">
              <lines>
                <line number="231" hits="6" branch="True" condition-coverage="50% (1/2)">
                  <conditions>
                    <condition number="1" type="jump" coverage="50%" />
                  </conditions>
                </line>
                <line number="233" hits="0" branch="False" />
                <line number="234" hits="0" branch="False" />
                <line number="245" hits="6" branch="False" />
                <line number="249" hits="6" branch="True" condition-coverage="50% (1/2)">
                  <conditions>
                    <condition number="29" type="jump" coverage="50%" />
                  </conditions>
                </line>
                <line number="250" hits="6" branch="False" />
              </lines>
            </method>
            <method name=".ctor" signature="(T[],System.UIntPtr,System.UIntPtr)" line-rate="0.46149999999999997" branch-rate="0.25" complexity="8">
              <lines>
                <line number="273" hits="7" branch="True" condition-coverage="50% (1/2)">
                  <conditions>
                    <condition number="1" type="jump" coverage="50%" />
                  </conditions>
                </line>
                <line number="275" hits="0" branch="True" condition-coverage="0% (0/2)">
                  <conditions>
                    <condition number="4" type="jump" coverage="0%" />
                  </conditions>
                </line>
                <line number="276" hits="0" branch="False" />
                <line number="277" hits="0" branch="True" condition-coverage="0% (0/2)">
                  <conditions>
                    <condition number="18" type="jump" coverage="0%" />
                  </conditions>
                </line>
                <line number="278" hits="0" branch="False" />
                <line number="279" hits="0" branch="False" />
                <line number="280" hits="0" branch="False" />
                <line number="289" hits="7" branch="True" condition-coverage="50% (1/2)">
                  <conditions>
                    <condition number="46" type="jump" coverage="50%" />
                  </conditions>
                </line>
                <line number="290" hits="0" branch="False" />
                <line number="296" hits="7" branch="False" />
                <line number="297" hits="7" branch="False" />
                <line number="302" hits="7" branch="False" />
                <line number="303" hits="7" branch="False" />
              </lines>
            </method>
            <method name=".ctor" signature="(System.Void*,System.UIntPtr)" line-rate="0.7142000000000001" branch-rate="0.5" complexity="4">
              <lines>
                <line number="322" hits="11" branch="True" condition-coverage="50% (1/2)">
                  <conditions>
                    <condition number="5" type="jump" coverage="50%" />
                  </conditions>
                </line>
                <line number="323" hits="0" branch="False" />
                <line number="325" hits="11" branch="True" condition-coverage="50% (1/2)">
                  <conditions>
                    <condition number="21" type="jump" coverage="50%" />
                  </conditions>
                </line>
                <line number="326" hits="0" branch="False" />
                <line number="328" hits="11" branch="False" />
                <line number="332" hits="11" branch="False" />
                <line number="333" hits="11" branch="False" />
              </lines>
            </method>
            <method name=".ctor" signature="(T&amp;,System.UIntPtr)" line-rate="1" branch-rate="1" complexity="1">
              <lines>
                <line number="342" hits="10257" branch="False" />
                <line number="346" hits="10257" branch="False" />
                <line number="347" hits="10257" branch="False" />
              </lines>
            </method>
          </methods>
          <lines>
            <line number="365" hits="721" branch="True" condition-coverage="100% (2/2)">
              <conditions>
                <condition number="7" type="jump" coverage="100%" />
              </conditions>
            </line>
            <line number="366" hits="1" branch="False" />
            <line number="369" hits="720" branch="False" />
            <line number="388" hits="5" branch="False" />
            <line number="389" hits="10" branch="True" condition-coverage="100% (2/2)">
              <conditions>
                <condition number="16" type="jump" coverage="100%" />
              </conditions>
            </line>
            <line number="390" hits="5" branch="False" />
            <line number="397" hits="1" branch="False" />
            <line number="398" hits="1" branch="True" condition-coverage="50% (1/2)">
              <conditions>
                <condition number="32" type="jump" coverage="50%" />
              </conditions>
            </line>
            <line number="399" hits="1" branch="False" />
            <line number="400" hits="1" branch="True" condition-coverage="50% (1/2)">
              <conditions>
                <condition number="75" type="jump" coverage="50%" />
              </conditions>
            </line>
            <line number="401" hits="1" branch="False" />
            <line number="402" hits="1" branch="False" />
            <line number="414" hits="35" branch="False" />
            <line number="424" hits="0" branch="False" />
            <line number="434" hits="0" branch="False" />
            <line number="442" hits="0" branch="False" />
            <line number="454" hits="0" branch="False" />
            <line number="466" hits="0" branch="False" />
            <line number="473" hits="26" branch="False" />
            <line number="479" hits="0" branch="False" />
            <line number="487" hits="1" branch="False" />
            <line number="493" hits="0" branch="False" />
            <line number="498" hits="2" branch="False" />
            <line number="502" hits="0" branch="False" />
            <line number="514" hits="12356" branch="False" />
            <line number="515" hits="12356" branch="True" condition-coverage="100% (2/2)">
              <conditions>
                <condition number="12" type="jump" coverage="100%" />
              </conditions>
            </line>
            <line number="517" hits="12347" branch="False" />
            <line number="521" hits="12356" branch="False" />
            <line number="526" hits="8212" branch="False" />
            <line number="535" hits="2049" branch="True" condition-coverage="50% (1/2)">
              <conditions>
                <condition number="5" type="jump" coverage="50%" />
              </conditions>
            </line>
            <line number="536" hits="0" branch="False" />
            <line number="537" hits="0" branch="False" />
            <line number="539" hits="2049" branch="False" />
            <line number="540" hits="2049" branch="False" />
            <line number="549" hits="2049" branch="False" />
            <line number="557" hits="0" branch="True" condition-coverage="0% (0/2)">
              <conditions>
                <condition number="6" type="jump" coverage="0%" />
              </conditions>
            </line>
            <line number="561" hits="0" branch="True" condition-coverage="0% (0/2)">
              <conditions>
                <condition number="14" type="jump" coverage="0%" />
              </conditions>
            </line>
            <line number="567" hits="0" branch="False" />
            <line number="568" hits="0" branch="False" />
            <line number="577" hits="0" branch="False" />
            <line number="581" hits="0" branch="False" />
            <line number="606" hits="2067" branch="False" />
            <line number="607" hits="2067" branch="False" />
            <line number="608" hits="2067" branch="False" />
            <line number="609" hits="2067" branch="True" condition-coverage="100% (2/2)">
              <conditions>
                <condition number="27" type="jump" coverage="100%" />
              </conditions>
            </line>
            <line number="610" hits="2" branch="False" />
            <line number="612" hits="2065" branch="True" condition-coverage="100% (2/2)">
              <conditions>
                <condition number="47" type="jump" coverage="100%" />
              </conditions>
            </line>
            <line number="613" hits="2068" branch="True" condition-coverage="100% (2/2)">
              <conditions>
                <condition number="57" type="jump" coverage="100%" />
              </conditions>
            </line>
            <line number="615" hits="2062" branch="False" />
            <line number="617" hits="2062" branch="False" />
            <line number="623" hits="2062" branch="True" condition-coverage="50% (1/2)">
              <conditions>
                <condition number="89" type="jump" coverage="50%" />
              </conditions>
            </line>
            <line number="624" hits="2062" branch="True" condition-coverage="50% (1/2)">
              <conditions>
                <condition number="106" type="jump" coverage="50%" />
              </conditions>
            </line>
            <line number="625" hits="2062" branch="False" />
            <line number="626" hits="2062" branch="False" />
            <line number="645" hits="6" branch="False" />
            <line number="646" hits="6" branch="False" />
            <line number="647" hits="6" branch="False" />
            <line number="648" hits="6" branch="True" condition-coverage="100% (2/2)">
              <conditions>
                <condition number="27" type="jump" coverage="100%" />
              </conditions>
            </line>
            <line number="649" hits="1" branch="False" />
            <line number="651" hits="5" branch="True" condition-coverage="100% (2/2)">
              <conditions>
                <condition number="33" type="jump" coverage="100%" />
              </conditions>
            </line>
            <line number="652" hits="6" branch="True" condition-coverage="100% (2/2)">
              <conditions>
                <condition number="43" type="jump" coverage="100%" />
              </conditions>
            </line>
            <line number="654" hits="4" branch="False" />
            <line number="656" hits="4" branch="False" />
            <line number="662" hits="4" branch="True" condition-coverage="50% (1/2)">
              <conditions>
                <condition number="76" type="jump" coverage="50%" />
              </conditions>
            </line>
            <line number="663" hits="4" branch="True" condition-coverage="50% (1/2)">
              <conditions>
                <condition number="93" type="jump" coverage="50%" />
              </conditions>
            </line>
            <line number="664" hits="4" branch="False" />
            <line number="665" hits="4" branch="False" />
            <line number="674" hits="0" branch="True" condition-coverage="0% (0/2)">
              <conditions>
                <condition number="12" type="jump" coverage="0%" />
              </conditions>
            </line>
            <line number="675" hits="0" branch="False" />
            <line number="676" hits="0" branch="False" />
            <line number="688" hits="2" branch="False" />
            <line number="706" hits="0" branch="True" condition-coverage="0% (0/2)">
              <conditions>
                <condition number="12" type="jump" coverage="0%" />
              </conditions>
            </line>
            <line number="707" hits="0" branch="False" />
            <line number="708" hits="0" branch="False" />
            <line number="709" hits="0" branch="False" />
            <line number="710" hits="0" branch="False" />
            <line number="711" hits="0" branch="False" />
            <line number="712" hits="0" branch="False" />
            <line number="713" hits="0" branch="False" />
            <line number="729" hits="0" branch="True" condition-coverage="0% (0/2)">
              <conditions>
                <condition number="12" type="jump" coverage="0%" />
              </conditions>
            </line>
            <line number="730" hits="0" branch="False" />
            <line number="731" hits="0" branch="False" />
            <line number="732" hits="0" branch="False" />
            <line number="733" hits="0" branch="False" />
            <line number="734" hits="0" branch="False" />
            <line number="735" hits="0" branch="False" />
            <line number="736" hits="0" branch="False" />
            <line number="743" hits="0" branch="False" />
            <line number="749" hits="0" branch="False" />
            <line number="765" hits="0" branch="True" condition-coverage="0% (0/4)">
              <conditions>
                <condition number="5" type="jump" coverage="0%" />
                <condition number="19" type="jump" coverage="0%" />
              </conditions>
            </line>
            <line number="767" hits="0" branch="False" />
            <line number="771" hits="0" branch="False" />
            <line number="785" hits="4101" branch="True" condition-coverage="100% (2/2)">
              <conditions>
                <condition number="9" type="jump" coverage="100%" />
              </conditions>
            </line>
            <line number="786" hits="1" branch="False" />
            <line number="789" hits="4100" branch="False" />
            <line number="812" hits="6150" branch="True" condition-coverage="50% (1/2)">
              <conditions>
                <condition number="9" type="jump" coverage="50%" />
              </conditions>
            </line>
            <line number="813" hits="0" branch="False" />
            <line number="816" hits="6150" branch="False" />
            <line number="845" hits="6" branch="True" condition-coverage="50% (1/2)">
              <conditions>
                <condition number="2" type="jump" coverage="50%" />
              </conditions>
            </line>
            <line number="846" hits="0" branch="False" />
            <line number="847" hits="6" branch="True" condition-coverage="50% (1/2)">
              <conditions>
                <condition number="74" type="jump" coverage="50%" />
              </conditions>
            </line>
            <line number="848" hits="0" branch="False" />
            <line number="850" hits="6" branch="False" />
            <line number="879" hits="6" branch="True" condition-coverage="100% (2/2)">
              <conditions>
                <condition number="2" type="jump" coverage="100%" />
              </conditions>
            </line>
            <line number="880" hits="1" branch="False" />
            <line number="881" hits="5" branch="True" condition-coverage="100% (2/2)">
              <conditions>
                <condition number="17" type="jump" coverage="100%" />
              </conditions>
            </line>
            <line number="882" hits="1" branch="False" />
            <line number="883" hits="4" branch="True" condition-coverage="50% (1/2)">
              <conditions>
                <condition number="41" type="jump" coverage="50%" />
              </conditions>
            </line>
            <line number="884" hits="4" branch="False" />
            <line number="885" hits="0" branch="False" />
            <line number="897" hits="5" branch="True" condition-coverage="100% (2/2)">
              <conditions>
                <condition number="6" type="jump" coverage="100%" />
              </conditions>
            </line>
            <line number="898" hits="1" branch="False" />
            <line number="900" hits="4" branch="True" condition-coverage="25% (2/8)">
              <conditions>
                <condition number="19" type="jump" coverage="50%" />
                <condition number="30" type="jump" coverage="50%" />
                <condition number="125" type="jump" coverage="0%" />
                <condition number="131" type="jump" coverage="0%" />
              </conditions>
            </line>
            <line number="901" hits="4" branch="False" />
            <line number="902" hits="4" branch="False" />
            <line number="903" hits="4" branch="False" />
            <line number="904" hits="4" branch="False" />
            <line number="905" hits="4" branch="False" />
            <line number="906" hits="4" branch="False" />
            <line number="907" hits="4" branch="False" />
            <line number="908" hits="4" branch="False" />
            <line number="909" hits="4" branch="False" />
            <line number="910" hits="0" branch="False" />
            <line number="911" hits="0" branch="False" />
            <line number="912" hits="4" branch="False" />
            <line number="913" hits="4" branch="False" />
            <line number="914" hits="0" branch="True" condition-coverage="0% (0/2)">
              <conditions>
                <condition number="174" type="jump" coverage="0%" />
              </conditions>
            </line>
            <line number="915" hits="0" branch="False" />
            <line number="916" hits="0" branch="False" />
            <line number="917" hits="0" branch="False" />
            <line number="918" hits="4" branch="False" />
            <line number="919" hits="4" branch="False" />
            <line number="920" hits="4" branch="False" />
            <line number="927" hits="0" branch="False" />
            <line number="935" hits="0" branch="False" />
            <line number="942" hits="4106" branch="False" />
            <line number="946" hits="0" branch="False" />
            <line number="951" hits="0" branch="True" condition-coverage="0% (0/4)">
              <conditions>
                <condition number="7" type="jump" coverage="0%" />
                <condition number="16" type="jump" coverage="0%" />
              </conditions>
            </line>
            <line number="952" hits="0" branch="False" />
            <line number="953" hits="0" branch="False" />
            <line number="959" hits="4106" branch="False" />
            <line number="960" hits="4106" branch="False" />
            <line number="962" hits="4106" branch="False" />
            <line number="963" hits="4106" branch="True" condition-coverage="50% (1/2)">
              <conditions>
                <condition number="24" type="jump" coverage="50%" />
              </conditions>
            </line>
            <line number="964" hits="4106" branch="False" />
            <line number="966" hits="0" branch="False" />
            <line number="967" hits="0" branch="False" />
            <line number="968" hits="0" branch="True" condition-coverage="0% (0/2)">
              <conditions>
                <condition number="69" type="jump" coverage="0%" />
              </conditions>
            </line>
            <line number="974" hits="0" branch="False" />
            <line number="975" hits="0" branch="False" />
            <line number="977" hits="0" branch="False" />
            <line number="978" hits="0" branch="True" condition-coverage="0% (0/2)">
              <conditions>
                <condition number="24" type="jump" coverage="0%" />
              </conditions>
            </line>
            <line number="979" hits="0" branch="False" />
            <line number="981" hits="0" branch="False" />
            <line number="982" hits="0" branch="False" />
            <line number="983" hits="0" branch="True" condition-coverage="0% (0/2)">
              <conditions>
                <condition number="69" type="jump" coverage="0%" />
              </conditions>
            </line>
            <line number="989" hits="0" branch="False" />
            <line number="990" hits="0" branch="False" />
            <line number="992" hits="0" branch="False" />
            <line number="993" hits="0" branch="True" condition-coverage="0% (0/2)">
              <conditions>
                <condition number="26" type="jump" coverage="0%" />
              </conditions>
            </line>
            <line number="994" hits="0" branch="False" />
            <line number="996" hits="0" branch="False" />
            <line number="997" hits="0" branch="False" />
            <line number="998" hits="0" branch="True" condition-coverage="0% (0/2)">
              <conditions>
                <condition number="82" type="jump" coverage="0%" />
              </conditions>
            </line>
            <line number="1004" hits="0" branch="False" />
            <line number="1005" hits="0" branch="False" />
            <line number="1007" hits="0" branch="False" />
            <line number="1008" hits="0" branch="True" condition-coverage="0% (0/2)">
              <conditions>
                <condition number="26" type="jump" coverage="0%" />
              </conditions>
            </line>
            <line number="1009" hits="0" branch="False" />
            <line number="1011" hits="0" branch="False" />
            <line number="1012" hits="0" branch="False" />
            <line number="1013" hits="0" branch="True" condition-coverage="0% (0/2)">
              <conditions>
                <condition number="82" type="jump" coverage="0%" />
              </conditions>
            </line>
            <line number="209" hits="52" branch="True" condition-coverage="50% (1/2)">
              <conditions>
                <condition number="1" type="jump" coverage="50%" />
              </conditions>
            </line>
            <line number="211" hits="0" branch="False" />
            <line number="212" hits="0" branch="False" />
            <line number="215" hits="52" branch="True" condition-coverage="75% (3/4)">
              <conditions>
                <condition number="16" type="jump" coverage="100%" />
                <condition number="25" type="jump" coverage="50%" />
              </conditions>
            </line>
            <line number="216" hits="0" branch="False" />
            <line number="221" hits="52" branch="False" />
            <line number="225" hits="52" branch="True" condition-coverage="50% (1/2)">
              <conditions>
                <condition number="51" type="jump" coverage="50%" />
              </conditions>
            </line>
            <line number="226" hits="52" branch="False" />
            <line number="231" hits="6" branch="True" condition-coverage="50% (1/2)">
              <conditions>
                <condition number="1" type="jump" coverage="50%" />
              </conditions>
            </line>
            <line number="233" hits="0" branch="False" />
            <line number="234" hits="0" branch="False" />
            <line number="245" hits="6" branch="False" />
            <line number="249" hits="6" branch="True" condition-coverage="50% (1/2)">
              <conditions>
                <condition number="29" type="jump" coverage="50%" />
              </conditions>
            </line>
            <line number="250" hits="6" branch="False" />
            <line number="273" hits="7" branch="True" condition-coverage="50% (1/2)">
              <conditions>
                <condition number="1" type="jump" coverage="50%" />
              </conditions>
            </line>
            <line number="275" hits="0" branch="True" condition-coverage="0% (0/2)">
              <conditions>
                <condition number="4" type="jump" coverage="0%" />
              </conditions>
            </line>
            <line number="276" hits="0" branch="False" />
            <line number="277" hits="0" branch="True" condition-coverage="0% (0/2)">
              <conditions>
                <condition number="18" type="jump" coverage="0%" />
              </conditions>
            </line>
            <line number="278" hits="0" branch="False" />
            <line number="279" hits="0" branch="False" />
            <line number="280" hits="0" branch="False" />
            <line number="289" hits="7" branch="True" condition-coverage="50% (1/2)">
              <conditions>
                <condition number="46" type="jump" coverage="50%" />
              </conditions>
            </line>
            <line number="290" hits="0" branch="False" />
            <line number="296" hits="7" branch="False" />
            <line number="297" hits="7" branch="False" />
            <line number="302" hits="7" branch="False" />
            <line number="303" hits="7" branch="False" />
            <line number="322" hits="11" branch="True" condition-coverage="50% (1/2)">
              <conditions>
                <condition number="5" type="jump" coverage="50%" />
              </conditions>
            </line>
            <line number="323" hits="0" branch="False" />
            <line number="325" hits="11" branch="True" condition-coverage="50% (1/2)">
              <conditions>
                <condition number="21" type="jump" coverage="50%" />
              </conditions>
            </line>
            <line number="326" hits="0" branch="False" />
            <line number="328" hits="11" branch="False" />
            <line number="332" hits="11" branch="False" />
            <line number="333" hits="11" branch="False" />
            <line number="342" hits="10257" branch="False" />
            <line number="346" hits="10257" branch="False" />
            <line number="347" hits="10257" branch="False" />
          </lines>
        </class>
        <class name="StirlingLabs.Utilities.BigSpanDebugView`1" filename="/_/StirlingLabs.BigSpans/BigSpanDebugView.cs" line-rate="0" branch-rate="0" complexity="7">
          <methods>
            <method name="get_Type" signature="()" line-rate="0" branch-rate="1" complexity="1">
              <lines>
                <line number="15" hits="0" branch="False" />
              </lines>
            </method>
            <method name="get_Pointer" signature="()" line-rate="0" branch-rate="1" complexity="1">
              <lines>
                <line number="21" hits="0" branch="False" />
              </lines>
            </method>
            <method name="get_Length" signature="()" line-rate="0" branch-rate="1" complexity="1">
              <lines>
                <line number="24" hits="0" branch="False" />
              </lines>
            </method>
            <method name="get_Items" signature="()" line-rate="0" branch-rate="1" complexity="1">
              <lines>
                <line number="35" hits="0" branch="False" />
              </lines>
            </method>
            <method name=".ctor" signature="(StirlingLabs.Utilities.BigSpan`1&lt;T&gt;)" line-rate="0" branch-rate="1" complexity="1">
              <lines>
                <line number="27" hits="0" branch="False" />
              </lines>
            </method>
            <method name=".ctor" signature="(StirlingLabs.Utilities.ReadOnlyBigSpan`1&lt;T&gt;)" line-rate="0" branch-rate="0" complexity="2">
              <lines>
                <line number="29" hits="0" branch="False" />
                <line number="30" hits="0" branch="True" condition-coverage="0% (0/2)">
                  <conditions>
                    <condition number="14" type="jump" coverage="0%" />
                  </conditions>
                </line>
                <line number="31" hits="0" branch="False" />
                <line number="32" hits="0" branch="False" />
              </lines>
            </method>
          </methods>
          <lines>
            <line number="15" hits="0" branch="False" />
            <line number="21" hits="0" branch="False" />
            <line number="24" hits="0" branch="False" />
            <line number="35" hits="0" branch="False" />
            <line number="27" hits="0" branch="False" />
            <line number="29" hits="0" branch="False" />
            <line number="30" hits="0" branch="True" condition-coverage="0% (0/2)">
              <conditions>
                <condition number="14" type="jump" coverage="0%" />
              </conditions>
            </line>
            <line number="31" hits="0" branch="False" />
            <line number="32" hits="0" branch="False" />
          </lines>
        </class>
        <class name="StirlingLabs.Utilities.BigSpanEnumerator`1" filename="/_/StirlingLabs.BigSpans/BigSpanEnumerator.cs" line-rate="0" branch-rate="0" complexity="4">
          <methods>
            <method name="MoveNext" signature="()" line-rate="0" branch-rate="0" complexity="2">
              <lines>
                <line number="32" hits="0" branch="False" />
                <line number="33" hits="0" branch="True" condition-coverage="0% (0/2)">
                  <conditions>
                    <condition number="22" type="jump" coverage="0%" />
                  </conditions>
                </line>
                <line number="34" hits="0" branch="False" />
                <line number="36" hits="0" branch="False" />
                <line number="37" hits="0" branch="False" />
              </lines>
            </method>
            <method name="get_Current" signature="()" line-rate="0" branch-rate="1" complexity="1">
              <lines>
                <line number="45" hits="0" branch="False" />
              </lines>
            </method>
            <method name=".ctor" signature="(StirlingLabs.Utilities.BigSpan`1&lt;T&gt;)" line-rate="0" branch-rate="1" complexity="1">
              <lines>
                <line number="20" hits="0" branch="False" />
                <line number="24" hits="0" branch="False" />
                <line number="26" hits="0" branch="False" />
              </lines>
            </method>
          </methods>
          <lines>
            <line number="32" hits="0" branch="False" />
            <line number="33" hits="0" branch="True" condition-coverage="0% (0/2)">
              <conditions>
                <condition number="22" type="jump" coverage="0%" />
              </conditions>
            </line>
            <line number="34" hits="0" branch="False" />
            <line number="36" hits="0" branch="False" />
            <line number="37" hits="0" branch="False" />
            <line number="45" hits="0" branch="False" />
            <line number="20" hits="0" branch="False" />
            <line number="24" hits="0" branch="False" />
            <line number="26" hits="0" branch="False" />
          </lines>
        </class>
        <class name="StirlingLabs.Utilities.BigSpanExtensions" filename="/_/StirlingLabs.BigSpans/BigSpanExtensions.cs" line-rate="0.1741" branch-rate="0.10460000000000001" complexity="111">
          <methods>
            <method name="GetReference" signature="(StirlingLabs.Utilities.BigSpan`1&lt;T&gt;)" line-rate="1" branch-rate="1" complexity="1">
              <lines>
                <line number="25" hits="8" branch="False" />
              </lines>
            </method>
            <method name="GetReference" signature="(StirlingLabs.Utilities.ReadOnlyBigSpan`1&lt;T&gt;)" line-rate="0" branch-rate="1" complexity="1">
              <lines>
                <line number="35" hits="0" branch="False" />
              </lines>
            </method>
            <method name="CopyTo" signature="(T[],StirlingLabs.Utilities.BigSpan`1&lt;T&gt;)" line-rate="1" branch-rate="1" complexity="1">
              <lines>
                <line number="41" hits="6" branch="False" />
              </lines>
            </method>
            <method name="CopyTo" signature="(System.Span`1&lt;T&gt;,StirlingLabs.Utilities.BigSpan`1&lt;T&gt;)" line-rate="0.9229999999999999" branch-rate="0.5" complexity="10">
              <lines>
                <line number="62" hits="1" branch="False" />
                <line number="63" hits="1" branch="False" />
                <line number="64" hits="1" branch="False" />
                <line number="65" hits="1" branch="True" condition-coverage="50% (1/2)">
                  <conditions>
                    <condition number="30" type="jump" coverage="50%" />
                  </conditions>
                </line>
                <line number="66" hits="0" branch="False" />
                <line number="68" hits="1" branch="True" condition-coverage="50% (1/2)">
                  <conditions>
                    <condition number="50" type="jump" coverage="50%" />
                  </conditions>
                </line>
                <line number="69" hits="1" branch="True" condition-coverage="50% (1/2)">
                  <conditions>
                    <condition number="60" type="jump" coverage="50%" />
                  </conditions>
                </line>
                <line number="71" hits="1" branch="False" />
                <line number="73" hits="1" branch="False" />
                <line number="79" hits="1" branch="True" condition-coverage="50% (1/2)">
                  <conditions>
                    <condition number="93" type="jump" coverage="50%" />
                  </conditions>
                </line>
                <line number="80" hits="1" branch="True" condition-coverage="50% (1/2)">
                  <conditions>
                    <condition number="110" type="jump" coverage="50%" />
                  </conditions>
                </line>
                <line number="82" hits="1" branch="False" />
                <line number="83" hits="1" branch="False" />
              </lines>
            </method>
            <method name="TryCopyTo" signature="(System.Span`1&lt;T&gt;,StirlingLabs.Utilities.BigSpan`1&lt;T&gt;)" line-rate="0" branch-rate="0" complexity="10">
              <lines>
                <line number="103" hits="0" branch="False" />
                <line number="104" hits="0" branch="False" />
                <line number="105" hits="0" branch="False" />
                <line number="106" hits="0" branch="True" condition-coverage="0% (0/2)">
                  <conditions>
                    <condition number="30" type="jump" coverage="0%" />
                  </conditions>
                </line>
                <line number="107" hits="0" branch="False" />
                <line number="109" hits="0" branch="True" condition-coverage="0% (0/2)">
                  <conditions>
                    <condition number="36" type="jump" coverage="0%" />
                  </conditions>
                </line>
                <line number="110" hits="0" branch="True" condition-coverage="0% (0/2)">
                  <conditions>
                    <condition number="46" type="jump" coverage="0%" />
                  </conditions>
                </line>
                <line number="112" hits="0" branch="False" />
                <line number="114" hits="0" branch="False" />
                <line number="120" hits="0" branch="True" condition-coverage="0% (0/2)">
                  <conditions>
                    <condition number="80" type="jump" coverage="0%" />
                  </conditions>
                </line>
                <line number="121" hits="0" branch="True" condition-coverage="0% (0/2)">
                  <conditions>
                    <condition number="97" type="jump" coverage="0%" />
                  </conditions>
                </line>
                <line number="123" hits="0" branch="False" />
                <line number="124" hits="0" branch="False" />
              </lines>
            </method>
            <method name="CopyTo" signature="(System.ReadOnlySpan`1&lt;T&gt;,StirlingLabs.Utilities.BigSpan`1&lt;T&gt;)" line-rate="0" branch-rate="0" complexity="10">
              <lines>
                <line number="146" hits="0" branch="False" />
                <line number="147" hits="0" branch="False" />
                <line number="148" hits="0" branch="False" />
                <line number="149" hits="0" branch="True" condition-coverage="0% (0/2)">
                  <conditions>
                    <condition number="30" type="jump" coverage="0%" />
                  </conditions>
                </line>
                <line number="150" hits="0" branch="False" />
                <line number="152" hits="0" branch="True" condition-coverage="0% (0/2)">
                  <conditions>
                    <condition number="50" type="jump" coverage="0%" />
                  </conditions>
                </line>
                <line number="153" hits="0" branch="True" condition-coverage="0% (0/2)">
                  <conditions>
                    <condition number="60" type="jump" coverage="0%" />
                  </conditions>
                </line>
                <line number="155" hits="0" branch="False" />
                <line number="157" hits="0" branch="False" />
                <line number="163" hits="0" branch="True" condition-coverage="0% (0/2)">
                  <conditions>
                    <condition number="98" type="jump" coverage="0%" />
                  </conditions>
                </line>
                <line number="164" hits="0" branch="True" condition-coverage="0% (0/2)">
                  <conditions>
                    <condition number="115" type="jump" coverage="0%" />
                  </conditions>
                </line>
                <line number="166" hits="0" branch="False" />
                <line number="167" hits="0" branch="False" />
              </lines>
            </method>
            <method name="TryCopyTo" signature="(System.ReadOnlySpan`1&lt;T&gt;,StirlingLabs.Utilities.BigSpan`1&lt;T&gt;)" line-rate="0" branch-rate="0" complexity="10">
              <lines>
                <line number="187" hits="0" branch="False" />
                <line number="188" hits="0" branch="False" />
                <line number="189" hits="0" branch="False" />
                <line number="190" hits="0" branch="True" condition-coverage="0% (0/2)">
                  <conditions>
                    <condition number="30" type="jump" coverage="0%" />
                  </conditions>
                </line>
                <line number="191" hits="0" branch="False" />
                <line number="193" hits="0" branch="True" condition-coverage="0% (0/2)">
                  <conditions>
                    <condition number="36" type="jump" coverage="0%" />
                  </conditions>
                </line>
                <line number="194" hits="0" branch="True" condition-coverage="0% (0/2)">
                  <conditions>
                    <condition number="46" type="jump" coverage="0%" />
                  </conditions>
                </line>
                <line number="196" hits="0" branch="False" />
                <line number="198" hits="0" branch="False" />
                <line number="204" hits="0" branch="True" condition-coverage="0% (0/2)">
                  <conditions>
                    <condition number="85" type="jump" coverage="0%" />
                  </conditions>
                </line>
                <line number="205" hits="0" branch="True" condition-coverage="0% (0/2)">
                  <conditions>
                    <condition number="102" type="jump" coverage="0%" />
                  </conditions>
                </line>
                <line number="207" hits="0" branch="False" />
                <line number="208" hits="0" branch="False" />
              </lines>
            </method>
            <method name="SequenceEqual" signature="(StirlingLabs.Utilities.BigSpan`1&lt;T&gt;,StirlingLabs.Utilities.BigSpan`1&lt;T&gt;)" line-rate="1" branch-rate="1" complexity="1">
              <lines>
                <line number="214" hits="4098" branch="False" />
              </lines>
            </method>
            <method name="SequenceEqual" signature="(StirlingLabs.Utilities.ReadOnlyBigSpan`1&lt;T&gt;,StirlingLabs.Utilities.BigSpan`1&lt;T&gt;)" line-rate="0" branch-rate="1" complexity="1">
              <lines>
                <line number="219" hits="0" branch="False" />
              </lines>
            </method>
[...]
              </lines>
            </method>
            <method name="System.Collections.IEnumerator.get_Current" signature="()" line-rate="1" branch-rate="1" complexity="1">
              <lines>
                <line number="122" hits="5" branch="False" />
              </lines>
            </method>
            <method name="System.IDisposable.Dispose" signature="()" line-rate="1" branch-rate="1" complexity="1">
              <lines>
                <line number="129" hits="3" branch="False" />
              </lines>
            </method>
            <method name="GetEnumerator" signature="()" line-rate="1" branch-rate="1" complexity="1">
              <lines>
                <line number="133" hits="3" branch="False" />
              </lines>
            </method>
            <method name="System.Collections.IEnumerable.GetEnumerator" signature="()" line-rate="1" branch-rate="1" complexity="1">
              <lines>
                <line number="137" hits="1" branch="False" />
              </lines>
            </method>
            <method name="GetPinnableReference" signature="()" line-rate="0" branch-rate="1" complexity="1">
              <lines>
                <line number="141" hits="0" branch="False" />
              </lines>
            </method>
            <method name="CopyTo" signature="(T[],System.Int32)" line-rate="0" branch-rate="1" complexity="1">
              <lines>
                <line number="145" hits="0" branch="False" />
                <line number="146" hits="0" branch="False" />
              </lines>
            </method>
            <method name="get_Count" signature="()" line-rate="0" branch-rate="1" complexity="1">
              <lines>
                <line number="151" hits="0" branch="False" />
              </lines>
            </method>
            <method name="get_IsReadOnly" signature="()" line-rate="0" branch-rate="1" complexity="1">
              <lines>
                <line number="157" hits="0" branch="False" />
              </lines>
            </method>
            <method name="get_Item" signature="(System.Int32)" line-rate="0" branch-rate="1" complexity="1">
              <lines>
                <line number="163" hits="0" branch="False" />
              </lines>
            </method>
            <method name="set_Item" signature="(System.Int32,T)" line-rate="0" branch-rate="1" complexity="1">
              <lines>
                <line number="164" hits="0" branch="False" />
              </lines>
            </method>
            <method name="Add" signature="(T)" line-rate="0" branch-rate="1" complexity="1">
              <lines>
                <line number="170" hits="0" branch="False" />
              </lines>
            </method>
            <method name="Remove" signature="(T)" line-rate="0" branch-rate="1" complexity="1">
              <lines>
                <line number="174" hits="0" branch="False" />
              </lines>
            </method>
            <method name="Contains" signature="(T)" line-rate="0" branch-rate="1" complexity="1">
              <lines>
                <line number="178" hits="0" branch="False" />
              </lines>
            </method>
            <method name="Clear" signature="()" line-rate="0" branch-rate="1" complexity="1">
              <lines>
                <line number="182" hits="0" branch="False" />
              </lines>
            </method>
            <method name="IndexOf" signature="(T)" line-rate="0" branch-rate="1" complexity="1">
              <lines>
                <line number="186" hits="0" branch="False" />
              </lines>
            </method>
            <method name="Insert" signature="(System.Int32,T)" line-rate="0" branch-rate="1" complexity="1">
              <lines>
                <line number="190" hits="0" branch="False" />
              </lines>
            </method>
            <method name="RemoveAt" signature="(System.Int32)" line-rate="0" branch-rate="1" complexity="1">
              <lines>
                <line number="194" hits="0" branch="False" />
              </lines>
            </method>
            <method name=".ctor" signature="()" line-rate="0" branch-rate="1" complexity="1">
              <lines>
                <line number="49" hits="0" branch="False" />
              </lines>
            </method>
            <method name=".ctor" signature="(T&amp;,System.UIntPtr)" line-rate="0" branch-rate="1" complexity="1">
              <lines>
                <line number="52" hits="0" branch="False" />
                <line number="54" hits="0" branch="False" />
                <line number="55" hits="0" branch="False" />
                <line number="56" hits="0" branch="False" />
                <line number="57" hits="0" branch="False" />
              </lines>
            </method>
            <method name=".ctor" signature="(System.Span`1&lt;T&gt;)" line-rate="0" branch-rate="1" complexity="1">
              <lines>
                <line number="60" hits="0" branch="False" />
                <line number="62" hits="0" branch="False" />
                <line number="63" hits="0" branch="False" />
                <line number="64" hits="0" branch="False" />
                <line number="65" hits="0" branch="False" />
              </lines>
            </method>
            <method name=".ctor" signature="(System.ReadOnlySpan`1&lt;T&gt;)" line-rate="0" branch-rate="1" complexity="1">
              <lines>
                <line number="68" hits="0" branch="False" />
                <line number="70" hits="0" branch="False" />
                <line number="71" hits="0" branch="False" />
                <line number="72" hits="0" branch="False" />
                <line number="73" hits="0" branch="False" />
              </lines>
            </method>
            <method name=".ctor" signature="(StirlingLabs.Utilities.BigSpan`1&lt;T&gt;)" line-rate="1" branch-rate="1" complexity="1">
              <lines>
                <line number="76" hits="3" branch="False" />
                <line number="78" hits="3" branch="False" />
                <line number="79" hits="3" branch="False" />
                <line number="80" hits="3" branch="False" />
                <line number="81" hits="3" branch="False" />
              </lines>
            </method>
            <method name=".ctor" signature="(StirlingLabs.Utilities.ReadOnlyBigSpan`1&lt;T&gt;)" line-rate="0" branch-rate="1" complexity="1">
              <lines>
                <line number="84" hits="0" branch="False" />
                <line number="86" hits="0" branch="False" />
                <line number="87" hits="0" branch="False" />
                <line number="88" hits="0" branch="False" />
                <line number="89" hits="0" branch="False" />
              </lines>
            </method>
          </methods>
          <lines>
            <line number="94" hits="18" branch="False" />
            <line number="95" hits="18" branch="True" condition-coverage="100% (2/2)">
              <conditions>
                <condition number="26" type="jump" coverage="100%" />
              </conditions>
            </line>
            <line number="96" hits="15" branch="False" />
            <line number="98" hits="3" branch="False" />
            <line number="99" hits="3" branch="False" />
            <line number="104" hits="3" branch="False" />
            <line number="110" hits="15" branch="False" />
            <line number="116" hits="10" branch="False" />
            <line number="122" hits="5" branch="False" />
            <line number="129" hits="3" branch="False" />
            <line number="133" hits="3" branch="False" />
            <line number="137" hits="1" branch="False" />
            <line number="141" hits="0" branch="False" />
            <line number="145" hits="0" branch="False" />
            <line number="146" hits="0" branch="False" />
            <line number="151" hits="0" branch="False" />
            <line number="157" hits="0" branch="False" />
            <line number="163" hits="0" branch="False" />
            <line number="164" hits="0" branch="False" />
            <line number="170" hits="0" branch="False" />
            <line number="174" hits="0" branch="False" />
            <line number="178" hits="0" branch="False" />
            <line number="182" hits="0" branch="False" />
            <line number="186" hits="0" branch="False" />
            <line number="190" hits="0" branch="False" />
            <line number="194" hits="0" branch="False" />
            <line number="49" hits="0" branch="False" />
            <line number="52" hits="0" branch="False" />
            <line number="54" hits="0" branch="False" />
            <line number="55" hits="0" branch="False" />
            <line number="56" hits="0" branch="False" />
            <line number="57" hits="0" branch="False" />
            <line number="60" hits="0" branch="False" />
            <line number="62" hits="0" branch="False" />
            <line number="63" hits="0" branch="False" />
            <line number="64" hits="0" branch="False" />
            <line number="65" hits="0" branch="False" />
            <line number="68" hits="0" branch="False" />
            <line number="70" hits="0" branch="False" />
            <line number="71" hits="0" branch="False" />
            <line number="72" hits="0" branch="False" />
            <line number="73" hits="0" branch="False" />
            <line number="76" hits="3" branch="False" />
            <line number="78" hits="3" branch="False" />
            <line number="79" hits="3" branch="False" />
            <line number="80" hits="3" branch="False" />
            <line number="81" hits="3" branch="False" />
            <line number="84" hits="0" branch="False" />
            <line number="86" hits="0" branch="False" />
            <line number="87" hits="0" branch="False" />
            <line number="88" hits="0" branch="False" />
            <line number="89" hits="0" branch="False" />
          </lines>
        </class>
        <class name="StirlingLabs.Utilities.UnsafeEnumeratorExtensions" filename="/_/StirlingLabs.BigSpans/UnsafeEnumeratorExtensions.cs" line-rate="0.1388" branch-rate="0.0625" complexity="16">
          <methods>
            <method name="AsPinnedEnumerable" signature="(System.Span`1&lt;T&gt;,System.Action`1&lt;System.Collections.Generic.IEnumerable`1&lt;T&gt;&gt;)" line-rate="0" branch-rate="0" complexity="2">
              <lines>
                <line number="19" hits="0" branch="True" condition-coverage="0% (0/2)">
                  <conditions>
                    <condition number="1" type="jump" coverage="0%" />
                  </conditions>
                </line>
                <line number="21" hits="0" branch="False" />
                <line number="24" hits="0" branch="False" />
                <line number="25" hits="0" branch="False" />
                <line number="26" hits="0" branch="False" />
              </lines>
            </method>
            <method name="AsPinnedEnumerable" signature="(System.Span`1&lt;T&gt;,System.Func`2&lt;System.Collections.Generic.IEnumerable`1&lt;T&gt;,TResult&gt;)" line-rate="0" branch-rate="0" complexity="2">
              <lines>
                <line number="34" hits="0" branch="True" condition-coverage="0% (0/2)">
                  <conditions>
                    <condition number="1" type="jump" coverage="0%" />
                  </conditions>
                </line>
                <line number="36" hits="0" branch="False" />
                <line number="39" hits="0" branch="False" />
                <line number="40" hits="0" branch="False" />
              </lines>
            </method>
            <method name="AsPinnedEnumerable" signature="(System.ReadOnlySpan`1&lt;T&gt;,System.Action`1&lt;System.Collections.Generic.IEnumerable`1&lt;T&gt;&gt;)" line-rate="0" branch-rate="0" complexity="2">
              <lines>
                <line number="49" hits="0" branch="True" condition-coverage="0% (0/2)">
                  <conditions>
                    <condition number="1" type="jump" coverage="0%" />
                  </conditions>
                </line>
                <line number="51" hits="0" branch="False" />
                <line number="54" hits="0" branch="False" />
                <line number="55" hits="0" branch="False" />
                <line number="56" hits="0" branch="False" />
              </lines>
            </method>
            <method name="AsPinnedEnumerable" signature="(System.ReadOnlySpan`1&lt;T&gt;,System.Func`2&lt;System.Collections.Generic.IEnumerable`1&lt;T&gt;,TResult&gt;)" line-rate="0" branch-rate="0" complexity="2">
              <lines>
                <line number="65" hits="0" branch="True" condition-coverage="0% (0/2)">
                  <conditions>
                    <condition number="1" type="jump" coverage="0%" />
                  </conditions>
                </line>
                <line number="67" hits="0" branch="False" />
                <line number="70" hits="0" branch="False" />
                <line number="71" hits="0" branch="False" />
              </lines>
            </method>
            <method name="AsPinnedEnumerable" signature="(StirlingLabs.Utilities.BigSpan`1&lt;T&gt;,System.Action`1&lt;System.Collections.Generic.IEnumerable`1&lt;T&gt;&gt;)" line-rate="1" branch-rate="0.5" complexity="2">
              <lines>
                <line number="80" hits="3" branch="True" condition-coverage="50% (1/2)">
                  <conditions>
                    <condition number="1" type="jump" coverage="50%" />
                  </conditions>
                </line>
                <line number="82" hits="3" branch="False" />
                <line number="85" hits="3" branch="False" />
                <line number="86" hits="3" branch="False" />
                <line number="87" hits="3" branch="False" />
              </lines>
            </method>
            <method name="AsPinnedEnumerable" signature="(StirlingLabs.Utilities.BigSpan`1&lt;T&gt;,System.Func`2&lt;System.Collections.Generic.IEnumerable`1&lt;T&gt;,TResult&gt;)" line-rate="0" branch-rate="0" complexity="2">
              <lines>
                <line number="95" hits="0" branch="True" condition-coverage="0% (0/2)">
                  <conditions>
                    <condition number="1" type="jump" coverage="0%" />
                  </conditions>
                </line>
                <line number="97" hits="0" branch="False" />
                <line number="100" hits="0" branch="False" />
                <line number="101" hits="0" branch="False" />
              </lines>
            </method>
            <method name="AsPinnedEnumerable" signature="(StirlingLabs.Utilities.ReadOnlyBigSpan`1&lt;T&gt;,System.Action`1&lt;System.Collections.Generic.IEnumerable`1&lt;T&gt;&gt;)" line-rate="0" branch-rate="0" complexity="2">
              <lines>
                <line number="110" hits="0" branch="True" condition-coverage="0% (0/2)">
                  <conditions>
                    <condition number="1" type="jump" coverage="0%" />
                  </conditions>
                </line>
                <line number="112" hits="0" branch="False" />
                <line number="115" hits="0" branch="False" />
                <line number="116" hits="0" branch="False" />
                <line number="117" hits="0" branch="False" />
              </lines>
            </method>
            <method name="AsPinnedEnumerable" signature="(StirlingLabs.Utilities.ReadOnlyBigSpan`1&lt;T&gt;,System.Func`2&lt;System.Collections.Generic.IEnumerable`1&lt;T&gt;,TResult&gt;)" line-rate="0" branch-rate="0" complexity="2">
              <lines>
                <line number="125" hits="0" branch="True" condition-coverage="0% (0/2)">
                  <conditions>
                    <condition number="1" type="jump" coverage="0%" />
                  </conditions>
                </line>
                <line number="127" hits="0" branch="False" />
                <line number="130" hits="0" branch="False" />
                <line number="131" hits="0" branch="False" />
              </lines>
            </method>
          </methods>
          <lines>
            <line number="19" hits="0" branch="True" condition-coverage="0% (0/2)">
              <conditions>
                <condition number="1" type="jump" coverage="0%" />
              </conditions>
            </line>
            <line number="21" hits="0" branch="False" />
            <line number="24" hits="0" branch="False" />
            <line number="25" hits="0" branch="False" />
            <line number="26" hits="0" branch="False" />
            <line number="34" hits="0" branch="True" condition-coverage="0% (0/2)">
              <conditions>
                <condition number="1" type="jump" coverage="0%" />
              </conditions>
            </line>
            <line number="36" hits="0" branch="False" />
            <line number="39" hits="0" branch="False" />
            <line number="40" hits="0" branch="False" />
            <line number="49" hits="0" branch="True" condition-coverage="0% (0/2)">
              <conditions>
                <condition number="1" type="jump" coverage="0%" />
              </conditions>
            </line>
            <line number="51" hits="0" branch="False" />
            <line number="54" hits="0" branch="False" />
            <line number="55" hits="0" branch="False" />
            <line number="56" hits="0" branch="False" />
            <line number="65" hits="0" branch="True" condition-coverage="0% (0/2)">
              <conditions>
                <condition number="1" type="jump" coverage="0%" />
              </conditions>
            </line>
            <line number="67" hits="0" branch="False" />
            <line number="70" hits="0" branch="False" />
            <line number="71" hits="0" branch="False" />
            <line number="80" hits="3" branch="True" condition-coverage="50% (1/2)">
              <conditions>
                <condition number="1" type="jump" coverage="50%" />
              </conditions>
            </line>
            <line number="82" hits="3" branch="False" />
            <line number="85" hits="3" branch="False" />
            <line number="86" hits="3" branch="False" />
            <line number="87" hits="3" branch="False" />
            <line number="95" hits="0" branch="True" condition-coverage="0% (0/2)">
              <conditions>
                <condition number="1" type="jump" coverage="0%" />
              </conditions>
            </line>
            <line number="97" hits="0" branch="False" />
            <line number="100" hits="0" branch="False" />
            <line number="101" hits="0" branch="False" />
            <line number="110" hits="0" branch="True" condition-coverage="0% (0/2)">
              <conditions>
                <condition number="1" type="jump" coverage="0%" />
              </conditions>
            </line>
            <line number="112" hits="0" branch="False" />
            <line number="115" hits="0" branch="False" />
            <line number="116" hits="0" branch="False" />
            <line number="117" hits="0" branch="False" />
            <line number="125" hits="0" branch="True" condition-coverage="0% (0/2)">
              <conditions>
                <condition number="1" type="jump" coverage="0%" />
              </conditions>
            </line>
            <line number="127" hits="0" branch="False" />
            <line number="130" hits="0" branch="False" />
            <line number="131" hits="0" branch="False" />
          </lines>
        </class>
      </classes>
    </package>
    <package name="StirlingLabs.BigSpans.NUnit" line-rate="1" branch-rate="1" complexity="0">
      <classes />
    </package>
  </packages>
</coverage>