<?xml version="1.0" encoding="utf-8"?>
<coverage line-rate="0.1431" branch-rate="0.10890000000000001" version="1.9" timestamp="1628894005" lines-covered="190" lines-valid="1327" branches-covered="68" branches-valid="624">
  <sources />
  <packages>
    <package name="StirlingLabs.BigSpans" line-rate="0.1431" branch-rate="0.10890000000000001" complexity="793">
      <classes>
        <class name="System.Runtime.CompilerServices.IgnoresAccessChecksToAttribute" filename="/_/StirlingLabs.BigSpans/Compatibility/IgnoresAccessChecksToAttribute.cs" line-rate="0" branch-rate="1" complexity="2">
          <methods>
            <method name="get_AssemblyName" signature="()" line-rate="0" branch-rate="1" complexity="1">
              <lines>
                <line number="12" hits="0" branch="False" />
              </lines>
            </method>
            <method name=".ctor" signature="(System.String)" line-rate="0" branch-rate="1" complexity="1">
              <lines>
                <line number="13" hits="0" branch="False" />
                <line number="14" hits="0" branch="False" />
              </lines>
            </method>
          </methods>
          <lines>
            <line number="12" hits="0" branch="False" />
            <line number="13" hits="0" branch="False" />
            <line number="14" hits="0" branch="False" />
          </lines>
        </class>
        <class name="StirlingLabs.Utilities.BigSpan" filename="/_/StirlingLabs.BigSpans/BigSpan.cs" line-rate="0" branch-rate="0" complexity="14">
          <methods>
            <method name="Create" signature="(T&amp;,System.UIntPtr)" line-rate="0" branch-rate="0" complexity="2">
              <lines>
                <line number="39" hits="0" branch="True" condition-coverage="0% (0/2)">
                  <conditions>
                    <condition number="5" type="jump" coverage="0%" />
                  </conditions>
                </line>
                <line number="40" hits="0" branch="False" />
                <line number="42" hits="0" branch="False" />
              </lines>
            </method>
            <method name="Create" signature="(T[])" line-rate="0" branch-rate="0" complexity="2">
              <lines>
                <line number="54" hits="0" branch="True" condition-coverage="0% (0/2)">
                  <conditions>
                    <condition number="5" type="jump" coverage="0%" />
                  </conditions>
                </line>
                <line number="55" hits="0" branch="False" />
                <line number="57" hits="0" branch="False" />
              </lines>
            </method>
            <method name="Create" signature="(T[],System.UIntPtr,System.UIntPtr)" line-rate="0" branch-rate="0" complexity="2">
              <lines>
                <line number="75" hits="0" branch="True" condition-coverage="0% (0/2)">
                  <conditions>
                    <condition number="5" type="jump" coverage="0%" />
                  </conditions>
                </line>
                <line number="76" hits="0" branch="False" />
                <line number="78" hits="0" branch="False" />
              </lines>
            </method>
            <method name="AsPinnedEnumerables" signature="(StirlingLabs.Utilities.ReadOnlyBigSpan`1&lt;T&gt;,System.Action`1&lt;System.Collections.Generic.IEnumerable`1&lt;T&gt;&gt;)" line-rate="0" branch-rate="0" complexity="2">
              <lines>
                <line number="87" hits="0" branch="True" condition-coverage="0% (0/2)">
                  <conditions>
                    <condition number="1" type="jump" coverage="0%" />
                  </conditions>
                </line>
                <line number="89" hits="0" branch="False" />
                <line number="92" hits="0" branch="False" />
                <line number="93" hits="0" branch="False" />
                <line number="94" hits="0" branch="False" />
              </lines>
            </method>
            <method name="AsPinnedEnumerables" signature="(StirlingLabs.Utilities.ReadOnlyBigSpan`1&lt;T1&gt;,StirlingLabs.Utilities.ReadOnlyBigSpan`1&lt;T2&gt;,System.Action`2&lt;System.Collections.Generic.IEnumerable`1&lt;T1&gt;,System.Collections.Generic.IEnumerable`1&lt;T2&gt;&gt;)" line-rate="0" branch-rate="0" complexity="2">
              <lines>
                <line number="104" hits="0" branch="True" condition-coverage="0% (0/2)">
                  <conditions>
                    <condition number="1" type="jump" coverage="0%" />
                  </conditions>
                </line>
                <line number="106" hits="0" branch="False" />
                <line number="108" hits="0" branch="False" />
                <line number="111" hits="0" branch="False" />
                <line number="112" hits="0" branch="False" />
                <line number="113" hits="0" branch="False" />
                <line number="114" hits="0" branch="False" />
              </lines>
            </method>
            <method name="AsPinnedEnumerables" signature="(StirlingLabs.Utilities.ReadOnlyBigSpan`1&lt;T1&gt;,StirlingLabs.Utilities.ReadOnlyBigSpan`1&lt;T2&gt;,StirlingLabs.Utilities.ReadOnlyBigSpan`1&lt;T3&gt;,System.Action`3&lt;System.Collections.Generic.IEnumerable`1&lt;T1&gt;,System.Collections.Generic.IEnumerable`1&lt;T2&gt;,System.Collections.Generic.IEnumerable`1&lt;T3&gt;&gt;)" line-rate="0" branch-rate="0" complexity="2">
              <lines>
                <line number="126" hits="0" branch="True" condition-coverage="0% (0/2)">
                  <conditions>
                    <condition number="1" type="jump" coverage="0%" />
                  </conditions>
                </line>
                <line number="128" hits="0" branch="False" />
                <line number="130" hits="0" branch="False" />
                <line number="132" hits="0" branch="False" />
                <line number="135" hits="0" branch="False" />
                <line number="136" hits="0" branch="False" />
                <line number="137" hits="0" branch="False" />
                <line number="138" hits="0" branch="False" />
                <line number="139" hits="0" branch="False" />
              </lines>
            </method>
            <method name="AsPinnedEnumerables" signature="(StirlingLabs.Utilities.ReadOnlyBigSpan`1&lt;T1&gt;,StirlingLabs.Utilities.ReadOnlyBigSpan`1&lt;T2&gt;,StirlingLabs.Utilities.ReadOnlyBigSpan`1&lt;T3&gt;,StirlingLabs.Utilities.ReadOnlyBigSpan`1&lt;T4&gt;,System.Action`4&lt;System.Collections.Generic.IEnumerable`1&lt;T1&gt;,System.Collections.Generic.IEnumerable`1&lt;T2&gt;,System.Collections.Generic.IEnumerable`1&lt;T3&gt;,System.Collections.Generic.IEnumerable`1&lt;T4&gt;&gt;)" line-rate="0" branch-rate="0" complexity="2">
              <lines>
                <line number="152" hits="0" branch="True" condition-coverage="0% (0/2)">
                  <conditions>
                    <condition number="2" type="jump" coverage="0%" />
                  </conditions>
                </line>
                <line number="154" hits="0" branch="False" />
                <line number="156" hits="0" branch="False" />
                <line number="158" hits="0" branch="False" />
                <line number="160" hits="0" branch="False" />
                <line number="163" hits="0" branch="False" />
                <line number="164" hits="0" branch="False" />
                <line number="165" hits="0" branch="False" />
                <line number="166" hits="0" branch="False" />
                <line number="167" hits="0" branch="False" />
                <line number="168" hits="0" branch="False" />
              </lines>
            </method>
          </methods>
          <lines>
            <line number="39" hits="0" branch="True" condition-coverage="0% (0/2)">
              <conditions>
                <condition number="5" type="jump" coverage="0%" />
              </conditions>
            </line>
            <line number="40" hits="0" branch="False" />
            <line number="42" hits="0" branch="False" />
            <line number="54" hits="0" branch="True" condition-coverage="0% (0/2)">
              <conditions>
                <condition number="5" type="jump" coverage="0%" />
              </conditions>
            </line>
            <line number="55" hits="0" branch="False" />
            <line number="57" hits="0" branch="False" />
            <line number="75" hits="0" branch="True" condition-coverage="0% (0/2)">
              <conditions>
                <condition number="5" type="jump" coverage="0%" />
              </conditions>
            </line>
            <line number="76" hits="0" branch="False" />
            <line number="78" hits="0" branch="False" />
            <line number="87" hits="0" branch="True" condition-coverage="0% (0/2)">
              <conditions>
                <condition number="1" type="jump" coverage="0%" />
              </conditions>
            </line>
            <line number="89" hits="0" branch="False" />
            <line number="92" hits="0" branch="False" />
            <line number="93" hits="0" branch="False" />
            <line number="94" hits="0" branch="False" />
            <line number="104" hits="0" branch="True" condition-coverage="0% (0/2)">
              <conditions>
                <condition number="1" type="jump" coverage="0%" />
              </conditions>
            </line>
            <line number="106" hits="0" branch="False" />
            <line number="108" hits="0" branch="False" />
            <line number="111" hits="0" branch="False" />
            <line number="112" hits="0" branch="False" />
            <line number="113" hits="0" branch="False" />
            <line number="114" hits="0" branch="False" />
            <line number="126" hits="0" branch="True" condition-coverage="0% (0/2)">
              <conditions>
                <condition number="1" type="jump" coverage="0%" />
              </conditions>
            </line>
            <line number="128" hits="0" branch="False" />
            <line number="130" hits="0" branch="False" />
            <line number="132" hits="0" branch="False" />
            <line number="135" hits="0" branch="False" />
            <line number="136" hits="0" branch="False" />
            <line number="137" hits="0" branch="False" />
            <line number="138" hits="0" branch="False" />
            <line number="139" hits="0" branch="False" />
            <line number="152" hits="0" branch="True" condition-coverage="0% (0/2)">
              <conditions>
                <condition number="2" type="jump" coverage="0%" />
              </conditions>
            </line>
            <line number="154" hits="0" branch="False" />
            <line number="156" hits="0" branch="False" />
            <line number="158" hits="0" branch="False" />
            <line number="160" hits="0" branch="False" />
            <line number="163" hits="0" branch="False" />
            <line number="164" hits="0" branch="False" />
            <line number="165" hits="0" branch="False" />
            <line number="166" hits="0" branch="False" />
            <line number="167" hits="0" branch="False" />
            <line number="168" hits="0" branch="False" />
          </lines>
        </class>
        <class name="StirlingLabs.Utilities.BigSpan`1" filename="/_/StirlingLabs.BigSpans/BigSpan.cs" line-rate="0.5588000000000001" branch-rate="0.4416" complexity="143">
          <methods>
            <method name="get__length" signature="()" line-rate="1" branch-rate="1" complexity="1">
              <lines>
                <line number="188" hits="52208" branch="False" />
              </lines>
            </method>
            <method name="get_Item" signature="(System.UIntPtr)" line-rate="1" branch-rate="1" complexity="2">
              <lines>
                <line number="339" hits="721" branch="True" condition-coverage="100% (2/2)">
                  <conditions>
                    <condition number="8" type="jump" coverage="100%" />
                  </conditions>
                </line>
                <line number="340" hits="1" branch="False" />
                <line number="342" hits="720" branch="False" />
              </lines>
            </method>
            <method name="get_Item" signature="(System.Index)" line-rate="1" branch-rate="1" complexity="2">
              <lines>
                <line number="358" hits="5" branch="False" />
                <line number="359" hits="10" branch="True" condition-coverage="100% (2/2)">
                  <conditions>
                    <condition number="16" type="jump" coverage="100%" />
                  </conditions>
                </line>
                <line number="360" hits="5" branch="False" />
              </lines>
            </method>
            <method name="get_Item" signature="(System.Range)" line-rate="1" branch-rate="0.5" complexity="4">
              <lines>
                <line number="367" hits="1" branch="False" />
                <line number="368" hits="1" branch="True" condition-coverage="50% (1/2)">
                  <conditions>
                    <condition number="32" type="jump" coverage="50%" />
                  </conditions>
                </line>
                <line number="369" hits="1" branch="False" />
                <line number="370" hits="1" branch="True" condition-coverage="50% (1/2)">
                  <conditions>
                    <condition number="76" type="jump" coverage="50%" />
                  </conditions>
                </line>
                <line number="371" hits="1" branch="False" />
                <line number="372" hits="1" branch="False" />
              </lines>
            </method>
            <method name="get_Length" signature="()" line-rate="1" branch-rate="1" complexity="1">
              <lines>
                <line number="384" hits="34" branch="False" />
              </lines>
            </method>
            <method name="get_LongLength" signature="()" line-rate="0" branch-rate="1" complexity="1">
              <lines>
                <line number="394" hits="0" branch="False" />
              </lines>
            </method>
            <method name="get_IsEmpty" signature="()" line-rate="0" branch-rate="1" complexity="1">
              <lines>
                <line number="404" hits="0" branch="False" />
              </lines>
            </method>
            <method name="op_Inequality" signature="(StirlingLabs.Utilities.BigSpan`1&lt;T&gt;,StirlingLabs.Utilities.BigSpan`1&lt;T&gt;)" line-rate="0" branch-rate="1" complexity="1">
              <lines>
                <line number="412" hits="0" branch="False" />
              </lines>
            </method>
            <method name="Equals" signature="(System.Object)" line-rate="0" branch-rate="1" complexity="1">
              <lines>
                <line number="424" hits="0" branch="False" />
              </lines>
            </method>
            <method name="GetHashCode" signature="()" line-rate="0" branch-rate="1" complexity="1">
              <lines>
                <line number="436" hits="0" branch="False" />
              </lines>
            </method>
            <method name="op_Explicit" signature="(T[])" line-rate="1" branch-rate="1" complexity="1">
              <lines>
                <line number="442" hits="25" branch="False" />
              </lines>
            </method>
            <method name="From" signature="(T[])" line-rate="0" branch-rate="1" complexity="1">
              <lines>
                <line number="448" hits="0" branch="False" />
              </lines>
            </method>
            <method name="op_Explicit" signature="(System.ArraySegment`1&lt;T&gt;)" line-rate="1" branch-rate="1" complexity="1">
              <lines>
                <line number="456" hits="1" branch="False" />
              </lines>
            </method>
            <method name="From" signature="(System.ArraySegment`1&lt;T&gt;)" line-rate="0" branch-rate="1" complexity="1">
              <lines>
                <line number="462" hits="0" branch="False" />
              </lines>
            </method>
            <method name="get_Empty" signature="()" line-rate="1" branch-rate="1" complexity="1">
              <lines>
                <line number="467" hits="2" branch="False" />
              </lines>
            </method>
            <method name="GetEnumerator" signature="()" line-rate="0" branch-rate="1" complexity="1">
              <lines>
                <line number="471" hits="0" branch="False" />
              </lines>
            </method>
            <method name="GetPinnableReference" signature="()" line-rate="1" branch-rate="1" complexity="2">
              <lines>
                <line number="482" hits="12347" branch="False" />
                <line number="483" hits="24685" branch="True" condition-coverage="100% (2/2)">
                  <conditions>
                    <condition number="13" type="jump" coverage="100%" />
                  </conditions>
                </line>
                <line number="484" hits="12347" branch="False" />
              </lines>
            </method>
            <method name="GetUnsafePointer" signature="()" line-rate="1" branch-rate="1" complexity="1">
              <lines>
                <line number="489" hits="8204" branch="False" />
              </lines>
            </method>
            <method name="Clear" signature="()" line-rate="0.6666" branch-rate="0.5" complexity="2">
              <lines>
                <line number="497" hits="2049" branch="True" condition-coverage="50% (1/2)">
                  <conditions>
                    <condition number="5" type="jump" coverage="50%" />
                  </conditions>
                </line>
                <line number="498" hits="0" branch="False" />
                <line number="499" hits="0" branch="False" />
                <line number="501" hits="2049" branch="False" />
                <line number="502" hits="2049" branch="False" />
                <line number="503" hits="2049" branch="False" />
              </lines>
            </method>
            <method name="Fill" signature="(T)" line-rate="0" branch-rate="0" complexity="4">
              <lines>
                <line number="511" hits="0" branch="True" condition-coverage="0% (0/2)">
                  <conditions>
                    <condition number="6" type="jump" coverage="0%" />
                  </conditions>
                </line>
                <line number="515" hits="0" branch="True" condition-coverage="0% (0/2)">
                  <conditions>
                    <condition number="15" type="jump" coverage="0%" />
                  </conditions>
                </line>
                <line number="520" hits="0" branch="False" />
                <line number="521" hits="0" branch="False" />
                <line number="525" hits="0" branch="False" />
                <line number="526" hits="0" branch="False" />
              </lines>
            </method>
            <method name="CopyTo" signature="(StirlingLabs.Utilities.BigSpan`1&lt;T&gt;)" line-rate="0.9333" branch-rate="0.75" complexity="12">
              <lines>
                <line number="544" hits="2067" branch="False" />
                <line number="545" hits="2067" branch="False" />
                <line number="546" hits="2067" branch="False" />
                <line number="547" hits="2067" branch="True" condition-coverage="100% (2/2)">
                  <conditions>
                    <condition number="30" type="jump" coverage="100%" />
                  </conditions>
                </line>
                <line number="548" hits="2" branch="False" />
                <line number="550" hits="2065" branch="True" condition-coverage="100% (2/2)">
                  <conditions>
                    <condition number="50" type="jump" coverage="100%" />
                  </conditions>
                </line>
                <line number="551" hits="2068" branch="True" condition-coverage="100% (2/2)">
                  <conditions>
                    <condition number="58" type="jump" coverage="100%" />
                  </conditions>
                </line>
                <line number="560" hits="2062" branch="False" />
                <line number="562" hits="2062" branch="False" />
                <line number="568" hits="2062" branch="True" condition-coverage="50% (1/2)">
                  <conditions>
                    <condition number="90" type="jump" coverage="50%" />
                  </conditions>
                </line>
                <line number="569" hits="2062" branch="True" condition-coverage="50% (1/2)">
                  <conditions>
                    <condition number="107" type="jump" coverage="50%" />
                  </conditions>
                </line>
                <line number="570" hits="2062" branch="True" condition-coverage="50% (1/2)">
                  <conditions>
                    <condition number="118" type="jump" coverage="50%" />
                  </conditions>
                </line>
                <line number="571" hits="0" branch="False" />
                <line number="572" hits="2062" branch="False" />
                <line number="573" hits="2062" branch="False" />
              </lines>
            </method>
            <method name="TryCopyTo" signature="(StirlingLabs.Utilities.BigSpan`1&lt;T&gt;)" line-rate="0.9333" branch-rate="0.75" complexity="12">
              <lines>
                <line number="585" hits="6" branch="False" />
                <line number="586" hits="6" branch="False" />
                <line number="587" hits="6" branch="False" />
                <line number="588" hits="6" branch="True" condition-coverage="100% (2/2)">
                  <conditions>
                    <condition number="30" type="jump" coverage="100%" />
                  </conditions>
                </line>
                <line number="589" hits="1" branch="False" />
                <line number="591" hits="5" branch="True" condition-coverage="100% (2/2)">
                  <conditions>
                    <condition number="36" type="jump" coverage="100%" />
                  </conditions>
                </line>
                <line number="592" hits="6" branch="True" condition-coverage="100% (2/2)">
                  <conditions>
                    <condition number="44" type="jump" coverage="100%" />
                  </conditions>
                </line>
                <line number="601" hits="4" branch="False" />
                <line number="603" hits="4" branch="False" />
                <line number="609" hits="4" branch="True" condition-coverage="50% (1/2)">
                  <conditions>
                    <condition number="77" type="jump" coverage="50%" />
                  </conditions>
                </line>
                <line number="610" hits="4" branch="True" condition-coverage="50% (1/2)">
                  <conditions>
                    <condition number="94" type="jump" coverage="50%" />
                  </conditions>
                </line>
                <line number="611" hits="4" branch="True" condition-coverage="50% (1/2)">
                  <conditions>
                    <condition number="105" type="jump" coverage="50%" />
                  </conditions>
                </line>
                <line number="612" hits="0" branch="False" />
                <line number="613" hits="4" branch="False" />
                <line number="614" hits="4" branch="False" />
              </lines>
            </method>
            <method name="op_Equality" signature="(StirlingLabs.Utilities.BigSpan`1&lt;T&gt;,StirlingLabs.Utilities.BigSpan`1&lt;T&gt;)" line-rate="0" branch-rate="0" complexity="2">
              <lines>
                <line number="623" hits="0" branch="True" condition-coverage="0% (0/2)">
                  <conditions>
                    <condition number="16" type="jump" coverage="0%" />
                  </conditions>
                </line>
                <line number="624" hits="0" branch="False" />
              </lines>
            </method>
            <method name="op_Implicit" signature="(System.Span`1&lt;T&gt;)" line-rate="1" branch-rate="1" complexity="1">
              <lines>
                <line number="632" hits="2" branch="False" />
              </lines>
            </method>
            <method name="op_Explicit" signature="(StirlingLabs.Utilities.BigSpan`1&lt;T&gt;)" line-rate="0" branch-rate="0" complexity="2">
              <lines>
                <line number="647" hits="0" branch="True" condition-coverage="0% (0/2)">
                  <conditions>
                    <condition number="14" type="jump" coverage="0%" />
                  </conditions>
                </line>
                <line number="648" hits="0" branch="False" />
                <line number="649" hits="0" branch="False" />
                <line number="650" hits="0" branch="False" />
              </lines>
            </method>
            <method name="op_Explicit" signature="(StirlingLabs.Utilities.BigSpan`1&lt;T&gt;)" line-rate="0" branch-rate="0" complexity="2">
              <lines>
                <line number="666" hits="0" branch="True" condition-coverage="0% (0/2)">
                  <conditions>
                    <condition number="14" type="jump" coverage="0%" />
                  </conditions>
                </line>
                <line number="667" hits="0" branch="False" />
                <line number="668" hits="0" branch="False" />
                <line number="669" hits="0" branch="False" />
              </lines>
            </method>
            <method name="ToSpan" signature="()" line-rate="0" branch-rate="1" complexity="1">
              <lines>
                <line number="676" hits="0" branch="False" />
              </lines>
            </method>
            <method name="ToReadOnlySpan" signature="()" line-rate="0" branch-rate="1" complexity="1">
              <lines>
                <line number="682" hits="0" branch="False" />
              </lines>
            </method>
            <method name="ToString" signature="()" line-rate="0" branch-rate="0" complexity="4">
              <lines>
                <line number="698" hits="0" branch="True" condition-coverage="0% (0/4)">
                  <conditions>
                    <condition number="5" type="jump" coverage="0%" />
                    <condition number="20" type="jump" coverage="0%" />
                  </conditions>
                </line>
                <line number="699" hits="0" branch="False" />
                <line number="700" hits="0" branch="False" />
              </lines>
            </method>
            <method name="Slice" signature="(System.UIntPtr)" line-rate="1" branch-rate="1" complexity="2">
              <lines>
                <line number="714" hits="4101" branch="True" condition-coverage="100% (2/2)">
                  <conditions>
                    <condition number="10" type="jump" coverage="100%" />
                  </conditions>
                </line>
                <line number="715" hits="1" branch="False" />
                <line number="717" hits="4100" branch="False" />
              </lines>
            </method>
            <method name="Slice" signature="(System.UIntPtr,System.UIntPtr)" line-rate="0.6666" branch-rate="0.5" complexity="2">
              <lines>
                <line number="737" hits="6150" branch="True" condition-coverage="50% (1/2)">
                  <conditions>
                    <condition number="10" type="jump" coverage="50%" />
                  </conditions>
                </line>
                <line number="738" hits="0" branch="False" />
                <line number="740" hits="6150" branch="False" />
              </lines>
            </method>
            <method name="Slice" signature="(System.UIntPtr,System.Int32)" line-rate="0.6" branch-rate="0.5" complexity="4">
              <lines>
                <line number="766" hits="6" branch="True" condition-coverage="50% (1/2)">
                  <conditions>
                    <condition number="2" type="jump" coverage="50%" />
                  </conditions>
                </line>
                <line number="767" hits="0" branch="False" />
                <line number="768" hits="6" branch="True" condition-coverage="50% (1/2)">
                  <conditions>
                    <condition number="42" type="jump" coverage="50%" />
                  </conditions>
                </line>
                <line number="769" hits="0" branch="False" />
                <line number="771" hits="6" branch="False" />
              </lines>
            </method>
            <method name="Slice" signature="(System.Int32,System.Int32)" line-rate="0.8571" branch-rate="0.8332999999999999" complexity="6">
              <lines>
                <line number="800" hits="6" branch="True" condition-coverage="100% (2/2)">
                  <conditions>
                    <condition number="2" type="jump" coverage="100%" />
                  </conditions>
                </line>
                <line number="801" hits="1" branch="False" />
                <line number="802" hits="5" branch="True" condition-coverage="100% (2/2)">
                  <conditions>
                    <condition number="17" type="jump" coverage="100%" />
                  </conditions>
                </line>
                <line number="803" hits="1" branch="False" />
                <line number="804" hits="4" branch="True" condition-coverage="50% (1/2)">
                  <conditions>
                    <condition number="42" type="jump" coverage="50%" />
                  </conditions>
                </line>
                <line number="805" hits="4" branch="False" />
                <line number="806" hits="0" branch="False" />
              </lines>
            </method>
            <method name="ToArray" signature="()" line-rate="0.7272" branch-rate="0.3333" complexity="12">
              <lines>
                <line number="818" hits="5" branch="True" condition-coverage="100% (2/2)">
                  <conditions>
                    <condition number="7" type="jump" coverage="100%" />
                  </conditions>
                </line>
                <line number="819" hits="1" branch="False" />
                <line number="821" hits="4" branch="True" condition-coverage="25% (2/8)">
                  <conditions>
                    <condition number="20" type="jump" coverage="50%" />
                    <condition number="32" type="jump" coverage="50%" />
                    <condition number="91" type="jump" coverage="0%" />
                    <condition number="96" type="jump" coverage="0%" />
                  </conditions>
                </line>
                <line number="822" hits="4" branch="False" />
                <line number="823" hits="4" branch="False" />
                <line number="824" hits="4" branch="False" />
                <line number="825" hits="4" branch="False" />
                <line number="826" hits="4" branch="False" />
                <line number="827" hits="4" branch="False" />
                <line number="828" hits="4" branch="False" />
                <line number="829" hits="4" branch="False" />
                <line number="830" hits="0" branch="False" />
                <line number="831" hits="0" branch="False" />
                <line number="832" hits="4" branch="False" />
                <line number="833" hits="4" branch="False" />
                <line number="834" hits="0" branch="True" condition-coverage="0% (0/2)">
                  <conditions>
                    <condition number="142" type="jump" coverage="0%" />
                  </conditions>
                </line>
                <line number="835" hits="0" branch="False" />
                <line number="836" hits="0" branch="False" />
                <line number="837" hits="0" branch="False" />
                <line number="838" hits="4" branch="False" />
                <line number="839" hits="4" branch="False" />
                <line number="840" hits="4" branch="False" />
              </lines>
            </method>
            <method name="AsBytes" signature="()" line-rate="0" branch-rate="1" complexity="1">
              <lines>
                <line number="846" hits="0" branch="False" />
              </lines>
            </method>
            <method name="CastAs" signature="()" line-rate="0" branch-rate="1" complexity="1">
              <lines>
                <line number="850" hits="0" branch="False" />
              </lines>
            </method>
            <method name="CompareMemoryInternal" signature="(StirlingLabs.Utilities.BigSpan`1&lt;T&gt;,System.UIntPtr)" line-rate="1" branch-rate="1" complexity="1">
              <lines>
                <line number="854" hits="4102" branch="False" />
              </lines>
            </method>
            <method name="CompareMemoryInternal" signature="(StirlingLabs.Utilities.ReadOnlyBigSpan`1&lt;T&gt;,System.UIntPtr)" line-rate="0" branch-rate="1" complexity="1">
              <lines>
                <line number="858" hits="0" branch="False" />
              </lines>
            </method>
            <method name="CompareMemory" signature="(StirlingLabs.Utilities.BigSpan`1&lt;T&gt;,System.UIntPtr)" line-rate="0" branch-rate="0" complexity="4">
              <lines>
                <line number="863" hits="0" branch="True" condition-coverage="0% (0/4)">
                  <conditions>
                    <condition number="8" type="jump" coverage="0%" />
                    <condition number="19" type="jump" coverage="0%" />
                  </conditions>
                </line>
                <line number="864" hits="0" branch="False" />
                <line number="865" hits="0" branch="False" />
              </lines>
            </method>
            <method name="CompareMemory" signature="(StirlingLabs.Utilities.BigSpan`1&lt;T&gt;)" line-rate="0.625" branch-rate="0.25" complexity="4">
              <lines>
                <line number="871" hits="4102" branch="False" />
                <line number="872" hits="4102" branch="False" />
                <line number="874" hits="4102" branch="False" />
                <line number="875" hits="4102" branch="True" condition-coverage="50% (1/2)">
                  <conditions>
                    <condition number="27" type="jump" coverage="50%" />
                  </conditions>
                </line>
                <line number="876" hits="4102" branch="False" />
                <line number="878" hits="0" branch="False" />
                <line number="879" hits="0" branch="False" />
                <line number="880" hits="0" branch="True" condition-coverage="0% (0/2)">
                  <conditions>
                    <condition number="75" type="jump" coverage="0%" />
                  </conditions>
                </line>
              </lines>
            </method>
            <method name="CompareMemory" signature="(StirlingLabs.Utilities.ReadOnlyBigSpan`1&lt;T&gt;)" line-rate="0" branch-rate="0" complexity="4">
              <lines>
                <line number="886" hits="0" branch="False" />
                <line number="887" hits="0" branch="False" />
                <line number="889" hits="0" branch="False" />
                <line number="890" hits="0" branch="True" condition-coverage="0% (0/2)">
                  <conditions>
                    <condition number="27" type="jump" coverage="0%" />
                  </conditions>
                </line>
                <line number="891" hits="0" branch="False" />
                <line number="893" hits="0" branch="False" />
                <line number="894" hits="0" branch="False" />
                <line number="895" hits="0" branch="True" condition-coverage="0% (0/2)">
                  <conditions>
                    <condition number="75" type="jump" coverage="0%" />
                  </conditions>
                </line>
              </lines>
            </method>
            <method name="CompareMemory" signature="(System.Span`1&lt;T&gt;)" line-rate="0" branch-rate="0" complexity="4">
              <lines>
                <line number="901" hits="0" branch="False" />
                <line number="902" hits="0" branch="False" />
                <line number="904" hits="0" branch="False" />
                <line number="905" hits="0" branch="True" condition-coverage="0% (0/2)">
                  <conditions>
                    <condition number="27" type="jump" coverage="0%" />
                  </conditions>
                </line>
                <line number="906" hits="0" branch="False" />
                <line number="908" hits="0" branch="False" />
                <line number="909" hits="0" branch="False" />
                <line number="910" hits="0" branch="True" condition-coverage="0% (0/2)">
                  <conditions>
                    <condition number="85" type="jump" coverage="0%" />
                  </conditions>
                </line>
              </lines>
            </method>
            <method name="CompareMemory" signature="(System.ReadOnlySpan`1&lt;T&gt;)" line-rate="0" branch-rate="0" complexity="4">
              <lines>
                <line number="916" hits="0" branch="False" />
                <line number="917" hits="0" branch="False" />
                <line number="919" hits="0" branch="False" />
                <line number="920" hits="0" branch="True" condition-coverage="0% (0/2)">
                  <conditions>
                    <condition number="27" type="jump" coverage="0%" />
                  </conditions>
                </line>
                <line number="921" hits="0" branch="False" />
                <line number="923" hits="0" branch="False" />
                <line number="924" hits="0" branch="False" />
                <line number="925" hits="0" branch="True" condition-coverage="0% (0/2)">
                  <conditions>
                    <condition number="85" type="jump" coverage="0%" />
                  </conditions>
                </line>
              </lines>
            </method>
            <method name=".ctor" signature="(T[])" line-rate="0.625" branch-rate="0.625" complexity="8">
              <lines>
                <line number="199" hits="49" branch="True" condition-coverage="50% (1/2)">
                  <conditions>
                    <condition number="1" type="jump" coverage="50%" />
                  </conditions>
                </line>
                <line number="201" hits="0" branch="False" />
                <line number="202" hits="0" branch="False" />
                <line number="205" hits="49" branch="True" condition-coverage="75% (3/4)">
                  <conditions>
                    <condition number="26" type="jump" coverage="100%" />
                    <condition number="49" type="jump" coverage="50%" />
                  </conditions>
                </line>
                <line number="206" hits="0" branch="False" />
                <line number="211" hits="49" branch="False" />
                <line number="213" hits="49" branch="True" condition-coverage="50% (1/2)">
                  <conditions>
                    <condition number="85" type="jump" coverage="50%" />
                  </conditions>
                </line>
                <line number="214" hits="49" branch="False" />
              </lines>
            </method>
            <method name=".ctor" signature="(T[],System.Boolean)" line-rate="0.6666" branch-rate="0.5" complexity="4">
              <lines>
                <line number="219" hits="6" branch="True" condition-coverage="50% (1/2)">
                  <conditions>
                    <condition number="1" type="jump" coverage="50%" />
                  </conditions>
                </line>
                <line number="221" hits="0" branch="False" />
                <line number="222" hits="0" branch="False" />
                <line number="233" hits="6" branch="False" />
                <line number="235" hits="6" branch="True" condition-coverage="50% (1/2)">
                  <conditions>
                    <condition number="39" type="jump" coverage="50%" />
                  </conditions>
                </line>
                <line number="236" hits="6" branch="False" />
              </lines>
            </method>
            <method name=".ctor" signature="(StirlingLabs.Utilities.Magic.ByReference`1&lt;T&gt;)" line-rate="1" branch-rate="1" complexity="1">
              <lines>
                <line number="240" hits="2" branch="False" />
              </lines>
            </method>
            <method name=".ctor" signature="(T[],System.UIntPtr,System.UIntPtr)" line-rate="0.46149999999999997" branch-rate="0.25" complexity="8">
              <lines>
                <line number="257" hits="7" branch="True" condition-coverage="50% (1/2)">
                  <conditions>
                    <condition number="1" type="jump" coverage="50%" />
                  </conditions>
                </line>
                <line number="259" hits="0" branch="True" condition-coverage="0% (0/2)">
                  <conditions>
                    <condition number="4" type="jump" coverage="0%" />
                  </conditions>
                </line>
                <line number="260" hits="0" branch="False" />
                <line number="261" hits="0" branch="True" condition-coverage="0% (0/2)">
                  <conditions>
                    <condition number="18" type="jump" coverage="0%" />
                  </conditions>
                </line>
                <line number="262" hits="0" branch="False" />
                <line number="263" hits="0" branch="False" />
                <line number="264" hits="0" branch="False" />
                <line number="273" hits="7" branch="True" condition-coverage="50% (1/2)">
                  <conditions>
                    <condition number="46" type="jump" coverage="50%" />
                  </conditions>
                </line>
                <line number="274" hits="0" branch="False" />
                <line number="280" hits="7" branch="False" />
                <line number="281" hits="7" branch="False" />
                <line number="283" hits="7" branch="False" />
                <line number="284" hits="7" branch="False" />
              </lines>
            </method>
            <method name=".ctor" signature="(System.Void*,System.UIntPtr)" line-rate="0.7142000000000001" branch-rate="0.5" complexity="4">
              <lines>
                <line number="303" hits="11" branch="True" condition-coverage="50% (1/2)">
                  <conditions>
                    <condition number="5" type="jump" coverage="50%" />
                  </conditions>
                </line>
                <line number="304" hits="0" branch="False" />
                <line number="306" hits="11" branch="True" condition-coverage="50% (1/2)">
                  <conditions>
                    <condition number="21" type="jump" coverage="50%" />
                  </conditions>
                </line>
                <line number="307" hits="0" branch="False" />
                <line number="309" hits="11" branch="False" />
                <line number="310" hits="11" branch="False" />
                <line number="311" hits="11" branch="False" />
              </lines>
            </method>
            <method name=".ctor" signature="(T&amp;,System.UIntPtr)" line-rate="1" branch-rate="1" complexity="1">
              <lines>
                <line number="319" hits="10255" branch="False" />
                <line number="320" hits="10255" branch="False" />
                <line number="321" hits="10255" branch="False" />
              </lines>
            </method>
          </methods>
          <lines>
            <line number="188" hits="52208" branch="False" />
            <line number="339" hits="721" branch="True" condition-coverage="100% (2/2)">
              <conditions>
                <condition number="8" type="jump" coverage="100%" />
              </conditions>
            </line>
            <line number="340" hits="1" branch="False" />
            <line number="342" hits="720" branch="False" />
            <line number="358" hits="5" branch="False" />
            <line number="359" hits="10" branch="True" condition-coverage="100% (2/2)">
              <conditions>
                <condition number="16" type="jump" coverage="100%" />
              </conditions>
            </line>
            <line number="360" hits="5" branch="False" />
            <line number="367" hits="1" branch="False" />
            <line number="368" hits="1" branch="True" condition-coverage="50% (1/2)">
              <conditions>
                <condition number="32" type="jump" coverage="50%" />
              </conditions>
            </line>
            <line number="369" hits="1" branch="False" />
            <line number="370" hits="1" branch="True" condition-coverage="50% (1/2)">
              <conditions>
                <condition number="76" type="jump" coverage="50%" />
              </conditions>
            </line>
            <line number="371" hits="1" branch="False" />
            <line number="372" hits="1" branch="False" />
            <line number="384" hits="34" branch="False" />
            <line number="394" hits="0" branch="False" />
            <line number="404" hits="0" branch="False" />
            <line number="412" hits="0" branch="False" />
            <line number="424" hits="0" branch="False" />
            <line number="436" hits="0" branch="False" />
            <line number="442" hits="25" branch="False" />
            <line number="448" hits="0" branch="False" />
            <line number="456" hits="1" branch="False" />
            <line number="462" hits="0" branch="False" />
            <line number="467" hits="2" branch="False" />
            <line number="471" hits="0" branch="False" />
            <line number="482" hits="12347" branch="False" />
            <line number="483" hits="24685" branch="True" condition-coverage="100% (2/2)">
              <conditions>
                <condition number="13" type="jump" coverage="100%" />
              </conditions>
            </line>
            <line number="484" hits="12347" branch="False" />
            <line number="489" hits="8204" branch="False" />
            <line number="497" hits="2049" branch="True" condition-coverage="50% (1/2)">
              <conditions>
                <condition number="5" type="jump" coverage="50%" />
              </conditions>
            </line>
            <line number="498" hits="0" branch="False" />
            <line number="499" hits="0" branch="False" />
            <line number="501" hits="2049" branch="False" />
            <line number="502" hits="2049" branch="False" />
            <line number="503" hits="2049" branch="False" />
            <line number="511" hits="0" branch="True" condition-coverage="0% (0/2)">
              <conditions>
                <condition number="6" type="jump" coverage="0%" />
              </conditions>
            </line>
            <line number="515" hits="0" branch="True" condition-coverage="0% (0/2)">
              <conditions>
                <condition number="15" type="jump" coverage="0%" />
              </conditions>
            </line>
            <line number="520" hits="0" branch="False" />
            <line number="521" hits="0" branch="False" />
            <line number="525" hits="0" branch="False" />
            <line number="526" hits="0" branch="False" />
            <line number="544" hits="2067" branch="False" />
            <line number="545" hits="2067" branch="False" />
            <line number="546" hits="2067" branch="False" />
            <line number="547" hits="2067" branch="True" condition-coverage="100% (2/2)">
              <conditions>
                <condition number="30" type="jump" coverage="100%" />
              </conditions>
            </line>
            <line number="548" hits="2" branch="False" />
            <line number="550" hits="2065" branch="True" condition-coverage="100% (2/2)">
              <conditions>
                <condition number="50" type="jump" coverage="100%" />
              </conditions>
            </line>
            <line number="551" hits="2068" branch="True" condition-coverage="100% (2/2)">
              <conditions>
                <condition number="58" type="jump" coverage="100%" />
              </conditions>
            </line>
            <line number="560" hits="2062" branch="False" />
            <line number="562" hits="2062" branch="False" />
            <line number="568" hits="2062" branch="True" condition-coverage="50% (1/2)">
              <conditions>
                <condition number="90" type="jump" coverage="50%" />
              </conditions>
            </line>
            <line number="569" hits="2062" branch="True" condition-coverage="50% (1/2)">
              <conditions>
                <condition number="107" type="jump" coverage="50%" />
              </conditions>
            </line>
            <line number="570" hits="2062" branch="True" condition-coverage="50% (1/2)">
              <conditions>
                <condition number="118" type="jump" coverage="50%" />
              </conditions>
            </line>
            <line number="571" hits="0" branch="False" />
            <line number="572" hits="2062" branch="False" />
            <line number="573" hits="2062" branch="False" />
            <line number="585" hits="6" branch="False" />
            <line number="586" hits="6" branch="False" />
            <line number="587" hits="6" branch="False" />
            <line number="588" hits="6" branch="True" condition-coverage="100% (2/2)">
              <conditions>
                <condition number="30" type="jump" coverage="100%" />
              </conditions>
            </line>
            <line number="589" hits="1" branch="False" />
            <line number="591" hits="5" branch="True" condition-coverage="100% (2/2)">
              <conditions>
                <condition number="36" type="jump" coverage="100%" />
              </conditions>
            </line>
            <line number="592" hits="6" branch="True" condition-coverage="100% (2/2)">
              <conditions>
                <condition number="44" type="jump" coverage="100%" />
              </conditions>
            </line>
            <line number="601" hits="4" branch="False" />
            <line number="603" hits="4" branch="False" />
            <line number="609" hits="4" branch="True" condition-coverage="50% (1/2)">
              <conditions>
                <condition number="77" type="jump" coverage="50%" />
              </conditions>
            </line>
            <line number="610" hits="4" branch="True" condition-coverage="50% (1/2)">
              <conditions>
                <condition number="94" type="jump" coverage="50%" />
              </conditions>
            </line>
            <line number="611" hits="4" branch="True" condition-coverage="50% (1/2)">
              <conditions>
                <condition number="105" type="jump" coverage="50%" />
              </conditions>
            </line>
            <line number="612" hits="0" branch="False" />
            <line number="613" hits="4" branch="False" />
            <line number="614" hits="4" branch="False" />
            <line number="623" hits="0" branch="True" condition-coverage="0% (0/2)">
              <conditions>
                <condition number="16" type="jump" coverage="0%" />
              </conditions>
            </line>
            <line number="624" hits="0" branch="False" />
            <line number="632" hits="2" branch="False" />
            <line number="647" hits="0" branch="True" condition-coverage="0% (0/2)">
              <conditions>
                <condition number="14" type="jump" coverage="0%" />
              </conditions>
            </line>
            <line number="648" hits="0" branch="False" />
            <line number="649" hits="0" branch="False" />
            <line number="650" hits="0" branch="False" />
            <line number="666" hits="0" branch="True" condition-coverage="0% (0/2)">
              <conditions>
                <condition number="14" type="jump" coverage="0%" />
              </conditions>
            </line>
            <line number="667" hits="0" branch="False" />
            <line number="668" hits="0" branch="False" />
            <line number="669" hits="0" branch="False" />
            <line number="676" hits="0" branch="False" />
            <line number="682" hits="0" branch="False" />
            <line number="698" hits="0" branch="True" condition-coverage="0% (0/4)">
              <conditions>
                <condition number="5" type="jump" coverage="0%" />
                <condition number="20" type="jump" coverage="0%" />
              </conditions>
            </line>
            <line number="699" hits="0" branch="False" />
            <line number="700" hits="0" branch="False" />
            <line number="714" hits="4101" branch="True" condition-coverage="100% (2/2)">
              <conditions>
                <condition number="10" type="jump" coverage="100%" />
              </conditions>
            </line>
            <line number="715" hits="1" branch="False" />
            <line number="717" hits="4100" branch="False" />
            <line number="737" hits="6150" branch="True" condition-coverage="50% (1/2)">
              <conditions>
                <condition number="10" type="jump" coverage="50%" />
              </conditions>
            </line>
            <line number="738" hits="0" branch="False" />
            <line number="740" hits="6150" branch="False" />
            <line number="766" hits="6" branch="True" condition-coverage="50% (1/2)">
              <conditions>
                <condition number="2" type="jump" coverage="50%" />
              </conditions>
            </line>
            <line number="767" hits="0" branch="False" />
            <line number="768" hits="6" branch="True" condition-coverage="50% (1/2)">
              <conditions>
                <condition number="42" type="jump" coverage="50%" />
              </conditions>
            </line>
            <line number="769" hits="0" branch="False" />
            <line number="771" hits="6" branch="False" />
            <line number="800" hits="6" branch="True" condition-coverage="100% (2/2)">
              <conditions>
                <condition number="2" type="jump" coverage="100%" />
              </conditions>
            </line>
            <line number="801" hits="1" branch="False" />
            <line number="802" hits="5" branch="True" condition-coverage="100% (2/2)">
              <conditions>
                <condition number="17" type="jump" coverage="100%" />
              </conditions>
            </line>
            <line number="803" hits="1" branch="False" />
            <line number="804" hits="4" branch="True" condition-coverage="50% (1/2)">
              <conditions>
                <condition number="42" type="jump" coverage="50%" />
              </conditions>
            </line>
            <line number="805" hits="4" branch="False" />
            <line number="806" hits="0" branch="False" />
            <line number="818" hits="5" branch="True" condition-coverage="100% (2/2)">
              <conditions>
                <condition number="7" type="jump" coverage="100%" />
              </conditions>
            </line>
            <line number="819" hits="1" branch="False" />
            <line number="821" hits="4" branch="True" condition-coverage="25% (2/8)">
              <conditions>
                <condition number="20" type="jump" coverage="50%" />
                <condition number="32" type="jump" coverage="50%" />
                <condition number="91" type="jump" coverage="0%" />
                <condition number="96" type="jump" coverage="0%" />
              </conditions>
            </line>
            <line number="822" hits="4" branch="False" />
            <line number="823" hits="4" branch="False" />
            <line number="824" hits="4" branch="False" />
            <line number="825" hits="4" branch="False" />
            <line number="826" hits="4" branch="False" />
            <line number="827" hits="4" branch="False" />
            <line number="828" hits="4" branch="False" />
            <line number="829" hits="4" branch="False" />
            <line number="830" hits="0" branch="False" />
            <line number="831" hits="0" branch="False" />
            <line number="832" hits="4" branch="False" />
            <line number="833" hits="4" branch="False" />
            <line number="834" hits="0" branch="True" condition-coverage="0% (0/2)">
              <conditions>
                <condition number="142" type="jump" coverage="0%" />
              </conditions>
            </line>
            <line number="835" hits="0" branch="False" />
            <line number="836" hits="0" branch="False" />
            <line number="837" hits="0" branch="False" />
            <line number="838" hits="4" branch="False" />
            <line number="839" hits="4" branch="False" />
            <line number="840" hits="4" branch="False" />
            <line number="846" hits="0" branch="False" />
            <line number="850" hits="0" branch="False" />
            <line number="854" hits="4102" branch="False" />
            <line number="858" hits="0" branch="False" />
            <line number="863" hits="0" branch="True" condition-coverage="0% (0/4)">
              <conditions>
                <condition number="8" type="jump" coverage="0%" />
                <condition number="19" type="jump" coverage="0%" />
              </conditions>
            </line>
            <line number="864" hits="0" branch="False" />
            <line number="865" hits="0" branch="False" />
            <line number="871" hits="4102" branch="False" />
            <line number="872" hits="4102" branch="False" />
            <line number="874" hits="4102" branch="False" />
            <line number="875" hits="4102" branch="True" condition-coverage="50% (1/2)">
              <conditions>
                <condition number="27" type="jump" coverage="50%" />
              </conditions>
            </line>
            <line number="876" hits="4102" branch="False" />
            <line number="878" hits="0" branch="False" />
            <line number="879" hits="0" branch="False" />
            <line number="880" hits="0" branch="True" condition-coverage="0% (0/2)">
              <conditions>
                <condition number="75" type="jump" coverage="0%" />
              </conditions>
            </line>
            <line number="886" hits="0" branch="False" />
            <line number="887" hits="0" branch="False" />
            <line number="889" hits="0" branch="False" />
            <line number="890" hits="0" branch="True" condition-coverage="0% (0/2)">
              <conditions>
                <condition number="27" type="jump" coverage="0%" />
              </conditions>
            </line>
            <line number="891" hits="0" branch="False" />
            <line number="893" hits="0" branch="False" />
            <line number="894" hits="0" branch="False" />
            <line number="895" hits="0" branch="True" condition-coverage="0% (0/2)">
              <conditions>
                <condition number="75" type="jump" coverage="0%" />
              </conditions>
            </line>
            <line number="901" hits="0" branch="False" />
            <line number="902" hits="0" branch="False" />
            <line number="904" hits="0" branch="False" />
            <line number="905" hits="0" branch="True" condition-coverage="0% (0/2)">
              <conditions>
                <condition number="27" type="jump" coverage="0%" />
              </conditions>
            </line>
            <line number="906" hits="0" branch="False" />
            <line number="908" hits="0" branch="False" />
            <line number="909" hits="0" branch="False" />
            <line number="910" hits="0" branch="True" condition-coverage="0% (0/2)">
              <conditions>
                <condition number="85" type="jump" coverage="0%" />
              </conditions>
            </line>
            <line number="916" hits="0" branch="False" />
            <line number="917" hits="0" branch="False" />
            <line number="919" hits="0" branch="False" />
            <line number="920" hits="0" branch="True" condition-coverage="0% (0/2)">
              <conditions>
                <condition number="27" type="jump" coverage="0%" />
              </conditions>
            </line>
            <line number="921" hits="0" branch="False" />
            <line number="923" hits="0" branch="False" />
            <line number="924" hits="0" branch="False" />
            <line number="925" hits="0" branch="True" condition-coverage="0% (0/2)">
              <conditions>
                <condition number="85" type="jump" coverage="0%" />
              </conditions>
            </line>
            <line number="199" hits="49" branch="True" condition-coverage="50% (1/2)">
              <conditions>
                <condition number="1" type="jump" coverage="50%" />
              </conditions>
            </line>
            <line number="201" hits="0" branch="False" />
            <line number="202" hits="0" branch="False" />
            <line number="205" hits="49" branch="True" condition-coverage="75% (3/4)">
              <conditions>
                <condition number="26" type="jump" coverage="100%" />
                <condition number="49" type="jump" coverage="50%" />
              </conditions>
            </line>
            <line number="206" hits="0" branch="False" />
            <line number="211" hits="49" branch="False" />
            <line number="213" hits="49" branch="True" condition-coverage="50% (1/2)">
              <conditions>
                <condition number="85" type="jump" coverage="50%" />
              </conditions>
            </line>
            <line number="214" hits="49" branch="False" />
            <line number="219" hits="6" branch="True" condition-coverage="50% (1/2)">
              <conditions>
                <condition number="1" type="jump" coverage="50%" />
              </conditions>
            </line>
            <line number="221" hits="0" branch="False" />
            <line number="222" hits="0" branch="False" />
            <line number="233" hits="6" branch="False" />
            <line number="235" hits="6" branch="True" condition-coverage="50% (1/2)">
              <conditions>
                <condition number="39" type="jump" coverage="50%" />
              </conditions>
            </line>
            <line number="236" hits="6" branch="False" />
            <line number="240" hits="2" branch="False" />
            <line number="257" hits="7" branch="True" condition-coverage="50% (1/2)">
              <conditions>
                <condition number="1" type="jump" coverage="50%" />
              </conditions>
            </line>
            <line number="259" hits="0" branch="True" condition-coverage="0% (0/2)">
              <conditions>
                <condition number="4" type="jump" coverage="0%" />
              </conditions>
            </line>
            <line number="260" hits="0" branch="False" />
            <line number="261" hits="0" branch="True" condition-coverage="0% (0/2)">
              <conditions>
                <condition number="18" type="jump" coverage="0%" />
              </conditions>
            </line>
            <line number="262" hits="0" branch="False" />
            <line number="263" hits="0" branch="False" />
            <line number="264" hits="0" branch="False" />
            <line number="273" hits="7" branch="True" condition-coverage="50% (1/2)">
              <conditions>
                <condition number="46" type="jump" coverage="50%" />
              </conditions>
            </line>
            <line number="274" hits="0" branch="False" />
            <line number="280" hits="7" branch="False" />
            <line number="281" hits="7" branch="False" />
            <line number="283" hits="7" branch="False" />
            <line number="284" hits="7" branch="False" />
            <line number="303" hits="11" branch="True" condition-coverage="50% (1/2)">
              <conditions>
                <condition number="5" type="jump" coverage="50%" />
              </conditions>
            </line>
            <line number="304" hits="0" branch="False" />
            <line number="306" hits="11" branch="True" condition-coverage="50% (1/2)">
              <conditions>
                <condition number="21" type="jump" coverage="50%" />
              </conditions>
            </line>
            <line number="307" hits="0" branch="False" />
            <line number="309" hits="11" branch="False" />
            <line number="310" hits="11" branch="False" />
            <line number="311" hits="11" branch="False" />
            <line number="319" hits="10255" branch="False" />
            <line number="320" hits="10255" branch="False" />
            <line number="321" hits="10255" branch="False" />
          </lines>
        </class>
        <class name="StirlingLabs.Utilities.BigSpanEnumerator`1" filename="/_/StirlingLabs.BigSpans/BigSpanEnumerator.cs" line-rate="0" branch-rate="0" complexity="4">
          <methods>
            <method name="MoveNext" signature="()" line-rate="0" branch-rate="0" complexity="2">
              <lines>
                <line number="32" hits="0" branch="False" />
                <line number="33" hits="0" branch="True" condition-coverage="0% (0/2)">
                  <conditions>
                    <condition number="22" type="jump" coverage="0%" />
                  </conditions>
                </line>
                <line number="34" hits="0" branch="False" />
                <line number="36" hits="0" branch="False" />
                <line number="37" hits="0" branch="False" />
              </lines>
            </method>
            <method name="get_Current" signature="()" line-rate="0" branch-rate="1" complexity="1">
              <lines>
                <line number="45" hits="0" branch="False" />
              </lines>
            </method>
            <method name=".ctor" signature="(StirlingLabs.Utilities.BigSpan`1&lt;T&gt;)" line-rate="0" branch-rate="1" complexity="1">
              <lines>
                <line number="20" hits="0" branch="False" />
                <line number="24" hits="0" branch="False" />
                <line number="26" hits="0" branch="False" />
              </lines>
            </method>
          </methods>
          <lines>
            <line number="32" hits="0" branch="False" />
            <line number="33" hits="0" branch="True" condition-coverage="0% (0/2)">
              <conditions>
                <condition number="22" type="jump" coverage="0%" />
              </conditions>
            </line>
            <line number="34" hits="0" branch="False" />
            <line number="36" hits="0" branch="False" />
            <line number="37" hits="0" branch="False" />
            <line number="45" hits="0" branch="False" />
            <line number="20" hits="0" branch="False" />
            <line number="24" hits="0" branch="False" />
            <line number="26" hits="0" branch="False" />
          </lines>
        </class>
        <class name="StirlingLabs.Utilities.BigSpanExtensions" filename="/_/StirlingLabs.BigSpans/BigSpanExtensions.cs" line-rate="0.0992" branch-rate="0.060599999999999994" complexity="89">
          <methods>
            <method name="CopyTo" signature="(T[],StirlingLabs.Utilities.BigSpan`1&lt;T&gt;)" line-rate="1" branch-rate="1" complexity="1">
              <lines>
                <line number="27" hits="6" branch="False" />
              </lines>
            </method>
            <method name="CopyTo" signature="(System.Span`1&lt;T&gt;,StirlingLabs.Utilities.BigSpan`1&lt;T&gt;)" line-rate="0" branch-rate="0" complexity="10">
              <lines>
                <line number="31" hits="0" branch="False" />
                <line number="32" hits="0" branch="False" />
                <line number="33" hits="0" branch="True" condition-coverage="0% (0/2)">
                  <conditions>
                    <condition number="19" type="jump" coverage="0%" />
                  </conditions>
                </line>
                <line number="34" hits="0" branch="False" />
                <line number="36" hits="0" branch="True" condition-coverage="0% (0/2)">
                  <conditions>
                    <condition number="39" type="jump" coverage="0%" />
                  </conditions>
                </line>
                <line number="45" hits="0" branch="False" />
                <line number="47" hits="0" branch="False" />
                <line number="53" hits="0" branch="True" condition-coverage="0% (0/2)">
                  <conditions>
                    <condition number="74" type="jump" coverage="0%" />
                  </conditions>
                </line>
                <line number="54" hits="0" branch="True" condition-coverage="0% (0/2)">
                  <conditions>
                    <condition number="91" type="jump" coverage="0%" />
                  </conditions>
                </line>
                <line number="55" hits="0" branch="False" />
                <line number="56" hits="0" branch="False" />
                <line number="57" hits="0" branch="False" />
                <line number="58" hits="0" branch="True" condition-coverage="0% (0/2)">
                  <conditions>
                    <condition number="124" type="jump" coverage="0%" />
                  </conditions>
                </line>
                <line number="59" hits="0" branch="False" />
                <line number="60" hits="0" branch="False" />
              </lines>
            </method>
            <method name="CopyTo" signature="(System.ReadOnlySpan`1&lt;T&gt;,StirlingLabs.Utilities.BigSpan`1&lt;T&gt;)" line-rate="0" branch-rate="0" complexity="10">
              <lines>
                <line number="64" hits="0" branch="False" />
                <line number="65" hits="0" branch="False" />
                <line number="66" hits="0" branch="True" condition-coverage="0% (0/2)">
                  <conditions>
                    <condition number="19" type="jump" coverage="0%" />
                  </conditions>
                </line>
                <line number="67" hits="0" branch="False" />
                <line number="69" hits="0" branch="True" condition-coverage="0% (0/2)">
                  <conditions>
                    <condition number="39" type="jump" coverage="0%" />
                  </conditions>
                </line>
                <line number="78" hits="0" branch="False" />
                <line number="80" hits="0" branch="False" />
                <line number="86" hits="0" branch="True" condition-coverage="0% (0/2)">
                  <conditions>
                    <condition number="79" type="jump" coverage="0%" />
                  </conditions>
                </line>
                <line number="87" hits="0" branch="True" condition-coverage="0% (0/2)">
                  <conditions>
                    <condition number="96" type="jump" coverage="0%" />
                  </conditions>
                </line>
                <line number="88" hits="0" branch="False" />
                <line number="89" hits="0" branch="False" />
                <line number="90" hits="0" branch="False" />
                <line number="91" hits="0" branch="True" condition-coverage="0% (0/2)">
                  <conditions>
                    <condition number="129" type="jump" coverage="0%" />
                  </conditions>
                </line>
                <line number="92" hits="0" branch="False" />
                <line number="93" hits="0" branch="False" />
              </lines>
            </method>
            <method name="SequenceEqual" signature="(StirlingLabs.Utilities.BigSpan`1&lt;T&gt;,StirlingLabs.Utilities.BigSpan`1&lt;T&gt;)" line-rate="1" branch-rate="1" complexity="1">
              <lines>
                <line number="98" hits="4098" branch="False" />
              </lines>
            </method>
            <method name="SequenceEqual" signature="(StirlingLabs.Utilities.ReadOnlyBigSpan`1&lt;T&gt;,StirlingLabs.Utilities.BigSpan`1&lt;T&gt;)" line-rate="0" branch-rate="1" complexity="1">
              <lines>
                <line number="103" hits="0" branch="False" />
              </lines>
            </method>
            <method name="SequenceEqual" signature="(StirlingLabs.Utilities.BigSpan`1&lt;T&gt;,StirlingLabs.Utilities.ReadOnlyBigSpan`1&lt;T&gt;)" line-rate="0" branch-rate="1" complexity="1">
              <lines>
                <line number="108" hits="0" branch="False" />
              </lines>
            </method>
            <method name="SequenceEqual" signature="(StirlingLabs.Utilities.ReadOnlyBigSpan`1&lt;T&gt;,StirlingLabs.Utilities.ReadOnlyBigSpan`1&lt;T&gt;)" line-rate="0" branch-rate="1" complexity="1">
              <lines>
                <line number="113" hits="0" branch="False" />
              </lines>
            </method>
            <method name="SequenceEqual" signature="(System.Span`1&lt;T&gt;,StirlingLabs.Utilities.BigSpan`1&lt;T&gt;)" line-rate="0" branch-rate="1" complexity="1">
              <lines>
                <line number="118" hits="0" branch="False" />
              </lines>
            </method>
            <method name="SequenceEqual" signature="(System.ReadOnlySpan`1&lt;T&gt;,StirlingLabs.Utilities.BigSpan`1&lt;T&gt;)" line-rate="0" branch-rate="1" complexity="1">
              <lines>
                <line number="123" hits="0" branch="False" />
              </lines>
            </method>
            <method name="SequenceEqual" signature="(StirlingLabs.Utilities.BigSpan`1&lt;T&gt;,System.ReadOnlySpan`1&lt;T&gt;)" line-rate="0" branch-rate="1" complexity="1">
              <lines>
                <line number="128" hits="0" branch="False" />
              </lines>
            </method>
            <method name="SequenceEqual" signature="(StirlingLabs.Utilities.ReadOnlyBigSpan`1&lt;T&gt;,System.ReadOnlySpan`1&lt;T&gt;)" line-rate="0" branch-rate="1" complexity="1">
              <lines>
                <line number="133" hits="0" branch="False" />
              </lines>
            </method>
            <method name="SequenceCompare" signature="(StirlingLabs.Utilities.BigSpan`1&lt;T&gt;,StirlingLabs.Utilities.BigSpan`1&lt;T&gt;)" line-rate="0" branch-rate="1" complexity="1">
              <lines>
                <line number="138" hits="0" branch="False" />
              </lines>
            </method>
            <method name="SequenceCompare" signature="(StirlingLabs.Utilities.ReadOnlyBigSpan`1&lt;T&gt;,StirlingLabs.Utilities.BigSpan`1&lt;T&gt;)" line-rate="0" branch-rate="1" complexity="1">
              <lines>
                <line number="143" hits="0" branch="False" />
              </lines>
            </method>
            <method name="SequenceCompare" signature="(StirlingLabs.Utilities.BigSpan`1&lt;T&gt;,StirlingLabs.Utilities.ReadOnlyBigSpan`1&lt;T&gt;)" line-rate="0" branch-rate="1" complexity="1">
              <lines>
                <line number="148" hits="0" branch="False" />
              </lines>
            </method>
            <method name="SequenceCompare" signature="(StirlingLabs.Utilities.ReadOnlyBigSpan`1&lt;T&gt;,StirlingLabs.Utilities.ReadOnlyBigSpan`1&lt;T&gt;)" line-rate="0" branch-rate="1" complexity="1">
              <lines>
                <line number="153" hits="0" branch="False" />
              </lines>
            </method>
            <method name="SequenceCompare" signature="(System.Span`1&lt;T&gt;,StirlingLabs.Utilities.BigSpan`1&lt;T&gt;)" line-rate="0" branch-rate="1" complexity="1">
              <lines>
                <line number="158" hits="0" branch="False" />
              </lines>
            </method>
            <method name="SequenceCompare" signature="(System.ReadOnlySpan`1&lt;T&gt;,StirlingLabs.Utilities.BigSpan`1&lt;T&gt;)" line-rate="0" branch-rate="1" complexity="1">
              <lines>
                <line number="163" hits="0" branch="False" />
              </lines>
            </method>
            <method name="SequenceCompare" signature="(StirlingLabs.Utilities.BigSpan`1&lt;T&gt;,System.ReadOnlySpan`1&lt;T&gt;)" line-rate="0" branch-rate="1" complexity="1">
              <lines>
                <line number="168" hits="0" branch="False" />
              </lines>
            </method>
            <method name="SequenceCompare" signature="(StirlingLabs.Utilities.ReadOnlyBigSpan`1&lt;T&gt;,System.ReadOnlySpan`1&lt;T&gt;)" line-rate="0" branch-rate="1" complexity="1">
              <lines>
                <line number="173" hits="0" branch="False" />
              </lines>
            </method>
            <method name="TryWrite" signature="(StirlingLabs.Utilities.BigSpan`1&lt;System.Byte&gt;,T&amp;)" line-rate="0" branch-rate="0" complexity="2">
              <lines>
                <line number="183" hits="0" branch="True" condition-coverage="0% (0/2)">
                  <conditions>
                    <condition number="15" type="jump" coverage="0%" />
                  </conditions>
                </line>
                <line number="184" hits="0" branch="False" />
                <line number="185" hits="0" branch="False" />
                <line number="186" hits="0" branch="False" />
              </lines>
            </method>
            <method name="TryWrite" signature="(StirlingLabs.Utilities.BigSpan`1&lt;System.Byte&gt;,T&amp;,System.UIntPtr)" line-rate="0" branch-rate="0" complexity="2">
              <lines>
                <line number="197" hits="0" branch="True" condition-coverage="0% (0/2)">
                  <conditions>
                    <condition number="15" type="jump" coverage="0%" />
                  </conditions>
                </line>
                <line number="198" hits="0" branch="False" />
                <line number="199" hits="0" branch="False" />
                <line number="200" hits="0" branch="False" />
              </lines>
            </method>
            <method name="Write" signature="(StirlingLabs.Utilities.BigSpan`1&lt;System.Byte&gt;,T&amp;)" line-rate="0" branch-rate="0" complexity="2">
              <lines>
                <line number="210" hits="0" branch="True" condition-coverage="0% (0/2)">
                  <conditions>
                    <condition number="7" type="jump" coverage="0%" />
                  </conditions>
                </line>
                <line number="211" hits="0" branch="False" />
                <line number="212" hits="0" branch="False" />
              </lines>
            </method>
            <method name="Write" signature="(StirlingLabs.Utilities.BigSpan`1&lt;System.Byte&gt;,T&amp;,System.UIntPtr)" line-rate="0" branch-rate="0" complexity="2">
              <lines>
                <line number="221" hits="0" branch="True" condition-coverage="0% (0/2)">
                  <conditions>
[...]
            <line number="20" hits="2" branch="False" />
            <line number="24" hits="0" branch="False" />
            <line number="35" hits="10328" branch="False" />
          </lines>
        </class>
        <class name="StirlingLabs.Utilities.Magic.IfType`1" filename="/_/StirlingLabs.BigSpans/Magic/IfType.cs" line-rate="0.125" branch-rate="1" complexity="8">
          <methods>
            <method name="Is" signature="()" line-rate="1" branch-rate="1" complexity="1">
              <lines>
                <line number="16" hits="3" branch="False" />
              </lines>
            </method>
            <method name="IsNot" signature="()" line-rate="0" branch-rate="1" complexity="1">
              <lines>
                <line number="19" hits="0" branch="False" />
              </lines>
            </method>
            <method name="IsPrimitive" signature="()" line-rate="0" branch-rate="1" complexity="1">
              <lines>
                <line number="27" hits="0" branch="False" />
              </lines>
            </method>
            <method name="IsNotPrimitive" signature="()" line-rate="0" branch-rate="1" complexity="1">
              <lines>
                <line number="30" hits="0" branch="False" />
              </lines>
            </method>
            <method name="IsAssignableTo" signature="()" line-rate="0" branch-rate="1" complexity="1">
              <lines>
                <line number="38" hits="0" branch="False" />
              </lines>
            </method>
            <method name="IsNotAssignableTo" signature="()" line-rate="0" branch-rate="1" complexity="1">
              <lines>
                <line number="41" hits="0" branch="False" />
              </lines>
            </method>
            <method name="IsAssignableFrom" signature="()" line-rate="0" branch-rate="1" complexity="1">
              <lines>
                <line number="49" hits="0" branch="False" />
              </lines>
            </method>
            <method name="IsNotAssignableFrom" signature="()" line-rate="0" branch-rate="1" complexity="1">
              <lines>
                <line number="52" hits="0" branch="False" />
              </lines>
            </method>
          </methods>
          <lines>
            <line number="16" hits="3" branch="False" />
            <line number="19" hits="0" branch="False" />
            <line number="27" hits="0" branch="False" />
            <line number="30" hits="0" branch="False" />
            <line number="38" hits="0" branch="False" />
            <line number="41" hits="0" branch="False" />
            <line number="49" hits="0" branch="False" />
            <line number="52" hits="0" branch="False" />
          </lines>
        </class>
        <class name="StirlingLabs.Utilities.Magic.IfType`1/_Is`1" filename="/_/StirlingLabs.BigSpans/Magic/IfType.cs" line-rate="1" branch-rate="1" complexity="1">
          <methods>
            <method name=".cctor" signature="()" line-rate="1" branch-rate="1" complexity="1">
              <lines>
                <line number="12" hits="3" branch="False" />
              </lines>
            </method>
          </methods>
          <lines>
            <line number="12" hits="3" branch="False" />
          </lines>
        </class>
        <class name="StirlingLabs.Utilities.Magic.IfType`1/_IsPrimitive" filename="/_/StirlingLabs.BigSpans/Magic/IfType.cs" line-rate="0" branch-rate="1" complexity="1">
          <methods>
            <method name=".cctor" signature="()" line-rate="0" branch-rate="1" complexity="1">
              <lines>
                <line number="23" hits="0" branch="False" />
              </lines>
            </method>
          </methods>
          <lines>
            <line number="23" hits="0" branch="False" />
          </lines>
        </class>
        <class name="StirlingLabs.Utilities.Magic.IfType`1/_IsAssignableTo`1" filename="/_/StirlingLabs.BigSpans/Magic/IfType.cs" line-rate="0" branch-rate="1" complexity="1">
          <methods>
            <method name=".cctor" signature="()" line-rate="0" branch-rate="1" complexity="1">
              <lines>
                <line number="34" hits="0" branch="False" />
              </lines>
            </method>
          </methods>
          <lines>
            <line number="34" hits="0" branch="False" />
          </lines>
        </class>
        <class name="StirlingLabs.Utilities.Magic.IfType`1/_IsAssignableFrom`1" filename="/_/StirlingLabs.BigSpans/Magic/IfType.cs" line-rate="0" branch-rate="1" complexity="1">
          <methods>
            <method name=".cctor" signature="()" line-rate="0" branch-rate="1" complexity="1">
              <lines>
                <line number="45" hits="0" branch="False" />
              </lines>
            </method>
          </methods>
          <lines>
            <line number="45" hits="0" branch="False" />
          </lines>
        </class>
        <class name="StirlingLabs.Utilities.Magic.Ptr`1" filename="/_/StirlingLabs.BigSpans/Magic/Ptr.cs" line-rate="0" branch-rate="0" complexity="42">
          <methods>
            <method name="get_DebugString" signature="()" line-rate="0" branch-rate="0" complexity="8">
              <lines>
                <line number="17" hits="0" branch="True" condition-coverage="0% (0/8)">
                  <conditions>
                    <condition number="11" type="jump" coverage="0%" />
                    <condition number="18" type="jump" coverage="0%" />
                    <condition number="27" type="jump" coverage="0%" />
                    <condition number="93" type="jump" coverage="0%" />
                  </conditions>
                </line>
                <line number="18" hits="0" branch="False" />
                <line number="19" hits="0" branch="False" />
                <line number="20" hits="0" branch="False" />
                <line number="21" hits="0" branch="False" />
                <line number="22" hits="0" branch="False" />
                <line number="23" hits="0" branch="False" />
              </lines>
            </method>
            <method name="get_Type" signature="()" line-rate="0" branch-rate="1" complexity="1">
              <lines>
                <line number="26" hits="0" branch="False" />
              </lines>
            </method>
            <method name="get_Value" signature="()" line-rate="0" branch-rate="1" complexity="1">
              <lines>
                <line number="29" hits="0" branch="False" />
              </lines>
            </method>
            <method name="Equals" signature="(System.Object)" line-rate="0" branch-rate="0" complexity="10">
              <lines>
                <line number="31" hits="0" branch="True" condition-coverage="0% (0/10)">
                  <conditions>
                    <condition number="6" type="jump" coverage="0%" />
                    <condition number="22" type="jump" coverage="0%" />
                    <condition number="30" type="jump" coverage="0%" />
                    <condition number="46" type="jump" coverage="0%" />
                    <condition number="54" type="jump" coverage="0%" />
                  </conditions>
                </line>
                <line number="32" hits="0" branch="False" />
                <line number="33" hits="0" branch="False" />
              </lines>
            </method>
            <method name="GetHashCode" signature="()" line-rate="0" branch-rate="1" complexity="1">
              <lines>
                <line number="34" hits="0" branch="False" />
              </lines>
            </method>
            <method name="Equals" signature="(StirlingLabs.Utilities.Magic.Ptr`1&lt;T&gt;)" line-rate="0" branch-rate="1" complexity="1">
              <lines>
                <line number="35" hits="0" branch="False" />
              </lines>
            </method>
            <method name="Equals" signature="(System.IntPtr)" line-rate="0" branch-rate="1" complexity="1">
              <lines>
                <line number="36" hits="0" branch="False" />
              </lines>
            </method>
            <method name="Equals" signature="(System.UIntPtr)" line-rate="0" branch-rate="1" complexity="1">
              <lines>
                <line number="37" hits="0" branch="False" />
              </lines>
            </method>
            <method name="op_Implicit" signature="(StirlingLabs.Utilities.Magic.Ptr`1&lt;T&gt;)" line-rate="0" branch-rate="1" complexity="1">
              <lines>
                <line number="38" hits="0" branch="False" />
              </lines>
            </method>
            <method name="op_Implicit" signature="(StirlingLabs.Utilities.Magic.Ptr`1&lt;T&gt;)" line-rate="0" branch-rate="1" complexity="1">
              <lines>
                <line number="39" hits="0" branch="False" />
              </lines>
            </method>
            <method name="op_Implicit" signature="(StirlingLabs.Utilities.Magic.Ptr`1&lt;T&gt;)" line-rate="0" branch-rate="1" complexity="1">
              <lines>
                <line number="40" hits="0" branch="False" />
              </lines>
            </method>
            <method name="op_Equality" signature="(StirlingLabs.Utilities.Magic.Ptr`1&lt;T&gt;,StirlingLabs.Utilities.Magic.Ptr`1&lt;T&gt;)" line-rate="0" branch-rate="1" complexity="1">
              <lines>
                <line number="41" hits="0" branch="False" />
              </lines>
            </method>
            <method name="op_Inequality" signature="(StirlingLabs.Utilities.Magic.Ptr`1&lt;T&gt;,StirlingLabs.Utilities.Magic.Ptr`1&lt;T&gt;)" line-rate="0" branch-rate="1" complexity="1">
              <lines>
                <line number="42" hits="0" branch="False" />
              </lines>
            </method>
            <method name="op_Equality" signature="(StirlingLabs.Utilities.Magic.Ptr`1&lt;T&gt;,System.UIntPtr)" line-rate="0" branch-rate="1" complexity="1">
              <lines>
                <line number="43" hits="0" branch="False" />
              </lines>
            </method>
            <method name="op_Inequality" signature="(StirlingLabs.Utilities.Magic.Ptr`1&lt;T&gt;,System.UIntPtr)" line-rate="0" branch-rate="1" complexity="1">
              <lines>
                <line number="44" hits="0" branch="False" />
              </lines>
            </method>
            <method name="op_Equality" signature="(System.UIntPtr,StirlingLabs.Utilities.Magic.Ptr`1&lt;T&gt;)" line-rate="0" branch-rate="1" complexity="1">
              <lines>
                <line number="45" hits="0" branch="False" />
              </lines>
            </method>
            <method name="op_Inequality" signature="(System.UIntPtr,StirlingLabs.Utilities.Magic.Ptr`1&lt;T&gt;)" line-rate="0" branch-rate="1" complexity="1">
              <lines>
                <line number="46" hits="0" branch="False" />
              </lines>
            </method>
            <method name="op_Equality" signature="(StirlingLabs.Utilities.Magic.Ptr`1&lt;T&gt;,System.IntPtr)" line-rate="0" branch-rate="1" complexity="1">
              <lines>
                <line number="47" hits="0" branch="False" />
              </lines>
            </method>
            <method name="op_Inequality" signature="(StirlingLabs.Utilities.Magic.Ptr`1&lt;T&gt;,System.IntPtr)" line-rate="0" branch-rate="1" complexity="1">
              <lines>
                <line number="48" hits="0" branch="False" />
              </lines>
            </method>
            <method name="op_Equality" signature="(System.IntPtr,StirlingLabs.Utilities.Magic.Ptr`1&lt;T&gt;)" line-rate="0" branch-rate="1" complexity="1">
              <lines>
                <line number="49" hits="0" branch="False" />
              </lines>
            </method>
            <method name="op_Inequality" signature="(System.IntPtr,StirlingLabs.Utilities.Magic.Ptr`1&lt;T&gt;)" line-rate="0" branch-rate="1" complexity="1">
              <lines>
                <line number="50" hits="0" branch="False" />
              </lines>
            </method>
            <method name="op_Equality" signature="(StirlingLabs.Utilities.Magic.Ptr`1&lt;T&gt;,System.Void*)" line-rate="0" branch-rate="1" complexity="1">
              <lines>
                <line number="51" hits="0" branch="False" />
              </lines>
            </method>
            <method name="op_Inequality" signature="(StirlingLabs.Utilities.Magic.Ptr`1&lt;T&gt;,System.Void*)" line-rate="0" branch-rate="1" complexity="1">
              <lines>
                <line number="52" hits="0" branch="False" />
              </lines>
            </method>
            <method name="op_Equality" signature="(System.Void*,StirlingLabs.Utilities.Magic.Ptr`1&lt;T&gt;)" line-rate="0" branch-rate="1" complexity="1">
              <lines>
                <line number="53" hits="0" branch="False" />
              </lines>
            </method>
            <method name="op_Inequality" signature="(System.Void*,StirlingLabs.Utilities.Magic.Ptr`1&lt;T&gt;)" line-rate="0" branch-rate="1" complexity="1">
              <lines>
                <line number="54" hits="0" branch="False" />
              </lines>
            </method>
            <method name=".ctor" signature="(System.Void*)" line-rate="0" branch-rate="1" complexity="1">
              <lines>
                <line number="24" hits="0" branch="False" />
              </lines>
            </method>
          </methods>
          <lines>
            <line number="17" hits="0" branch="True" condition-coverage="0% (0/8)">
              <conditions>
                <condition number="11" type="jump" coverage="0%" />
                <condition number="18" type="jump" coverage="0%" />
                <condition number="27" type="jump" coverage="0%" />
                <condition number="93" type="jump" coverage="0%" />
              </conditions>
            </line>
            <line number="18" hits="0" branch="False" />
            <line number="19" hits="0" branch="False" />
            <line number="20" hits="0" branch="False" />
            <line number="21" hits="0" branch="False" />
            <line number="22" hits="0" branch="False" />
            <line number="23" hits="0" branch="False" />
            <line number="26" hits="0" branch="False" />
            <line number="29" hits="0" branch="False" />
            <line number="31" hits="0" branch="True" condition-coverage="0% (0/10)">
              <conditions>
                <condition number="6" type="jump" coverage="0%" />
                <condition number="22" type="jump" coverage="0%" />
                <condition number="30" type="jump" coverage="0%" />
                <condition number="46" type="jump" coverage="0%" />
                <condition number="54" type="jump" coverage="0%" />
              </conditions>
            </line>
            <line number="32" hits="0" branch="False" />
            <line number="33" hits="0" branch="False" />
            <line number="34" hits="0" branch="False" />
            <line number="35" hits="0" branch="False" />
            <line number="36" hits="0" branch="False" />
            <line number="37" hits="0" branch="False" />
            <line number="38" hits="0" branch="False" />
            <line number="39" hits="0" branch="False" />
            <line number="40" hits="0" branch="False" />
            <line number="41" hits="0" branch="False" />
            <line number="42" hits="0" branch="False" />
            <line number="43" hits="0" branch="False" />
            <line number="44" hits="0" branch="False" />
            <line number="45" hits="0" branch="False" />
            <line number="46" hits="0" branch="False" />
            <line number="47" hits="0" branch="False" />
            <line number="48" hits="0" branch="False" />
            <line number="49" hits="0" branch="False" />
            <line number="50" hits="0" branch="False" />
            <line number="51" hits="0" branch="False" />
            <line number="52" hits="0" branch="False" />
            <line number="53" hits="0" branch="False" />
            <line number="54" hits="0" branch="False" />
            <line number="24" hits="0" branch="False" />
          </lines>
        </class>
        <class name="StirlingLabs.Utilities.Magic.UnsafeMemoryView`1" filename="/_/StirlingLabs.BigSpans/Magic/UnsafeMemoryView.cs" line-rate="0" branch-rate="1" complexity="5">
          <methods>
            <method name="get_Type" signature="()" line-rate="0" branch-rate="1" complexity="1">
              <lines>
                <line number="15" hits="0" branch="False" />
              </lines>
            </method>
            <method name="System.Collections.IEnumerable.GetEnumerator" signature="()" line-rate="0" branch-rate="1" complexity="1">
              <lines>
                <line number="42" hits="0" branch="False" />
              </lines>
            </method>
            <method name="get_Item" signature="(System.IntPtr)" line-rate="0" branch-rate="1" complexity="1">
              <lines>
                <line number="44" hits="0" branch="False" />
              </lines>
            </method>
            <method name=".ctor" signature="(System.Void*,System.UIntPtr)" line-rate="0" branch-rate="1" complexity="1">
              <lines>
                <line number="25" hits="0" branch="False" />
                <line number="26" hits="0" branch="False" />
                <line number="27" hits="0" branch="False" />
              </lines>
            </method>
            <method name=".ctor" signature="(StirlingLabs.Utilities.ReadOnlyBigSpan`1&lt;T&gt;)" line-rate="0" branch-rate="1" complexity="1">
              <lines>
                <line number="31" hits="0" branch="False" />
                <line number="32" hits="0" branch="False" />
                <line number="33" hits="0" branch="False" />
              </lines>
            </method>
          </methods>
          <lines>
            <line number="15" hits="0" branch="False" />
            <line number="42" hits="0" branch="False" />
            <line number="44" hits="0" branch="False" />
            <line number="25" hits="0" branch="False" />
            <line number="26" hits="0" branch="False" />
            <line number="27" hits="0" branch="False" />
            <line number="31" hits="0" branch="False" />
            <line number="32" hits="0" branch="False" />
            <line number="33" hits="0" branch="False" />
          </lines>
        </class>
        <class name="StirlingLabs.Utilities.Magic.UnsafeMemoryView`1/&lt;GetEnumerator&gt;d__6" filename="/_/StirlingLabs.BigSpans/Magic/UnsafeMemoryView.cs" line-rate="0" branch-rate="0" complexity="2">
          <methods>
            <method name="MoveNext" signature="()" line-rate="0" branch-rate="0" complexity="2">
              <lines>
                <line number="37" hits="0" branch="True" condition-coverage="0% (0/2)">
                  <conditions>
                    <condition number="106" type="jump" coverage="0%" />
                  </conditions>
                </line>
                <line number="38" hits="0" branch="False" />
                <line number="39" hits="0" branch="False" />
              </lines>
            </method>
          </methods>
          <lines>
            <line number="37" hits="0" branch="True" condition-coverage="0% (0/2)">
              <conditions>
                <condition number="106" type="jump" coverage="0%" />
              </conditions>
            </line>
            <line number="38" hits="0" branch="False" />
            <line number="39" hits="0" branch="False" />
          </lines>
        </class>
      </classes>
    </package>
    <package name="StirlingLabs.BigSpans.NUnit" line-rate="1" branch-rate="1" complexity="0">
      <classes />
    </package>
  </packages>
</coverage>