<?xml version="1.0" encoding="utf-8"?>
<coverage line-rate="0.1646" branch-rate="0.1324" version="1.9" timestamp="1663956356" lines-covered="195" lines-valid="1184" branches-covered="71" branches-valid="536">
  <sources />
  <packages>
    <package name="StirlingLabs.BigSpans.NUnit" line-rate="1" branch-rate="1" complexity="0">
      <classes />
    </package>
    <package name="StirlingLabs.BigSpans" line-rate="0.1646" branch-rate="0.1324" complexity="664">
      <classes>
        <class name="System.Runtime.CompilerServices.IgnoresAccessChecksToAttribute" filename="/_/StirlingLabs.BigSpans/Compatibility/IgnoresAccessChecksToAttribute.cs" line-rate="0" branch-rate="1" complexity="2">
          <methods>
            <method name="get_AssemblyName" signature="()" line-rate="0" branch-rate="1" complexity="1">
              <lines>
                <line number="12" hits="0" branch="False" />
              </lines>
            </method>
            <method name=".ctor" signature="(System.String)" line-rate="0" branch-rate="1" complexity="1">
              <lines>
                <line number="13" hits="0" branch="False" />
                <line number="14" hits="0" branch="False" />
              </lines>
            </method>
          </methods>
          <lines>
            <line number="12" hits="0" branch="False" />
            <line number="13" hits="0" branch="False" />
            <line number="14" hits="0" branch="False" />
          </lines>
        </class>
        <class name="StirlingLabs.Utilities.BigSpan" filename="/_/StirlingLabs.BigSpans/BigSpan.cs" line-rate="0" branch-rate="0" complexity="14">
          <methods>
            <method name="Create" signature="(T&amp;,System.UIntPtr)" line-rate="0" branch-rate="0" complexity="2">
              <lines>
                <line number="38" hits="0" branch="True" condition-coverage="0% (0/2)">
                  <conditions>
                    <condition number="5" type="jump" coverage="0%" />
                  </conditions>
                </line>
                <line number="39" hits="0" branch="False" />
                <line number="41" hits="0" branch="False" />
              </lines>
            </method>
            <method name="Create" signature="(T[])" line-rate="0" branch-rate="0" complexity="2">
              <lines>
                <line number="53" hits="0" branch="True" condition-coverage="0% (0/2)">
                  <conditions>
                    <condition number="5" type="jump" coverage="0%" />
                  </conditions>
                </line>
                <line number="54" hits="0" branch="False" />
                <line number="56" hits="0" branch="False" />
              </lines>
            </method>
            <method name="Create" signature="(T[],System.UIntPtr,System.UIntPtr)" line-rate="0" branch-rate="0" complexity="2">
              <lines>
                <line number="74" hits="0" branch="True" condition-coverage="0% (0/2)">
                  <conditions>
                    <condition number="5" type="jump" coverage="0%" />
                  </conditions>
                </line>
                <line number="75" hits="0" branch="False" />
                <line number="77" hits="0" branch="False" />
              </lines>
            </method>
            <method name="AsPinnedEnumerables" signature="(StirlingLabs.Utilities.ReadOnlyBigSpan`1&lt;T&gt;,System.Action`1&lt;System.Collections.Generic.IEnumerable`1&lt;T&gt;&gt;)" line-rate="0" branch-rate="0" complexity="2">
              <lines>
                <line number="86" hits="0" branch="True" condition-coverage="0% (0/2)">
                  <conditions>
                    <condition number="1" type="jump" coverage="0%" />
                  </conditions>
                </line>
                <line number="88" hits="0" branch="False" />
                <line number="91" hits="0" branch="False" />
                <line number="92" hits="0" branch="False" />
                <line number="93" hits="0" branch="False" />
              </lines>
            </method>
            <method name="AsPinnedEnumerables" signature="(StirlingLabs.Utilities.ReadOnlyBigSpan`1&lt;T1&gt;,StirlingLabs.Utilities.ReadOnlyBigSpan`1&lt;T2&gt;,System.Action`2&lt;System.Collections.Generic.IEnumerable`1&lt;T1&gt;,System.Collections.Generic.IEnumerable`1&lt;T2&gt;&gt;)" line-rate="0" branch-rate="0" complexity="2">
              <lines>
                <line number="104" hits="0" branch="True" condition-coverage="0% (0/2)">
                  <conditions>
                    <condition number="1" type="jump" coverage="0%" />
                  </conditions>
                </line>
                <line number="106" hits="0" branch="False" />
                <line number="108" hits="0" branch="False" />
                <line number="111" hits="0" branch="False" />
                <line number="112" hits="0" branch="False" />
                <line number="113" hits="0" branch="False" />
                <line number="114" hits="0" branch="False" />
              </lines>
            </method>
            <method name="AsPinnedEnumerables" signature="(StirlingLabs.Utilities.ReadOnlyBigSpan`1&lt;T1&gt;,StirlingLabs.Utilities.ReadOnlyBigSpan`1&lt;T2&gt;,StirlingLabs.Utilities.ReadOnlyBigSpan`1&lt;T3&gt;,System.Action`3&lt;System.Collections.Generic.IEnumerable`1&lt;T1&gt;,System.Collections.Generic.IEnumerable`1&lt;T2&gt;,System.Collections.Generic.IEnumerable`1&lt;T3&gt;&gt;)" line-rate="0" branch-rate="0" complexity="2">
              <lines>
                <line number="127" hits="0" branch="True" condition-coverage="0% (0/2)">
                  <conditions>
                    <condition number="1" type="jump" coverage="0%" />
                  </conditions>
                </line>
                <line number="129" hits="0" branch="False" />
                <line number="131" hits="0" branch="False" />
                <line number="133" hits="0" branch="False" />
                <line number="136" hits="0" branch="False" />
                <line number="137" hits="0" branch="False" />
                <line number="138" hits="0" branch="False" />
                <line number="139" hits="0" branch="False" />
                <line number="140" hits="0" branch="False" />
              </lines>
            </method>
            <method name="AsPinnedEnumerables" signature="(StirlingLabs.Utilities.ReadOnlyBigSpan`1&lt;T1&gt;,StirlingLabs.Utilities.ReadOnlyBigSpan`1&lt;T2&gt;,StirlingLabs.Utilities.ReadOnlyBigSpan`1&lt;T3&gt;,StirlingLabs.Utilities.ReadOnlyBigSpan`1&lt;T4&gt;,System.Action`4&lt;System.Collections.Generic.IEnumerable`1&lt;T1&gt;,System.Collections.Generic.IEnumerable`1&lt;T2&gt;,System.Collections.Generic.IEnumerable`1&lt;T3&gt;,System.Collections.Generic.IEnumerable`1&lt;T4&gt;&gt;)" line-rate="0" branch-rate="0" complexity="2">
              <lines>
                <line number="154" hits="0" branch="True" condition-coverage="0% (0/2)">
                  <conditions>
                    <condition number="2" type="jump" coverage="0%" />
                  </conditions>
                </line>
                <line number="156" hits="0" branch="False" />
                <line number="158" hits="0" branch="False" />
                <line number="160" hits="0" branch="False" />
                <line number="162" hits="0" branch="False" />
                <line number="165" hits="0" branch="False" />
                <line number="166" hits="0" branch="False" />
                <line number="167" hits="0" branch="False" />
                <line number="168" hits="0" branch="False" />
                <line number="169" hits="0" branch="False" />
                <line number="170" hits="0" branch="False" />
              </lines>
            </method>
          </methods>
          <lines>
            <line number="38" hits="0" branch="True" condition-coverage="0% (0/2)">
              <conditions>
                <condition number="5" type="jump" coverage="0%" />
              </conditions>
            </line>
            <line number="39" hits="0" branch="False" />
            <line number="41" hits="0" branch="False" />
            <line number="53" hits="0" branch="True" condition-coverage="0% (0/2)">
              <conditions>
                <condition number="5" type="jump" coverage="0%" />
              </conditions>
            </line>
            <line number="54" hits="0" branch="False" />
            <line number="56" hits="0" branch="False" />
            <line number="74" hits="0" branch="True" condition-coverage="0% (0/2)">
              <conditions>
                <condition number="5" type="jump" coverage="0%" />
              </conditions>
            </line>
            <line number="75" hits="0" branch="False" />
            <line number="77" hits="0" branch="False" />
            <line number="86" hits="0" branch="True" condition-coverage="0% (0/2)">
              <conditions>
                <condition number="1" type="jump" coverage="0%" />
              </conditions>
            </line>
            <line number="88" hits="0" branch="False" />
            <line number="91" hits="0" branch="False" />
            <line number="92" hits="0" branch="False" />
            <line number="93" hits="0" branch="False" />
            <line number="104" hits="0" branch="True" condition-coverage="0% (0/2)">
              <conditions>
                <condition number="1" type="jump" coverage="0%" />
              </conditions>
            </line>
            <line number="106" hits="0" branch="False" />
            <line number="108" hits="0" branch="False" />
            <line number="111" hits="0" branch="False" />
            <line number="112" hits="0" branch="False" />
            <line number="113" hits="0" branch="False" />
            <line number="114" hits="0" branch="False" />
            <line number="127" hits="0" branch="True" condition-coverage="0% (0/2)">
              <conditions>
                <condition number="1" type="jump" coverage="0%" />
              </conditions>
            </line>
            <line number="129" hits="0" branch="False" />
            <line number="131" hits="0" branch="False" />
            <line number="133" hits="0" branch="False" />
            <line number="136" hits="0" branch="False" />
            <line number="137" hits="0" branch="False" />
            <line number="138" hits="0" branch="False" />
            <line number="139" hits="0" branch="False" />
            <line number="140" hits="0" branch="False" />
            <line number="154" hits="0" branch="True" condition-coverage="0% (0/2)">
              <conditions>
                <condition number="2" type="jump" coverage="0%" />
              </conditions>
            </line>
            <line number="156" hits="0" branch="False" />
            <line number="158" hits="0" branch="False" />
            <line number="160" hits="0" branch="False" />
            <line number="162" hits="0" branch="False" />
            <line number="165" hits="0" branch="False" />
            <line number="166" hits="0" branch="False" />
            <line number="167" hits="0" branch="False" />
            <line number="168" hits="0" branch="False" />
            <line number="169" hits="0" branch="False" />
            <line number="170" hits="0" branch="False" />
          </lines>
        </class>
        <class name="StirlingLabs.Utilities.BigSpan`1" filename="/_/StirlingLabs.BigSpans/BigSpan.cs" line-rate="0.5621" branch-rate="0.4396" complexity="139">
          <methods>
            <method name="get__length" signature="()" line-rate="1" branch-rate="1" complexity="1">
              <lines>
                <line number="190" hits="52211" branch="False" />
              </lines>
            </method>
            <method name="get_Item" signature="(System.UIntPtr)" line-rate="1" branch-rate="1" complexity="2">
              <lines>
                <line number="341" hits="721" branch="True" condition-coverage="100% (2/2)">
                  <conditions>
                    <condition number="8" type="jump" coverage="100%" />
                  </conditions>
                </line>
                <line number="342" hits="1" branch="False" />
                <line number="344" hits="720" branch="False" />
              </lines>
            </method>
            <method name="get_Item" signature="(System.Index)" line-rate="1" branch-rate="1" complexity="2">
              <lines>
                <line number="360" hits="5" branch="False" />
                <line number="361" hits="10" branch="True" condition-coverage="100% (2/2)">
                  <conditions>
                    <condition number="16" type="jump" coverage="100%" />
                  </conditions>
                </line>
                <line number="362" hits="5" branch="False" />
              </lines>
            </method>
            <method name="get_Item" signature="(System.Range)" line-rate="1" branch-rate="0.5" complexity="4">
              <lines>
                <line number="369" hits="1" branch="False" />
                <line number="370" hits="1" branch="True" condition-coverage="50% (1/2)">
                  <conditions>
                    <condition number="32" type="jump" coverage="50%" />
                  </conditions>
                </line>
                <line number="371" hits="1" branch="False" />
                <line number="372" hits="1" branch="True" condition-coverage="50% (1/2)">
                  <conditions>
                    <condition number="76" type="jump" coverage="50%" />
                  </conditions>
                </line>
                <line number="373" hits="1" branch="False" />
                <line number="374" hits="1" branch="False" />
              </lines>
            </method>
            <method name="get_Length" signature="()" line-rate="1" branch-rate="1" complexity="1">
              <lines>
                <line number="386" hits="35" branch="False" />
              </lines>
            </method>
            <method name="get_LongLength" signature="()" line-rate="0" branch-rate="1" complexity="1">
              <lines>
                <line number="396" hits="0" branch="False" />
              </lines>
            </method>
            <method name="get_IsEmpty" signature="()" line-rate="0" branch-rate="1" complexity="1">
              <lines>
                <line number="406" hits="0" branch="False" />
              </lines>
            </method>
            <method name="op_Inequality" signature="(StirlingLabs.Utilities.BigSpan`1&lt;T&gt;,StirlingLabs.Utilities.BigSpan`1&lt;T&gt;)" line-rate="0" branch-rate="1" complexity="1">
              <lines>
                <line number="414" hits="0" branch="False" />
              </lines>
            </method>
            <method name="Equals" signature="(System.Object)" line-rate="0" branch-rate="1" complexity="1">
              <lines>
                <line number="426" hits="0" branch="False" />
              </lines>
            </method>
            <method name="GetHashCode" signature="()" line-rate="0" branch-rate="1" complexity="1">
              <lines>
                <line number="438" hits="0" branch="False" />
              </lines>
            </method>
            <method name="op_Explicit" signature="(T[])" line-rate="1" branch-rate="1" complexity="1">
              <lines>
                <line number="445" hits="26" branch="False" />
              </lines>
            </method>
            <method name="From" signature="(T[])" line-rate="0" branch-rate="1" complexity="1">
              <lines>
                <line number="451" hits="0" branch="False" />
              </lines>
            </method>
            <method name="op_Explicit" signature="(System.ArraySegment`1&lt;T&gt;)" line-rate="1" branch-rate="1" complexity="1">
              <lines>
                <line number="459" hits="1" branch="False" />
              </lines>
            </method>
            <method name="From" signature="(System.ArraySegment`1&lt;T&gt;)" line-rate="0" branch-rate="1" complexity="1">
              <lines>
                <line number="465" hits="0" branch="False" />
              </lines>
            </method>
            <method name="get_Empty" signature="()" line-rate="1" branch-rate="1" complexity="1">
              <lines>
                <line number="470" hits="2" branch="False" />
              </lines>
            </method>
            <method name="GetEnumerator" signature="()" line-rate="0" branch-rate="1" complexity="1">
              <lines>
                <line number="474" hits="0" branch="False" />
              </lines>
            </method>
            <method name="GetPinnableReference" signature="()" line-rate="1" branch-rate="1" complexity="2">
              <lines>
                <line number="486" hits="12348" branch="False" />
                <line number="487" hits="24687" branch="True" condition-coverage="100% (2/2)">
                  <conditions>
                    <condition number="13" type="jump" coverage="100%" />
                  </conditions>
                </line>
                <line number="488" hits="12348" branch="False" />
              </lines>
            </method>
            <method name="GetUnsafePointer" signature="()" line-rate="1" branch-rate="1" complexity="1">
              <lines>
                <line number="493" hits="8204" branch="False" />
              </lines>
            </method>
            <method name="Clear" signature="()" line-rate="0.6666" branch-rate="0.5" complexity="2">
              <lines>
                <line number="501" hits="2049" branch="True" condition-coverage="50% (1/2)">
                  <conditions>
                    <condition number="5" type="jump" coverage="50%" />
                  </conditions>
                </line>
                <line number="502" hits="0" branch="False" />
                <line number="503" hits="0" branch="False" />
                <line number="505" hits="2049" branch="False" />
                <line number="506" hits="2049" branch="False" />
                <line number="507" hits="2049" branch="False" />
              </lines>
            </method>
            <method name="Fill" signature="(T)" line-rate="0" branch-rate="0" complexity="4">
              <lines>
                <line number="515" hits="0" branch="True" condition-coverage="0% (0/2)">
                  <conditions>
                    <condition number="6" type="jump" coverage="0%" />
                  </conditions>
                </line>
                <line number="519" hits="0" branch="True" condition-coverage="0% (0/2)">
                  <conditions>
                    <condition number="15" type="jump" coverage="0%" />
                  </conditions>
                </line>
                <line number="524" hits="0" branch="False" />
                <line number="525" hits="0" branch="False" />
                <line number="529" hits="0" branch="False" />
                <line number="530" hits="0" branch="False" />
              </lines>
            </method>
            <method name="CopyTo" signature="(StirlingLabs.Utilities.BigSpan`1&lt;T&gt;)" line-rate="1" branch-rate="0.8" complexity="10">
              <lines>
                <line number="555" hits="2067" branch="False" />
                <line number="556" hits="2067" branch="False" />
                <line number="557" hits="2067" branch="False" />
                <line number="558" hits="2067" branch="True" condition-coverage="100% (2/2)">
                  <conditions>
                    <condition number="30" type="jump" coverage="100%" />
                  </conditions>
                </line>
                <line number="559" hits="2" branch="False" />
                <line number="561" hits="2065" branch="True" condition-coverage="100% (2/2)">
                  <conditions>
                    <condition number="50" type="jump" coverage="100%" />
                  </conditions>
                </line>
                <line number="562" hits="2068" branch="True" condition-coverage="100% (2/2)">
                  <conditions>
                    <condition number="60" type="jump" coverage="100%" />
                  </conditions>
                </line>
                <line number="564" hits="2062" branch="False" />
                <line number="566" hits="2062" branch="False" />
                <line number="572" hits="2062" branch="True" condition-coverage="50% (1/2)">
                  <conditions>
                    <condition number="92" type="jump" coverage="50%" />
                  </conditions>
                </line>
                <line number="573" hits="2062" branch="True" condition-coverage="50% (1/2)">
                  <conditions>
                    <condition number="109" type="jump" coverage="50%" />
                  </conditions>
                </line>
                <line number="574" hits="2062" branch="False" />
                <line number="575" hits="2062" branch="False" />
              </lines>
            </method>
            <method name="TryCopyTo" signature="(StirlingLabs.Utilities.BigSpan`1&lt;T&gt;)" line-rate="1" branch-rate="0.8" complexity="10">
              <lines>
                <line number="594" hits="6" branch="False" />
                <line number="595" hits="6" branch="False" />
                <line number="596" hits="6" branch="False" />
                <line number="597" hits="6" branch="True" condition-coverage="100% (2/2)">
                  <conditions>
                    <condition number="30" type="jump" coverage="100%" />
                  </conditions>
                </line>
                <line number="598" hits="1" branch="False" />
                <line number="600" hits="5" branch="True" condition-coverage="100% (2/2)">
                  <conditions>
                    <condition number="36" type="jump" coverage="100%" />
                  </conditions>
                </line>
                <line number="601" hits="6" branch="True" condition-coverage="100% (2/2)">
                  <conditions>
                    <condition number="46" type="jump" coverage="100%" />
                  </conditions>
                </line>
                <line number="603" hits="4" branch="False" />
                <line number="605" hits="4" branch="False" />
                <line number="611" hits="4" branch="True" condition-coverage="50% (1/2)">
                  <conditions>
                    <condition number="79" type="jump" coverage="50%" />
                  </conditions>
                </line>
                <line number="612" hits="4" branch="True" condition-coverage="50% (1/2)">
                  <conditions>
                    <condition number="96" type="jump" coverage="50%" />
                  </conditions>
                </line>
                <line number="613" hits="4" branch="False" />
                <line number="614" hits="4" branch="False" />
              </lines>
            </method>
            <method name="op_Equality" signature="(StirlingLabs.Utilities.BigSpan`1&lt;T&gt;,StirlingLabs.Utilities.BigSpan`1&lt;T&gt;)" line-rate="0" branch-rate="0" complexity="2">
              <lines>
                <line number="623" hits="0" branch="True" condition-coverage="0% (0/2)">
                  <conditions>
                    <condition number="16" type="jump" coverage="0%" />
                  </conditions>
                </line>
                <line number="624" hits="0" branch="False" />
              </lines>
            </method>
            <method name="op_Implicit" signature="(System.Span`1&lt;T&gt;)" line-rate="1" branch-rate="1" complexity="1">
              <lines>
                <line number="632" hits="2" branch="False" />
              </lines>
            </method>
            <method name="op_Explicit" signature="(StirlingLabs.Utilities.BigSpan`1&lt;T&gt;)" line-rate="0" branch-rate="0" complexity="2">
              <lines>
                <line number="647" hits="0" branch="True" condition-coverage="0% (0/2)">
                  <conditions>
                    <condition number="14" type="jump" coverage="0%" />
                  </conditions>
                </line>
                <line number="648" hits="0" branch="False" />
                <line number="649" hits="0" branch="False" />
                <line number="650" hits="0" branch="False" />
              </lines>
            </method>
            <method name="op_Explicit" signature="(StirlingLabs.Utilities.BigSpan`1&lt;T&gt;)" line-rate="0" branch-rate="0" complexity="2">
              <lines>
                <line number="666" hits="0" branch="True" condition-coverage="0% (0/2)">
                  <conditions>
                    <condition number="14" type="jump" coverage="0%" />
                  </conditions>
                </line>
                <line number="667" hits="0" branch="False" />
                <line number="668" hits="0" branch="False" />
                <line number="669" hits="0" branch="False" />
              </lines>
            </method>
            <method name="ToSpan" signature="()" line-rate="0" branch-rate="1" complexity="1">
              <lines>
                <line number="676" hits="0" branch="False" />
              </lines>
            </method>
            <method name="ToReadOnlySpan" signature="()" line-rate="0" branch-rate="1" complexity="1">
              <lines>
                <line number="682" hits="0" branch="False" />
              </lines>
            </method>
            <method name="ToString" signature="()" line-rate="0" branch-rate="0" complexity="4">
              <lines>
                <line number="698" hits="0" branch="True" condition-coverage="0% (0/4)">
                  <conditions>
                    <condition number="5" type="jump" coverage="0%" />
                    <condition number="20" type="jump" coverage="0%" />
                  </conditions>
                </line>
                <line number="699" hits="0" branch="False" />
                <line number="700" hits="0" branch="False" />
              </lines>
            </method>
            <method name="Slice" signature="(System.UIntPtr)" line-rate="1" branch-rate="1" complexity="2">
              <lines>
                <line number="714" hits="4101" branch="True" condition-coverage="100% (2/2)">
                  <conditions>
                    <condition number="10" type="jump" coverage="100%" />
                  </conditions>
                </line>
                <line number="715" hits="1" branch="False" />
                <line number="717" hits="4100" branch="False" />
              </lines>
            </method>
            <method name="Slice" signature="(System.UIntPtr,System.UIntPtr)" line-rate="0.6666" branch-rate="0.5" complexity="2">
              <lines>
                <line number="737" hits="6150" branch="True" condition-coverage="50% (1/2)">
                  <conditions>
                    <condition number="10" type="jump" coverage="50%" />
                  </conditions>
                </line>
                <line number="738" hits="0" branch="False" />
                <line number="740" hits="6150" branch="False" />
              </lines>
            </method>
            <method name="Slice" signature="(System.UIntPtr,System.Int32)" line-rate="0.6" branch-rate="0.5" complexity="4">
              <lines>
                <line number="766" hits="6" branch="True" condition-coverage="50% (1/2)">
                  <conditions>
                    <condition number="2" type="jump" coverage="50%" />
                  </conditions>
                </line>
                <line number="767" hits="0" branch="False" />
                <line number="768" hits="6" branch="True" condition-coverage="50% (1/2)">
                  <conditions>
                    <condition number="75" type="jump" coverage="50%" />
                  </conditions>
                </line>
                <line number="769" hits="0" branch="False" />
                <line number="771" hits="6" branch="False" />
              </lines>
            </method>
            <method name="Slice" signature="(System.Int32,System.Int32)" line-rate="0.8571" branch-rate="0.8332999999999999" complexity="6">
              <lines>
                <line number="800" hits="6" branch="True" condition-coverage="100% (2/2)">
                  <conditions>
                    <condition number="2" type="jump" coverage="100%" />
                  </conditions>
                </line>
                <line number="801" hits="1" branch="False" />
                <line number="802" hits="5" branch="True" condition-coverage="100% (2/2)">
                  <conditions>
                    <condition number="17" type="jump" coverage="100%" />
                  </conditions>
                </line>
                <line number="803" hits="1" branch="False" />
                <line number="804" hits="4" branch="True" condition-coverage="50% (1/2)">
                  <conditions>
                    <condition number="42" type="jump" coverage="50%" />
                  </conditions>
                </line>
                <line number="805" hits="4" branch="False" />
                <line number="806" hits="0" branch="False" />
              </lines>
            </method>
            <method name="ToArray" signature="()" line-rate="0.7391" branch-rate="0.3333" complexity="12">
              <lines>
                <line number="818" hits="5" branch="True" condition-coverage="100% (2/2)">
                  <conditions>
                    <condition number="7" type="jump" coverage="100%" />
                  </conditions>
                </line>
                <line number="819" hits="1" branch="False" />
                <line number="821" hits="4" branch="True" condition-coverage="25% (2/8)">
                  <conditions>
                    <condition number="20" type="jump" coverage="50%" />
                    <condition number="32" type="jump" coverage="50%" />
                    <condition number="129" type="jump" coverage="0%" />
                    <condition number="135" type="jump" coverage="0%" />
                  </conditions>
                </line>
                <line number="822" hits="4" branch="False" />
                <line number="823" hits="4" branch="False" />
                <line number="824" hits="4" branch="False" />
                <line number="825" hits="4" branch="False" />
                <line number="826" hits="4" branch="False" />
                <line number="827" hits="4" branch="False" />
                <line number="828" hits="4" branch="False" />
                <line number="829" hits="4" branch="False" />
                <line number="830" hits="4" branch="False" />
                <line number="831" hits="0" branch="False" />
                <line number="832" hits="0" branch="False" />
                <line number="833" hits="4" branch="False" />
                <line number="834" hits="4" branch="False" />
                <line number="835" hits="0" branch="True" condition-coverage="0% (0/2)">
                  <conditions>
                    <condition number="181" type="jump" coverage="0%" />
                  </conditions>
                </line>
                <line number="836" hits="0" branch="False" />
                <line number="837" hits="0" branch="False" />
                <line number="838" hits="0" branch="False" />
                <line number="839" hits="4" branch="False" />
                <line number="840" hits="4" branch="False" />
                <line number="841" hits="4" branch="False" />
              </lines>
            </method>
            <method name="AsBytes" signature="()" line-rate="0" branch-rate="1" complexity="1">
              <lines>
                <line number="847" hits="0" branch="False" />
              </lines>
            </method>
            <method name="CastAs" signature="()" line-rate="0" branch-rate="1" complexity="1">
              <lines>
                <line number="851" hits="0" branch="False" />
              </lines>
            </method>
            <method name="CompareMemoryInternal" signature="(StirlingLabs.Utilities.BigSpan`1&lt;T&gt;,System.UIntPtr)" line-rate="1" branch-rate="1" complexity="1">
              <lines>
                <line number="855" hits="4102" branch="False" />
              </lines>
            </method>
            <method name="CompareMemoryInternal" signature="(StirlingLabs.Utilities.ReadOnlyBigSpan`1&lt;T&gt;,System.UIntPtr)" line-rate="0" branch-rate="1" complexity="1">
              <lines>
                <line number="859" hits="0" branch="False" />
              </lines>
            </method>
            <method name="CompareMemory" signature="(StirlingLabs.Utilities.BigSpan`1&lt;T&gt;,System.UIntPtr)" line-rate="0" branch-rate="0" complexity="4">
              <lines>
                <line number="864" hits="0" branch="True" condition-coverage="0% (0/4)">
                  <conditions>
                    <condition number="8" type="jump" coverage="0%" />
                    <condition number="19" type="jump" coverage="0%" />
                  </conditions>
                </line>
                <line number="865" hits="0" branch="False" />
                <line number="866" hits="0" branch="False" />
              </lines>
            </method>
            <method name="CompareMemory" signature="(StirlingLabs.Utilities.BigSpan`1&lt;T&gt;)" line-rate="0.625" branch-rate="0.25" complexity="4">
              <lines>
                <line number="872" hits="4102" branch="False" />
                <line number="873" hits="4102" branch="False" />
                <line number="875" hits="4102" branch="False" />
                <line number="876" hits="4102" branch="True" condition-coverage="50% (1/2)">
                  <conditions>
                    <condition number="27" type="jump" coverage="50%" />
                  </conditions>
                </line>
                <line number="877" hits="4102" branch="False" />
                <line number="879" hits="0" branch="False" />
                <line number="880" hits="0" branch="False" />
                <line number="881" hits="0" branch="True" condition-coverage="0% (0/2)">
                  <conditions>
                    <condition number="72" type="jump" coverage="0%" />
                  </conditions>
                </line>
              </lines>
            </method>
            <method name="CompareMemory" signature="(StirlingLabs.Utilities.ReadOnlyBigSpan`1&lt;T&gt;)" line-rate="0" branch-rate="0" complexity="4">
              <lines>
                <line number="887" hits="0" branch="False" />
                <line number="888" hits="0" branch="False" />
                <line number="890" hits="0" branch="False" />
                <line number="891" hits="0" branch="True" condition-coverage="0% (0/2)">
                  <conditions>
                    <condition number="27" type="jump" coverage="0%" />
                  </conditions>
                </line>
                <line number="892" hits="0" branch="False" />
                <line number="894" hits="0" branch="False" />
                <line number="895" hits="0" branch="False" />
                <line number="896" hits="0" branch="True" condition-coverage="0% (0/2)">
                  <conditions>
                    <condition number="72" type="jump" coverage="0%" />
                  </conditions>
                </line>
              </lines>
            </method>
            <method name="CompareMemory" signature="(System.Span`1&lt;T&gt;)" line-rate="0" branch-rate="0" complexity="4">
              <lines>
                <line number="902" hits="0" branch="False" />
                <line number="903" hits="0" branch="False" />
                <line number="905" hits="0" branch="False" />
                <line number="906" hits="0" branch="True" condition-coverage="0% (0/2)">
                  <conditions>
                    <condition number="27" type="jump" coverage="0%" />
                  </conditions>
                </line>
                <line number="907" hits="0" branch="False" />
                <line number="909" hits="0" branch="False" />
                <line number="910" hits="0" branch="False" />
                <line number="911" hits="0" branch="True" condition-coverage="0% (0/2)">
                  <conditions>
                    <condition number="83" type="jump" coverage="0%" />
                  </conditions>
                </line>
              </lines>
            </method>
            <method name="CompareMemory" signature="(System.ReadOnlySpan`1&lt;T&gt;)" line-rate="0" branch-rate="0" complexity="4">
              <lines>
                <line number="917" hits="0" branch="False" />
                <line number="918" hits="0" branch="False" />
                <line number="920" hits="0" branch="False" />
                <line number="921" hits="0" branch="True" condition-coverage="0% (0/2)">
                  <conditions>
                    <condition number="27" type="jump" coverage="0%" />
                  </conditions>
                </line>
                <line number="922" hits="0" branch="False" />
                <line number="924" hits="0" branch="False" />
                <line number="925" hits="0" branch="False" />
                <line number="926" hits="0" branch="True" condition-coverage="0% (0/2)">
                  <conditions>
                    <condition number="83" type="jump" coverage="0%" />
                  </conditions>
                </line>
              </lines>
            </method>
            <method name=".ctor" signature="(T[])" line-rate="0.625" branch-rate="0.625" complexity="8">
              <lines>
                <line number="201" hits="50" branch="True" condition-coverage="50% (1/2)">
                  <conditions>
                    <condition number="1" type="jump" coverage="50%" />
                  </conditions>
                </line>
                <line number="203" hits="0" branch="False" />
                <line number="204" hits="0" branch="False" />
                <line number="207" hits="50" branch="True" condition-coverage="75% (3/4)">
                  <conditions>
                    <condition number="16" type="jump" coverage="100%" />
                    <condition number="25" type="jump" coverage="50%" />
                  </conditions>
                </line>
                <line number="208" hits="0" branch="False" />
                <line number="213" hits="50" branch="False" />
                <line number="215" hits="50" branch="True" condition-coverage="50% (1/2)">
                  <conditions>
                    <condition number="61" type="jump" coverage="50%" />
                  </conditions>
                </line>
                <line number="216" hits="50" branch="False" />
              </lines>
            </method>
            <method name=".ctor" signature="(T[],System.Boolean)" line-rate="0.6666" branch-rate="0.5" complexity="4">
              <lines>
                <line number="221" hits="6" branch="True" condition-coverage="50% (1/2)">
                  <conditions>
                    <condition number="1" type="jump" coverage="50%" />
                  </conditions>
                </line>
                <line number="223" hits="0" branch="False" />
                <line number="224" hits="0" branch="False" />
                <line number="235" hits="6" branch="False" />
                <line number="237" hits="6" branch="True" condition-coverage="50% (1/2)">
                  <conditions>
                    <condition number="39" type="jump" coverage="50%" />
                  </conditions>
                </line>
                <line number="238" hits="6" branch="False" />
              </lines>
            </method>
            <method name=".ctor" signature="(StirlingLabs.Utilities.ByReference`1&lt;T&gt;)" line-rate="1" branch-rate="1" complexity="1">
              <lines>
                <line number="242" hits="2" branch="False" />
              </lines>
            </method>
            <method name=".ctor" signature="(T[],System.UIntPtr,System.UIntPtr)" line-rate="0.46149999999999997" branch-rate="0.25" complexity="8">
              <lines>
                <line number="259" hits="7" branch="True" condition-coverage="50% (1/2)">
                  <conditions>
                    <condition number="1" type="jump" coverage="50%" />
                  </conditions>
                </line>
                <line number="261" hits="0" branch="True" condition-coverage="0% (0/2)">
                  <conditions>
                    <condition number="4" type="jump" coverage="0%" />
                  </conditions>
                </line>
                <line number="262" hits="0" branch="False" />
                <line number="263" hits="0" branch="True" condition-coverage="0% (0/2)">
                  <conditions>
                    <condition number="18" type="jump" coverage="0%" />
                  </conditions>
                </line>
                <line number="264" hits="0" branch="False" />
                <line number="265" hits="0" branch="False" />
                <line number="266" hits="0" branch="False" />
                <line number="275" hits="7" branch="True" condition-coverage="50% (1/2)">
                  <conditions>
                    <condition number="46" type="jump" coverage="50%" />
                  </conditions>
                </line>
                <line number="276" hits="0" branch="False" />
                <line number="282" hits="7" branch="False" />
                <line number="283" hits="7" branch="False" />
                <line number="285" hits="7" branch="False" />
                <line number="286" hits="7" branch="False" />
              </lines>
            </method>
            <method name=".ctor" signature="(System.Void*,System.UIntPtr)" line-rate="0.7142000000000001" branch-rate="0.5" complexity="4">
              <lines>
                <line number="305" hits="11" branch="True" condition-coverage="50% (1/2)">
                  <conditions>
                    <condition number="5" type="jump" coverage="50%" />
                  </conditions>
                </line>
                <line number="306" hits="0" branch="False" />
                <line number="308" hits="11" branch="True" condition-coverage="50% (1/2)">
                  <conditions>
                    <condition number="21" type="jump" coverage="50%" />
                  </conditions>
                </line>
                <line number="309" hits="0" branch="False" />
                <line number="311" hits="11" branch="False" />
                <line number="312" hits="11" branch="False" />
                <line number="313" hits="11" branch="False" />
              </lines>
            </method>
            <method name=".ctor" signature="(T&amp;,System.UIntPtr)" line-rate="1" branch-rate="1" complexity="1">
              <lines>
                <line number="321" hits="10255" branch="False" />
                <line number="322" hits="10255" branch="False" />
                <line number="323" hits="10255" branch="False" />
              </lines>
            </method>
          </methods>
          <lines>
            <line number="190" hits="52211" branch="False" />
            <line number="341" hits="721" branch="True" condition-coverage="100% (2/2)">
              <conditions>
                <condition number="8" type="jump" coverage="100%" />
              </conditions>
            </line>
            <line number="342" hits="1" branch="False" />
            <line number="344" hits="720" branch="False" />
            <line number="360" hits="5" branch="False" />
            <line number="361" hits="10" branch="True" condition-coverage="100% (2/2)">
              <conditions>
                <condition number="16" type="jump" coverage="100%" />
              </conditions>
            </line>
            <line number="362" hits="5" branch="False" />
            <line number="369" hits="1" branch="False" />
            <line number="370" hits="1" branch="True" condition-coverage="50% (1/2)">
              <conditions>
                <condition number="32" type="jump" coverage="50%" />
              </conditions>
            </line>
            <line number="371" hits="1" branch="False" />
            <line number="372" hits="1" branch="True" condition-coverage="50% (1/2)">
              <conditions>
                <condition number="76" type="jump" coverage="50%" />
              </conditions>
            </line>
            <line number="373" hits="1" branch="False" />
            <line number="374" hits="1" branch="False" />
            <line number="386" hits="35" branch="False" />
            <line number="396" hits="0" branch="False" />
            <line number="406" hits="0" branch="False" />
            <line number="414" hits="0" branch="False" />
            <line number="426" hits="0" branch="False" />
            <line number="438" hits="0" branch="False" />
            <line number="445" hits="26" branch="False" />
            <line number="451" hits="0" branch="False" />
            <line number="459" hits="1" branch="False" />
            <line number="465" hits="0" branch="False" />
            <line number="470" hits="2" branch="False" />
            <line number="474" hits="0" branch="False" />
            <line number="486" hits="12348" branch="False" />
            <line number="487" hits="24687" branch="True" condition-coverage="100% (2/2)">
              <conditions>
                <condition number="13" type="jump" coverage="100%" />
              </conditions>
            </line>
            <line number="488" hits="12348" branch="False" />
            <line number="493" hits="8204" branch="False" />
            <line number="501" hits="2049" branch="True" condition-coverage="50% (1/2)">
              <conditions>
                <condition number="5" type="jump" coverage="50%" />
              </conditions>
            </line>
            <line number="502" hits="0" branch="False" />
            <line number="503" hits="0" branch="False" />
            <line number="505" hits="2049" branch="False" />
            <line number="506" hits="2049" branch="False" />
            <line number="507" hits="2049" branch="False" />
            <line number="515" hits="0" branch="True" condition-coverage="0% (0/2)">
              <conditions>
                <condition number="6" type="jump" coverage="0%" />
              </conditions>
            </line>
            <line number="519" hits="0" branch="True" condition-coverage="0% (0/2)">
              <conditions>
                <condition number="15" type="jump" coverage="0%" />
              </conditions>
            </line>
            <line number="524" hits="0" branch="False" />
            <line number="525" hits="0" branch="False" />
            <line number="529" hits="0" branch="False" />
            <line number="530" hits="0" branch="False" />
            <line number="555" hits="2067" branch="False" />
            <line number="556" hits="2067" branch="False" />
            <line number="557" hits="2067" branch="False" />
            <line number="558" hits="2067" branch="True" condition-coverage="100% (2/2)">
              <conditions>
                <condition number="30" type="jump" coverage="100%" />
              </conditions>
            </line>
            <line number="559" hits="2" branch="False" />
            <line number="561" hits="2065" branch="True" condition-coverage="100% (2/2)">
              <conditions>
                <condition number="50" type="jump" coverage="100%" />
              </conditions>
            </line>
            <line number="562" hits="2068" branch="True" condition-coverage="100% (2/2)">
              <conditions>
                <condition number="60" type="jump" coverage="100%" />
              </conditions>
            </line>
            <line number="564" hits="2062" branch="False" />
            <line number="566" hits="2062" branch="False" />
            <line number="572" hits="2062" branch="True" condition-coverage="50% (1/2)">
              <conditions>
                <condition number="92" type="jump" coverage="50%" />
              </conditions>
            </line>
            <line number="573" hits="2062" branch="True" condition-coverage="50% (1/2)">
              <conditions>
                <condition number="109" type="jump" coverage="50%" />
              </conditions>
            </line>
            <line number="574" hits="2062" branch="False" />
            <line number="575" hits="2062" branch="False" />
            <line number="594" hits="6" branch="False" />
            <line number="595" hits="6" branch="False" />
            <line number="596" hits="6" branch="False" />
            <line number="597" hits="6" branch="True" condition-coverage="100% (2/2)">
              <conditions>
                <condition number="30" type="jump" coverage="100%" />
              </conditions>
            </line>
            <line number="598" hits="1" branch="False" />
            <line number="600" hits="5" branch="True" condition-coverage="100% (2/2)">
              <conditions>
                <condition number="36" type="jump" coverage="100%" />
              </conditions>
            </line>
            <line number="601" hits="6" branch="True" condition-coverage="100% (2/2)">
              <conditions>
                <condition number="46" type="jump" coverage="100%" />
              </conditions>
            </line>
            <line number="603" hits="4" branch="False" />
            <line number="605" hits="4" branch="False" />
            <line number="611" hits="4" branch="True" condition-coverage="50% (1/2)">
              <conditions>
                <condition number="79" type="jump" coverage="50%" />
              </conditions>
            </line>
            <line number="612" hits="4" branch="True" condition-coverage="50% (1/2)">
              <conditions>
                <condition number="96" type="jump" coverage="50%" />
              </conditions>
            </line>
            <line number="613" hits="4" branch="False" />
            <line number="614" hits="4" branch="False" />
            <line number="623" hits="0" branch="True" condition-coverage="0% (0/2)">
              <conditions>
                <condition number="16" type="jump" coverage="0%" />
              </conditions>
            </line>
            <line number="624" hits="0" branch="False" />
            <line number="632" hits="2" branch="False" />
            <line number="647" hits="0" branch="True" condition-coverage="0% (0/2)">
              <conditions>
                <condition number="14" type="jump" coverage="0%" />
              </conditions>
            </line>
            <line number="648" hits="0" branch="False" />
            <line number="649" hits="0" branch="False" />
            <line number="650" hits="0" branch="False" />
            <line number="666" hits="0" branch="True" condition-coverage="0% (0/2)">
              <conditions>
                <condition number="14" type="jump" coverage="0%" />
              </conditions>
            </line>
            <line number="667" hits="0" branch="False" />
            <line number="668" hits="0" branch="False" />
            <line number="669" hits="0" branch="False" />
            <line number="676" hits="0" branch="False" />
            <line number="682" hits="0" branch="False" />
            <line number="698" hits="0" branch="True" condition-coverage="0% (0/4)">
              <conditions>
                <condition number="5" type="jump" coverage="0%" />
                <condition number="20" type="jump" coverage="0%" />
              </conditions>
            </line>
            <line number="699" hits="0" branch="False" />
            <line number="700" hits="0" branch="False" />
            <line number="714" hits="4101" branch="True" condition-coverage="100% (2/2)">
              <conditions>
                <condition number="10" type="jump" coverage="100%" />
              </conditions>
            </line>
            <line number="715" hits="1" branch="False" />
            <line number="717" hits="4100" branch="False" />
            <line number="737" hits="6150" branch="True" condition-coverage="50% (1/2)">
              <conditions>
                <condition number="10" type="jump" coverage="50%" />
              </conditions>
            </line>
            <line number="738" hits="0" branch="False" />
            <line number="740" hits="6150" branch="False" />
            <line number="766" hits="6" branch="True" condition-coverage="50% (1/2)">
              <conditions>
                <condition number="2" type="jump" coverage="50%" />
              </conditions>
            </line>
            <line number="767" hits="0" branch="False" />
            <line number="768" hits="6" branch="True" condition-coverage="50% (1/2)">
              <conditions>
                <condition number="75" type="jump" coverage="50%" />
              </conditions>
            </line>
            <line number="769" hits="0" branch="False" />
            <line number="771" hits="6" branch="False" />
            <line number="800" hits="6" branch="True" condition-coverage="100% (2/2)">
              <conditions>
                <condition number="2" type="jump" coverage="100%" />
              </conditions>
            </line>
            <line number="801" hits="1" branch="False" />
            <line number="802" hits="5" branch="True" condition-coverage="100% (2/2)">
              <conditions>
                <condition number="17" type="jump" coverage="100%" />
              </conditions>
            </line>
            <line number="803" hits="1" branch="False" />
            <line number="804" hits="4" branch="True" condition-coverage="50% (1/2)">
              <conditions>
                <condition number="42" type="jump" coverage="50%" />
              </conditions>
            </line>
            <line number="805" hits="4" branch="False" />
            <line number="806" hits="0" branch="False" />
            <line number="818" hits="5" branch="True" condition-coverage="100% (2/2)">
              <conditions>
                <condition number="7" type="jump" coverage="100%" />
              </conditions>
            </line>
            <line number="819" hits="1" branch="False" />
            <line number="821" hits="4" branch="True" condition-coverage="25% (2/8)">
              <conditions>
                <condition number="20" type="jump" coverage="50%" />
                <condition number="32" type="jump" coverage="50%" />
                <condition number="129" type="jump" coverage="0%" />
                <condition number="135" type="jump" coverage="0%" />
              </conditions>
            </line>
            <line number="822" hits="4" branch="False" />
            <line number="823" hits="4" branch="False" />
            <line number="824" hits="4" branch="False" />
            <line number="825" hits="4" branch="False" />
            <line number="826" hits="4" branch="False" />
            <line number="827" hits="4" branch="False" />
            <line number="828" hits="4" branch="False" />
            <line number="829" hits="4" branch="False" />
            <line number="830" hits="4" branch="False" />
            <line number="831" hits="0" branch="False" />
            <line number="832" hits="0" branch="False" />
            <line number="833" hits="4" branch="False" />
            <line number="834" hits="4" branch="False" />
            <line number="835" hits="0" branch="True" condition-coverage="0% (0/2)">
              <conditions>
                <condition number="181" type="jump" coverage="0%" />
              </conditions>
            </line>
            <line number="836" hits="0" branch="False" />
            <line number="837" hits="0" branch="False" />
            <line number="838" hits="0" branch="False" />
            <line number="839" hits="4" branch="False" />
            <line number="840" hits="4" branch="False" />
            <line number="841" hits="4" branch="False" />
            <line number="847" hits="0" branch="False" />
            <line number="851" hits="0" branch="False" />
            <line number="855" hits="4102" branch="False" />
            <line number="859" hits="0" branch="False" />
            <line number="864" hits="0" branch="True" condition-coverage="0% (0/4)">
              <conditions>
                <condition number="8" type="jump" coverage="0%" />
                <condition number="19" type="jump" coverage="0%" />
              </conditions>
            </line>
            <line number="865" hits="0" branch="False" />
            <line number="866" hits="0" branch="False" />
            <line number="872" hits="4102" branch="False" />
            <line number="873" hits="4102" branch="False" />
            <line number="875" hits="4102" branch="False" />
            <line number="876" hits="4102" branch="True" condition-coverage="50% (1/2)">
              <conditions>
                <condition number="27" type="jump" coverage="50%" />
              </conditions>
            </line>
            <line number="877" hits="4102" branch="False" />
            <line number="879" hits="0" branch="False" />
            <line number="880" hits="0" branch="False" />
            <line number="881" hits="0" branch="True" condition-coverage="0% (0/2)">
              <conditions>
                <condition number="72" type="jump" coverage="0%" />
              </conditions>
            </line>
            <line number="887" hits="0" branch="False" />
            <line number="888" hits="0" branch="False" />
            <line number="890" hits="0" branch="False" />
            <line number="891" hits="0" branch="True" condition-coverage="0% (0/2)">
              <conditions>
                <condition number="27" type="jump" coverage="0%" />
              </conditions>
            </line>
            <line number="892" hits="0" branch="False" />
            <line number="894" hits="0" branch="False" />
            <line number="895" hits="0" branch="False" />
            <line number="896" hits="0" branch="True" condition-coverage="0% (0/2)">
              <conditions>
                <condition number="72" type="jump" coverage="0%" />
              </conditions>
            </line>
            <line number="902" hits="0" branch="False" />
            <line number="903" hits="0" branch="False" />
            <line number="905" hits="0" branch="False" />
            <line number="906" hits="0" branch="True" condition-coverage="0% (0/2)">
              <conditions>
                <condition number="27" type="jump" coverage="0%" />
              </conditions>
            </line>
            <line number="907" hits="0" branch="False" />
            <line number="909" hits="0" branch="False" />
            <line number="910" hits="0" branch="False" />
            <line number="911" hits="0" branch="True" condition-coverage="0% (0/2)">
              <conditions>
                <condition number="83" type="jump" coverage="0%" />
              </conditions>
            </line>
            <line number="917" hits="0" branch="False" />
            <line number="918" hits="0" branch="False" />
            <line number="920" hits="0" branch="False" />
            <line number="921" hits="0" branch="True" condition-coverage="0% (0/2)">
              <conditions>
                <condition number="27" type="jump" coverage="0%" />
              </conditions>
            </line>
            <line number="922" hits="0" branch="False" />
            <line number="924" hits="0" branch="False" />
            <line number="925" hits="0" branch="False" />
            <line number="926" hits="0" branch="True" condition-coverage="0% (0/2)">
              <conditions>
                <condition number="83" type="jump" coverage="0%" />
              </conditions>
            </line>
            <line number="201" hits="50" branch="True" condition-coverage="50% (1/2)">
              <conditions>
                <condition number="1" type="jump" coverage="50%" />
              </conditions>
            </line>
            <line number="203" hits="0" branch="False" />
            <line number="204" hits="0" branch="False" />
            <line number="207" hits="50" branch="True" condition-coverage="75% (3/4)">
              <conditions>
                <condition number="16" type="jump" coverage="100%" />
                <condition number="25" type="jump" coverage="50%" />
              </conditions>
            </line>
            <line number="208" hits="0" branch="False" />
            <line number="213" hits="50" branch="False" />
            <line number="215" hits="50" branch="True" condition-coverage="50% (1/2)">
              <conditions>
                <condition number="61" type="jump" coverage="50%" />
              </conditions>
            </line>
            <line number="216" hits="50" branch="False" />
            <line number="221" hits="6" branch="True" condition-coverage="50% (1/2)">
              <conditions>
                <condition number="1" type="jump" coverage="50%" />
              </conditions>
            </line>
            <line number="223" hits="0" branch="False" />
            <line number="224" hits="0" branch="False" />
            <line number="235" hits="6" branch="False" />
            <line number="237" hits="6" branch="True" condition-coverage="50% (1/2)">
              <conditions>
                <condition number="39" type="jump" coverage="50%" />
              </conditions>
            </line>
            <line number="238" hits="6" branch="False" />
            <line number="242" hits="2" branch="False" />
            <line number="259" hits="7" branch="True" condition-coverage="50% (1/2)">
              <conditions>
                <condition number="1" type="jump" coverage="50%" />
              </conditions>
            </line>
            <line number="261" hits="0" branch="True" condition-coverage="0% (0/2)">
              <conditions>
                <condition number="4" type="jump" coverage="0%" />
              </conditions>
            </line>
            <line number="262" hits="0" branch="False" />
            <line number="263" hits="0" branch="True" condition-coverage="0% (0/2)">
              <conditions>
                <condition number="18" type="jump" coverage="0%" />
              </conditions>
            </line>
            <line number="264" hits="0" branch="False" />
            <line number="265" hits="0" branch="False" />
            <line number="266" hits="0" branch="False" />
            <line number="275" hits="7" branch="True" condition-coverage="50% (1/2)">
              <conditions>
                <condition number="46" type="jump" coverage="50%" />
              </conditions>
            </line>
            <line number="276" hits="0" branch="False" />
            <line number="282" hits="7" branch="False" />
            <line number="283" hits="7" branch="False" />
            <line number="285" hits="7" branch="False" />
            <line number="286" hits="7" branch="False" />
            <line number="305" hits="11" branch="True" condition-coverage="50% (1/2)">
              <conditions>
                <condition number="5" type="jump" coverage="50%" />
              </conditions>
            </line>
            <line number="306" hits="0" branch="False" />
            <line number="308" hits="11" branch="True" condition-coverage="50% (1/2)">
              <conditions>
                <condition number="21" type="jump" coverage="50%" />
              </conditions>
            </line>
            <line number="309" hits="0" branch="False" />
            <line number="311" hits="11" branch="False" />
            <line number="312" hits="11" branch="False" />
            <line number="313" hits="11" branch="False" />
            <line number="321" hits="10255" branch="False" />
            <line number="322" hits="10255" branch="False" />
            <line number="323" hits="10255" branch="False" />
          </lines>
        </class>
        <class name="StirlingLabs.Utilities.BigSpanDebugView`1" filename="/_/StirlingLabs.BigSpans/BigSpanDebugView.cs" line-rate="0" branch-rate="0" complexity="7">
          <methods>
            <method name="get_Type" signature="()" line-rate="0" branch-rate="1" complexity="1">
              <lines>
                <line number="15" hits="0" branch="False" />
              </lines>
            </method>
            <method name="get_Pointer" signature="()" line-rate="0" branch-rate="1" complexity="1">
              <lines>
                <line number="21" hits="0" branch="False" />
              </lines>
            </method>
            <method name="get_Length" signature="()" line-rate="0" branch-rate="1" complexity="1">
              <lines>
                <line number="24" hits="0" branch="False" />
              </lines>
            </method>
            <method name="get_Items" signature="()" line-rate="0" branch-rate="1" complexity="1">
              <lines>
                <line number="35" hits="0" branch="False" />
              </lines>
            </method>
            <method name=".ctor" signature="(StirlingLabs.Utilities.BigSpan`1&lt;T&gt;)" line-rate="0" branch-rate="1" complexity="1">
              <lines>
                <line number="27" hits="0" branch="False" />
              </lines>
            </method>
            <method name=".ctor" signature="(StirlingLabs.Utilities.ReadOnlyBigSpan`1&lt;T&gt;)" line-rate="0" branch-rate="0" complexity="2">
              <lines>
                <line number="29" hits="0" branch="False" />
                <line number="30" hits="0" branch="True" condition-coverage="0% (0/2)">
                  <conditions>
                    <condition number="14" type="jump" coverage="0%" />
                  </conditions>
                </line>
                <line number="31" hits="0" branch="False" />
                <line number="32" hits="0" branch="False" />
              </lines>
            </method>
          </methods>
          <lines>
            <line number="15" hits="0" branch="False" />
            <line number="21" hits="0" branch="False" />
            <line number="24" hits="0" branch="False" />
            <line number="35" hits="0" branch="False" />
            <line number="27" hits="0" branch="False" />
            <line number="29" hits="0" branch="False" />
            <line number="30" hits="0" branch="True" condition-coverage="0% (0/2)">
              <conditions>
                <condition number="14" type="jump" coverage="0%" />
              </conditions>
            </line>
            <line number="31" hits="0" branch="False" />
            <line number="32" hits="0" branch="False" />
          </lines>
        </class>
        <class name="StirlingLabs.Utilities.BigSpanEnumerator`1" filename="/_/StirlingLabs.BigSpans/BigSpanEnumerator.cs" line-rate="0" branch-rate="0" complexity="4">
          <methods>
            <method name="MoveNext" signature="()" line-rate="0" branch-rate="0" complexity="2">
              <lines>
                <line number="32" hits="0" branch="False" />
                <line number="33" hits="0" branch="True" condition-coverage="0% (0/2)">
                  <conditions>
                    <condition number="22" type="jump" coverage="0%" />
                  </conditions>
                </line>
                <line number="34" hits="0" branch="False" />
                <line number="36" hits="0" branch="False" />
                <line number="37" hits="0" branch="False" />
              </lines>
            </method>
            <method name="get_Current" signature="()" line-rate="0" branch-rate="1" complexity="1">
              <lines>
                <line number="45" hits="0" branch="False" />
              </lines>
            </method>
            <method name=".ctor" signature="(StirlingLabs.Utilities.BigSpan`1&lt;T&gt;)" line-rate="0" branch-rate="1" complexity="1">
              <lines>
                <line number="20" hits="0" branch="False" />
                <line number="24" hits="0" branch="False" />
                <line number="26" hits="0" branch="False" />
              </lines>
            </method>
          </methods>
          <lines>
            <line number="32" hits="0" branch="False" />
            <line number="33" hits="0" branch="True" condition-coverage="0% (0/2)">
              <conditions>
                <condition number="22" type="jump" coverage="0%" />
              </conditions>
            </line>
            <line number="34" hits="0" branch="False" />
            <line number="36" hits="0" branch="False" />
            <line number="37" hits="0" branch="False" />
            <line number="45" hits="0" branch="False" />
            <line number="20" hits="0" branch="False" />
            <line number="24" hits="0" branch="False" />
            <line number="26" hits="0" branch="False" />
          </lines>
        </class>
        <class name="StirlingLabs.Utilities.BigSpanExtensions" filename="/_/StirlingLabs.BigSpans/BigSpanExtensions.cs" line-rate="0.1677" branch-rate="0.10460000000000001" complexity="111">
          <methods>
            <method name="GetReference" signature="(StirlingLabs.Utilities.BigSpan`1&lt;T&gt;)" line-rate="1" branch-rate="1" complexity="1">
              <lines>
                <line number="24" hits="8" branch="False" />
              </lines>
            </method>
            <method name="GetReference" signature="(StirlingLabs.Utilities.ReadOnlyBigSpan`1&lt;T&gt;)" line-rate="0" branch-rate="1" complexity="1">
              <lines>
                <line number="30" hits="0" branch="False" />
              </lines>
            </method>
            <method name="CopyTo" signature="(T[],StirlingLabs.Utilities.BigSpan`1&lt;T&gt;)" line-rate="1" branch-rate="1" complexity="1">
              <lines>
                <line number="33" hits="6" branch="False" />
              </lines>
            </method>
            <method name="CopyTo" signature="(System.Span`1&lt;T&gt;,StirlingLabs.Utilities.BigSpan`1&lt;T&gt;)" line-rate="0.9229999999999999" branch-rate="0.5" complexity="10">
              <lines>
                <line number="54" hits="1" branch="False" />
                <line number="55" hits="1" branch="False" />
                <line number="56" hits="1" branch="False" />
                <line number="57" hits="1" branch="True" condition-coverage="50% (1/2)">
                  <conditions>
                    <condition number="30" type="jump" coverage="50%" />
                  </conditions>
                </line>
                <line number="58" hits="0" branch="False" />
                <line number="60" hits="1" branch="True" condition-coverage="50% (1/2)">
                  <conditions>
                    <condition number="50" type="jump" coverage="50%" />
                  </conditions>
                </line>
                <line number="61" hits="1" branch="True" condition-coverage="50% (1/2)">
                  <conditions>
                    <condition number="60" type="jump" coverage="50%" />
                  </conditions>
                </line>
                <line number="63" hits="1" branch="False" />
                <line number="65" hits="1" branch="False" />
                <line number="71" hits="1" branch="True" condition-coverage="50% (1/2)">
                  <conditions>
                    <condition number="93" type="jump" coverage="50%" />
                  </conditions>
                </line>
                <line number="72" hits="1" branch="True" condition-coverage="50% (1/2)">
                  <conditions>
                    <condition number="110" type="jump" coverage="50%" />
                  </conditions>
                </line>
                <line number="74" hits="1" branch="False" />
                <line number="75" hits="1" branch="False" />
              </lines>
            </method>
            <method name="TryCopyTo" signature="(System.Span`1&lt;T&gt;,StirlingLabs.Utilities.BigSpan`1&lt;T&gt;)" line-rate="0" branch-rate="0" complexity="10">
              <lines>
                <line number="95" hits="0" branch="False" />
                <line number="96" hits="0" branch="False" />
                <line number="97" hits="0" branch="False" />
                <line number="98" hits="0" branch="True" condition-coverage="0% (0/2)">
                  <conditions>
                    <condition number="30" type="jump" coverage="0%" />
                  </conditions>
                </line>
                <line number="99" hits="0" branch="False" />
                <line number="101" hits="0" branch="True" condition-coverage="0% (0/2)">
                  <conditions>
                    <condition number="36" type="jump" coverage="0%" />
                  </conditions>
                </line>
                <line number="102" hits="0" branch="True" condition-coverage="0% (0/2)">
                  <conditions>
                    <condition number="46" type="jump" coverage="0%" />
                  </conditions>
                </line>
                <line number="104" hits="0" branch="False" />
                <line number="106" hits="0" branch="False" />
                <line number="112" hits="0" branch="True" condition-coverage="0% (0/2)">
                  <conditions>
                    <condition number="80" type="jump" coverage="0%" />
                  </conditions>
                </line>
                <line number="113" hits="0" branch="True" condition-coverage="0% (0/2)">
                  <conditions>
                    <condition number="97" type="jump" coverage="0%" />
                  </conditions>
                </line>
                <line number="115" hits="0" branch="False" />
                <line number="116" hits="0" branch="False" />
              </lines>
            </method>
            <method name="CopyTo" signature="(System.ReadOnlySpan`1&lt;T&gt;,StirlingLabs.Utilities.BigSpan`1&lt;T&gt;)" line-rate="0" branch-rate="0" complexity="10">
              <lines>
                <line number="138" hits="0" branch="False" />
                <line number="139" hits="0" branch="False" />
                <line number="140" hits="0" branch="False" />
                <line number="141" hits="0" branch="True" condition-coverage="0% (0/2)">
                  <conditions>
                    <condition number="30" type="jump" coverage="0%" />
                  </conditions>
                </line>
                <line number="142" hits="0" branch="False" />
                <line number="144" hits="0" branch="True" condition-coverage="0% (0/2)">
                  <conditions>
                    <condition number="50" type="jump" coverage="0%" />
                  </conditions>
                </line>
                <line number="145" hits="0" branch="True" condition-coverage="0% (0/2)">
                  <conditions>
                    <condition number="60" type="jump" coverage="0%" />
                  </conditions>
                </line>
                <line number="147" hits="0" branch="False" />
                <line number="149" hits="0" branch="False" />
                <line number="155" hits="0" branch="True" condition-coverage="0% (0/2)">
                  <conditions>
                    <condition number="98" type="jump" coverage="0%" />
                  </conditions>
                </line>
                <line number="156" hits="0" branch="True" condition-coverage="0% (0/2)">
                  <conditions>
                    <condition number="115" type="jump" coverage="0%" />
                  </conditions>
                </line>
                <line number="158" hits="0" branch="False" />
                <line number="159" hits="0" branch="False" />
              </lines>
            </method>
            <method name="TryCopyTo" signature="(System.ReadOnlySpan`1&lt;T&gt;,StirlingLabs.Utilities.BigSpan`1&lt;T&gt;)" line-rate="0" branch-rate="0" complexity="10">
              <lines>
                <line number="179" hits="0" branch="False" />
                <line number="180" hits="0" branch="False" />
                <line number="181" hits="0" branch="False" />
                <line number="182" hits="0" branch="True" condition-coverage="0% (0/2)">
                  <conditions>
                    <condition number="30" type="jump" coverage="0%" />
                  </conditions>
                </line>
                <line number="183" hits="0" branch="False" />
                <line number="185" hits="0" branch="True" condition-coverage="0% (0/2)">
                  <conditions>
                    <condition number="36" type="jump" coverage="0%" />
                  </conditions>
                </line>
                <line number="186" hits="0" branch="True" condition-coverage="0% (0/2)">
                  <conditions>
                    <condition number="46" type="jump" coverage="0%" />
                  </conditions>
                </line>
                <line number="188" hits="0" branch="False" />
                <line number="190" hits="0" branch="False" />
                <line number="196" hits="0" branch="True" condition-coverage="0% (0/2)">
                  <conditions>
                    <condition number="85" type="jump" coverage="0%" />
                  </conditions>
                </line>
                <line number="197" hits="0" branch="True" condition-coverage="0% (0/2)">
                  <conditions>
                    <condition number="102" type="jump" coverage="0%" />
                  </conditions>
                </line>
                <line number="199" hits="0" branch="False" />
                <line number="200" hits="0" branch="False" />
              </lines>
            </method>
            <method name="SequenceEqual" signature="(StirlingLabs.Utilities.BigSpan`1&lt;T&gt;,StirlingLabs.Utilities.BigSpan`1&lt;T&gt;)" line-rate="1" branch-rate="1" complexity="1">
              <lines>
                <line number="206" hits="4098" branch="False" />
              </lines>
            </method>
            <method name="SequenceEqual" signature="(StirlingLabs.Utilities.ReadOnlyBigSpan`1&lt;T&gt;,StirlingLabs.Utilities.BigSpan`1&lt;T&gt;)" line-rate="0" branch-rate="1" complexity="1">
              <lines>
                <line number="211" hits="0" branch="False" />
              </lines>
            </method>
            <method name="SequenceEqual" signature="(StirlingLabs.Utilities.BigSpan`1&lt;T&gt;,StirlingLabs.Utilities.ReadOnlyBigSpan`1&lt;T&gt;)" line-rate="0" branch-rate="1" complexity="1">
              <lines>
                <line number="216" hits="0" branch="False" />
              </lines>
            </method>
            <method name="SequenceEqual" signature="(StirlingLabs.Utilities.ReadOnlyBigSpan`1&lt;T&gt;,StirlingLabs.Utilities.ReadOnlyBigSpan`1&lt;T&gt;)" line-rate="0" branch-rate="1" complexity="1">
              <lines>
                <line number="221" hits="0" branch="False" />
[...]
              <lines>
                <line number="116" hits="10" branch="False" />
              </lines>
            </method>
            <method name="System.Collections.IEnumerator.get_Current" signature="()" line-rate="1" branch-rate="1" complexity="1">
              <lines>
                <line number="122" hits="5" branch="False" />
              </lines>
            </method>
            <method name="System.IDisposable.Dispose" signature="()" line-rate="1" branch-rate="1" complexity="1">
              <lines>
                <line number="129" hits="3" branch="False" />
              </lines>
            </method>
            <method name="GetEnumerator" signature="()" line-rate="1" branch-rate="1" complexity="1">
              <lines>
                <line number="133" hits="3" branch="False" />
              </lines>
            </method>
            <method name="System.Collections.IEnumerable.GetEnumerator" signature="()" line-rate="1" branch-rate="1" complexity="1">
              <lines>
                <line number="137" hits="1" branch="False" />
              </lines>
            </method>
            <method name="GetPinnableReference" signature="()" line-rate="0" branch-rate="1" complexity="1">
              <lines>
                <line number="141" hits="0" branch="False" />
              </lines>
            </method>
            <method name="CopyTo" signature="(T[],System.Int32)" line-rate="0" branch-rate="1" complexity="1">
              <lines>
                <line number="145" hits="0" branch="False" />
                <line number="146" hits="0" branch="False" />
              </lines>
            </method>
            <method name="get_Count" signature="()" line-rate="0" branch-rate="1" complexity="1">
              <lines>
                <line number="151" hits="0" branch="False" />
              </lines>
            </method>
            <method name="get_IsReadOnly" signature="()" line-rate="0" branch-rate="1" complexity="1">
              <lines>
                <line number="157" hits="0" branch="False" />
              </lines>
            </method>
            <method name="get_Item" signature="(System.Int32)" line-rate="0" branch-rate="1" complexity="1">
              <lines>
                <line number="163" hits="0" branch="False" />
              </lines>
            </method>
            <method name="set_Item" signature="(System.Int32,T)" line-rate="0" branch-rate="1" complexity="1">
              <lines>
                <line number="164" hits="0" branch="False" />
              </lines>
            </method>
            <method name="Add" signature="(T)" line-rate="0" branch-rate="1" complexity="1">
              <lines>
                <line number="170" hits="0" branch="False" />
              </lines>
            </method>
            <method name="Remove" signature="(T)" line-rate="0" branch-rate="1" complexity="1">
              <lines>
                <line number="174" hits="0" branch="False" />
              </lines>
            </method>
            <method name="Contains" signature="(T)" line-rate="0" branch-rate="1" complexity="1">
              <lines>
                <line number="178" hits="0" branch="False" />
              </lines>
            </method>
            <method name="Clear" signature="()" line-rate="0" branch-rate="1" complexity="1">
              <lines>
                <line number="182" hits="0" branch="False" />
              </lines>
            </method>
            <method name="IndexOf" signature="(T)" line-rate="0" branch-rate="1" complexity="1">
              <lines>
                <line number="186" hits="0" branch="False" />
              </lines>
            </method>
            <method name="Insert" signature="(System.Int32,T)" line-rate="0" branch-rate="1" complexity="1">
              <lines>
                <line number="190" hits="0" branch="False" />
              </lines>
            </method>
            <method name="RemoveAt" signature="(System.Int32)" line-rate="0" branch-rate="1" complexity="1">
              <lines>
                <line number="194" hits="0" branch="False" />
              </lines>
            </method>
            <method name=".ctor" signature="()" line-rate="0" branch-rate="1" complexity="1">
              <lines>
                <line number="49" hits="0" branch="False" />
              </lines>
            </method>
            <method name=".ctor" signature="(T&amp;,System.UIntPtr)" line-rate="0" branch-rate="1" complexity="1">
              <lines>
                <line number="52" hits="0" branch="False" />
                <line number="54" hits="0" branch="False" />
                <line number="55" hits="0" branch="False" />
                <line number="56" hits="0" branch="False" />
                <line number="57" hits="0" branch="False" />
              </lines>
            </method>
            <method name=".ctor" signature="(System.Span`1&lt;T&gt;)" line-rate="0" branch-rate="1" complexity="1">
              <lines>
                <line number="60" hits="0" branch="False" />
                <line number="62" hits="0" branch="False" />
                <line number="63" hits="0" branch="False" />
                <line number="64" hits="0" branch="False" />
                <line number="65" hits="0" branch="False" />
              </lines>
            </method>
            <method name=".ctor" signature="(System.ReadOnlySpan`1&lt;T&gt;)" line-rate="0" branch-rate="1" complexity="1">
              <lines>
                <line number="68" hits="0" branch="False" />
                <line number="70" hits="0" branch="False" />
                <line number="71" hits="0" branch="False" />
                <line number="72" hits="0" branch="False" />
                <line number="73" hits="0" branch="False" />
              </lines>
            </method>
            <method name=".ctor" signature="(StirlingLabs.Utilities.BigSpan`1&lt;T&gt;)" line-rate="1" branch-rate="1" complexity="1">
              <lines>
                <line number="76" hits="3" branch="False" />
                <line number="78" hits="3" branch="False" />
                <line number="79" hits="3" branch="False" />
                <line number="80" hits="3" branch="False" />
                <line number="81" hits="3" branch="False" />
              </lines>
            </method>
            <method name=".ctor" signature="(StirlingLabs.Utilities.ReadOnlyBigSpan`1&lt;T&gt;)" line-rate="0" branch-rate="1" complexity="1">
              <lines>
                <line number="84" hits="0" branch="False" />
                <line number="86" hits="0" branch="False" />
                <line number="87" hits="0" branch="False" />
                <line number="88" hits="0" branch="False" />
                <line number="89" hits="0" branch="False" />
              </lines>
            </method>
          </methods>
          <lines>
            <line number="94" hits="18" branch="False" />
            <line number="95" hits="18" branch="True" condition-coverage="100% (2/2)">
              <conditions>
                <condition number="26" type="jump" coverage="100%" />
              </conditions>
            </line>
            <line number="96" hits="15" branch="False" />
            <line number="98" hits="3" branch="False" />
            <line number="99" hits="3" branch="False" />
            <line number="104" hits="3" branch="False" />
            <line number="110" hits="15" branch="False" />
            <line number="116" hits="10" branch="False" />
            <line number="122" hits="5" branch="False" />
            <line number="129" hits="3" branch="False" />
            <line number="133" hits="3" branch="False" />
            <line number="137" hits="1" branch="False" />
            <line number="141" hits="0" branch="False" />
            <line number="145" hits="0" branch="False" />
            <line number="146" hits="0" branch="False" />
            <line number="151" hits="0" branch="False" />
            <line number="157" hits="0" branch="False" />
            <line number="163" hits="0" branch="False" />
            <line number="164" hits="0" branch="False" />
            <line number="170" hits="0" branch="False" />
            <line number="174" hits="0" branch="False" />
            <line number="178" hits="0" branch="False" />
            <line number="182" hits="0" branch="False" />
            <line number="186" hits="0" branch="False" />
            <line number="190" hits="0" branch="False" />
            <line number="194" hits="0" branch="False" />
            <line number="49" hits="0" branch="False" />
            <line number="52" hits="0" branch="False" />
            <line number="54" hits="0" branch="False" />
            <line number="55" hits="0" branch="False" />
            <line number="56" hits="0" branch="False" />
            <line number="57" hits="0" branch="False" />
            <line number="60" hits="0" branch="False" />
            <line number="62" hits="0" branch="False" />
            <line number="63" hits="0" branch="False" />
            <line number="64" hits="0" branch="False" />
            <line number="65" hits="0" branch="False" />
            <line number="68" hits="0" branch="False" />
            <line number="70" hits="0" branch="False" />
            <line number="71" hits="0" branch="False" />
            <line number="72" hits="0" branch="False" />
            <line number="73" hits="0" branch="False" />
            <line number="76" hits="3" branch="False" />
            <line number="78" hits="3" branch="False" />
            <line number="79" hits="3" branch="False" />
            <line number="80" hits="3" branch="False" />
            <line number="81" hits="3" branch="False" />
            <line number="84" hits="0" branch="False" />
            <line number="86" hits="0" branch="False" />
            <line number="87" hits="0" branch="False" />
            <line number="88" hits="0" branch="False" />
            <line number="89" hits="0" branch="False" />
          </lines>
        </class>
        <class name="StirlingLabs.Utilities.UnsafeEnumeratorExtensions" filename="/_/StirlingLabs.BigSpans/UnsafeEnumeratorExtensions.cs" line-rate="0.1388" branch-rate="0.0625" complexity="16">
          <methods>
            <method name="AsPinnedEnumerable" signature="(System.Span`1&lt;T&gt;,System.Action`1&lt;System.Collections.Generic.IEnumerable`1&lt;T&gt;&gt;)" line-rate="0" branch-rate="0" complexity="2">
              <lines>
                <line number="19" hits="0" branch="True" condition-coverage="0% (0/2)">
                  <conditions>
                    <condition number="1" type="jump" coverage="0%" />
                  </conditions>
                </line>
                <line number="21" hits="0" branch="False" />
                <line number="24" hits="0" branch="False" />
                <line number="25" hits="0" branch="False" />
                <line number="26" hits="0" branch="False" />
              </lines>
            </method>
            <method name="AsPinnedEnumerable" signature="(System.Span`1&lt;T&gt;,System.Func`2&lt;System.Collections.Generic.IEnumerable`1&lt;T&gt;,TResult&gt;)" line-rate="0" branch-rate="0" complexity="2">
              <lines>
                <line number="34" hits="0" branch="True" condition-coverage="0% (0/2)">
                  <conditions>
                    <condition number="1" type="jump" coverage="0%" />
                  </conditions>
                </line>
                <line number="36" hits="0" branch="False" />
                <line number="39" hits="0" branch="False" />
                <line number="40" hits="0" branch="False" />
              </lines>
            </method>
            <method name="AsPinnedEnumerable" signature="(System.ReadOnlySpan`1&lt;T&gt;,System.Action`1&lt;System.Collections.Generic.IEnumerable`1&lt;T&gt;&gt;)" line-rate="0" branch-rate="0" complexity="2">
              <lines>
                <line number="49" hits="0" branch="True" condition-coverage="0% (0/2)">
                  <conditions>
                    <condition number="1" type="jump" coverage="0%" />
                  </conditions>
                </line>
                <line number="51" hits="0" branch="False" />
                <line number="54" hits="0" branch="False" />
                <line number="55" hits="0" branch="False" />
                <line number="56" hits="0" branch="False" />
              </lines>
            </method>
            <method name="AsPinnedEnumerable" signature="(System.ReadOnlySpan`1&lt;T&gt;,System.Func`2&lt;System.Collections.Generic.IEnumerable`1&lt;T&gt;,TResult&gt;)" line-rate="0" branch-rate="0" complexity="2">
              <lines>
                <line number="65" hits="0" branch="True" condition-coverage="0% (0/2)">
                  <conditions>
                    <condition number="1" type="jump" coverage="0%" />
                  </conditions>
                </line>
                <line number="67" hits="0" branch="False" />
                <line number="70" hits="0" branch="False" />
                <line number="71" hits="0" branch="False" />
              </lines>
            </method>
            <method name="AsPinnedEnumerable" signature="(StirlingLabs.Utilities.BigSpan`1&lt;T&gt;,System.Action`1&lt;System.Collections.Generic.IEnumerable`1&lt;T&gt;&gt;)" line-rate="1" branch-rate="0.5" complexity="2">
              <lines>
                <line number="80" hits="3" branch="True" condition-coverage="50% (1/2)">
                  <conditions>
                    <condition number="1" type="jump" coverage="50%" />
                  </conditions>
                </line>
                <line number="82" hits="3" branch="False" />
                <line number="85" hits="3" branch="False" />
                <line number="86" hits="3" branch="False" />
                <line number="87" hits="3" branch="False" />
              </lines>
            </method>
            <method name="AsPinnedEnumerable" signature="(StirlingLabs.Utilities.BigSpan`1&lt;T&gt;,System.Func`2&lt;System.Collections.Generic.IEnumerable`1&lt;T&gt;,TResult&gt;)" line-rate="0" branch-rate="0" complexity="2">
              <lines>
                <line number="95" hits="0" branch="True" condition-coverage="0% (0/2)">
                  <conditions>
                    <condition number="1" type="jump" coverage="0%" />
                  </conditions>
                </line>
                <line number="97" hits="0" branch="False" />
                <line number="100" hits="0" branch="False" />
                <line number="101" hits="0" branch="False" />
              </lines>
            </method>
            <method name="AsPinnedEnumerable" signature="(StirlingLabs.Utilities.ReadOnlyBigSpan`1&lt;T&gt;,System.Action`1&lt;System.Collections.Generic.IEnumerable`1&lt;T&gt;&gt;)" line-rate="0" branch-rate="0" complexity="2">
              <lines>
                <line number="110" hits="0" branch="True" condition-coverage="0% (0/2)">
                  <conditions>
                    <condition number="1" type="jump" coverage="0%" />
                  </conditions>
                </line>
                <line number="112" hits="0" branch="False" />
                <line number="115" hits="0" branch="False" />
                <line number="116" hits="0" branch="False" />
                <line number="117" hits="0" branch="False" />
              </lines>
            </method>
            <method name="AsPinnedEnumerable" signature="(StirlingLabs.Utilities.ReadOnlyBigSpan`1&lt;T&gt;,System.Func`2&lt;System.Collections.Generic.IEnumerable`1&lt;T&gt;,TResult&gt;)" line-rate="0" branch-rate="0" complexity="2">
              <lines>
                <line number="125" hits="0" branch="True" condition-coverage="0% (0/2)">
                  <conditions>
                    <condition number="1" type="jump" coverage="0%" />
                  </conditions>
                </line>
                <line number="127" hits="0" branch="False" />
                <line number="130" hits="0" branch="False" />
                <line number="131" hits="0" branch="False" />
              </lines>
            </method>
          </methods>
          <lines>
            <line number="19" hits="0" branch="True" condition-coverage="0% (0/2)">
              <conditions>
                <condition number="1" type="jump" coverage="0%" />
              </conditions>
            </line>
            <line number="21" hits="0" branch="False" />
            <line number="24" hits="0" branch="False" />
            <line number="25" hits="0" branch="False" />
            <line number="26" hits="0" branch="False" />
            <line number="34" hits="0" branch="True" condition-coverage="0% (0/2)">
              <conditions>
                <condition number="1" type="jump" coverage="0%" />
              </conditions>
            </line>
            <line number="36" hits="0" branch="False" />
            <line number="39" hits="0" branch="False" />
            <line number="40" hits="0" branch="False" />
            <line number="49" hits="0" branch="True" condition-coverage="0% (0/2)">
              <conditions>
                <condition number="1" type="jump" coverage="0%" />
              </conditions>
            </line>
            <line number="51" hits="0" branch="False" />
            <line number="54" hits="0" branch="False" />
            <line number="55" hits="0" branch="False" />
            <line number="56" hits="0" branch="False" />
            <line number="65" hits="0" branch="True" condition-coverage="0% (0/2)">
              <conditions>
                <condition number="1" type="jump" coverage="0%" />
              </conditions>
            </line>
            <line number="67" hits="0" branch="False" />
            <line number="70" hits="0" branch="False" />
            <line number="71" hits="0" branch="False" />
            <line number="80" hits="3" branch="True" condition-coverage="50% (1/2)">
              <conditions>
                <condition number="1" type="jump" coverage="50%" />
              </conditions>
            </line>
            <line number="82" hits="3" branch="False" />
            <line number="85" hits="3" branch="False" />
            <line number="86" hits="3" branch="False" />
            <line number="87" hits="3" branch="False" />
            <line number="95" hits="0" branch="True" condition-coverage="0% (0/2)">
              <conditions>
                <condition number="1" type="jump" coverage="0%" />
              </conditions>
            </line>
            <line number="97" hits="0" branch="False" />
            <line number="100" hits="0" branch="False" />
            <line number="101" hits="0" branch="False" />
            <line number="110" hits="0" branch="True" condition-coverage="0% (0/2)">
              <conditions>
                <condition number="1" type="jump" coverage="0%" />
              </conditions>
            </line>
            <line number="112" hits="0" branch="False" />
            <line number="115" hits="0" branch="False" />
            <line number="116" hits="0" branch="False" />
            <line number="117" hits="0" branch="False" />
            <line number="125" hits="0" branch="True" condition-coverage="0% (0/2)">
              <conditions>
                <condition number="1" type="jump" coverage="0%" />
              </conditions>
            </line>
            <line number="127" hits="0" branch="False" />
            <line number="130" hits="0" branch="False" />
            <line number="131" hits="0" branch="False" />
          </lines>
        </class>
      </classes>
    </package>
  </packages>
</coverage>